# JRE version: Java(TM) SE Runtime Environment (8.0_131-b11) (build 1.8.0_131-b11)
# Java VM: Java HotSpot(TM) 64-Bit Server VM (25.131-b11 mixed mode windows-amd64 compressed oops)
Heap:
 PSYoungGen      total 210944K, used 187931K [0x00000000d6180000, 0x00000000e7d80000, 0x0000000100000000)
  eden space 196096K, 95% used [0x00000000d6180000,0x00000000e1906d98,0x00000000e2100000)
  from space 14848K, 0% used [0x00000000e6f00000,0x00000000e6f00000,0x00000000e7d80000)
  to   space 16896K, 0% used [0x00000000e5c80000,0x00000000e5c80000,0x00000000e6d00000)
 ParOldGen       total 80384K, used 36550K [0x0000000082400000, 0x0000000087280000, 0x00000000d6180000)
  object space 80384K, 45% used [0x0000000082400000,0x00000000847b1980,0x0000000087280000)
 Metaspace       used 41918K, capacity 43478K, committed 43648K, reserved 1087488K
  class space    used 5335K, capacity 5712K, committed 5760K, reserved 1048576K
GC Heap History (10 events):
Event: 3.039 GC heap before
{Heap before GC invocations=6 (full 0):
 PSYoungGen      total 70656K, used 70640K [0x00000000d6180000, 0x00000000dfa80000, 0x0000000100000000)
  eden space 65536K, 100% used [0x00000000d6180000,0x00000000da180000,0x00000000da180000)
  from space 5120K, 99% used [0x00000000da180000,0x00000000da67c050,0x00000000da680000)
  to   space 12800K, 0% used [0x00000000dee00000,0x00000000dee00000,0x00000000dfa80000)
 ParOldGen       total 86016K, used 15938K [0x0000000082400000, 0x0000000087800000, 0x00000000d6180000)
  object space 86016K, 18% used [0x0000000082400000,0x0000000083390a58,0x0000000087800000)
 Metaspace       used 17675K, capacity 18150K, committed 18432K, reserved 1064960K
  class space    used 2060K, capacity 2229K, committed 2304K, reserved 1048576K
Event: 3.050 GC heap after
Heap after GC invocations=6 (full 0):
 PSYoungGen      total 143360K, used 10607K [0x00000000d6180000, 0x00000000dfb80000, 0x0000000100000000)
  eden space 130560K, 0% used [0x00000000d6180000,0x00000000d6180000,0x00000000de100000)
  from space 12800K, 82% used [0x00000000dee00000,0x00000000df85bef0,0x00000000dfa80000)
  to   space 13312K, 0% used [0x00000000de100000,0x00000000de100000,0x00000000dee00000)
 ParOldGen       total 86016K, used 15946K [0x0000000082400000, 0x0000000087800000, 0x00000000d6180000)
  object space 86016K, 18% used [0x0000000082400000,0x0000000083392a58,0x0000000087800000)
 Metaspace       used 17675K, capacity 18150K, committed 18432K, reserved 1064960K
  class space    used 2060K, capacity 2229K, committed 2304K, reserved 1048576K
}
Event: 3.687 GC heap before
{Heap before GC invocations=7 (full 0):
 PSYoungGen      total 143360K, used 86379K [0x00000000d6180000, 0x00000000dfb80000, 0x0000000100000000)
  eden space 130560K, 58% used [0x00000000d6180000,0x00000000dab7f000,0x00000000de100000)
  from space 12800K, 82% used [0x00000000dee00000,0x00000000df85bef0,0x00000000dfa80000)
  to   space 13312K, 0% used [0x00000000de100000,0x00000000de100000,0x00000000dee00000)
 ParOldGen       total 86016K, used 15946K [0x0000000082400000, 0x0000000087800000, 0x00000000d6180000)
  object space 86016K, 18% used [0x0000000082400000,0x0000000083392a58,0x0000000087800000)
 Metaspace       used 20534K, capacity 21144K, committed 21296K, reserved 1069056K
  class space    used 2406K, capacity 2658K, committed 2688K, reserved 1048576K
Event: 3.700 GC heap after
Heap after GC invocations=7 (full 0):
 PSYoungGen      total 143872K, used 12682K [0x00000000d6180000, 0x00000000e7d80000, 0x0000000100000000)
  eden space 130560K, 0% used [0x00000000d6180000,0x00000000d6180000,0x00000000de100000)
  from space 13312K, 95% used [0x00000000de100000,0x00000000ded62b68,0x00000000dee00000)
  to   space 14848K, 0% used [0x00000000e6f00000,0x00000000e6f00000,0x00000000e7d80000)
 ParOldGen       total 86016K, used 17888K [0x0000000082400000, 0x0000000087800000, 0x00000000d6180000)
  object space 86016K, 20% used [0x0000000082400000,0x0000000083578338,0x0000000087800000)
 Metaspace       used 20534K, capacity 21144K, committed 21296K, reserved 1069056K
  class space    used 2406K, capacity 2658K, committed 2688K, reserved 1048576K
}
Event: 3.700 GC heap before
{Heap before GC invocations=8 (full 1):
 PSYoungGen      total 143872K, used 12682K [0x00000000d6180000, 0x00000000e7d80000, 0x0000000100000000)
  eden space 130560K, 0% used [0x00000000d6180000,0x00000000d6180000,0x00000000de100000)
  from space 13312K, 95% used [0x00000000de100000,0x00000000ded62b68,0x00000000dee00000)
  to   space 14848K, 0% used [0x00000000e6f00000,0x00000000e6f00000,0x00000000e7d80000)
 ParOldGen       total 86016K, used 17888K [0x0000000082400000, 0x0000000087800000, 0x00000000d6180000)
  object space 86016K, 20% used [0x0000000082400000,0x0000000083578338,0x0000000087800000)
 Metaspace       used 20534K, capacity 21144K, committed 21296K, reserved 1069056K
  class space    used 2406K, capacity 2658K, committed 2688K, reserved 1048576K
Event: 3.770 GC heap after
Heap after GC invocations=8 (full 1):
 PSYoungGen      total 143872K, used 0K [0x00000000d6180000, 0x00000000e7d80000, 0x0000000100000000)
  eden space 130560K, 0% used [0x00000000d6180000,0x00000000d6180000,0x00000000de100000)
  from space 13312K, 0% used [0x00000000de100000,0x00000000de100000,0x00000000dee00000)
  to   space 14848K, 0% used [0x00000000e6f00000,0x00000000e6f00000,0x00000000e7d80000)
 ParOldGen       total 80384K, used 24303K [0x0000000082400000, 0x0000000087280000, 0x00000000d6180000)
  object space 80384K, 30% used [0x0000000082400000,0x0000000083bbbf50,0x0000000087280000)
 Metaspace       used 20534K, capacity 21144K, committed 21296K, reserved 1069056K
  class space    used 2406K, capacity 2658K, committed 2688K, reserved 1048576K
}
Event: 4.485 GC heap before
{Heap before GC invocations=9 (full 1):
 PSYoungGen      total 143872K, used 120853K [0x00000000d6180000, 0x00000000e7d80000, 0x0000000100000000)
  eden space 130560K, 92% used [0x00000000d6180000,0x00000000dd785500,0x00000000de100000)
  from space 13312K, 0% used [0x00000000de100000,0x00000000de100000,0x00000000dee00000)
  to   space 14848K, 0% used [0x00000000e6f00000,0x00000000e6f00000,0x00000000e7d80000)
 ParOldGen       total 80384K, used 24303K [0x0000000082400000, 0x0000000087280000, 0x00000000d6180000)
  object space 80384K, 30% used [0x0000000082400000,0x0000000083bbbf50,0x0000000087280000)
 Metaspace       used 34321K, capacity 35342K, committed 35456K, reserved 1079296K
  class space    used 4301K, capacity 4624K, committed 4736K, reserved 1048576K
Event: 4.496 GC heap after
Heap after GC invocations=9 (full 1):
 PSYoungGen      total 210944K, used 14826K [0x00000000d6180000, 0x00000000e7d80000, 0x0000000100000000)
  eden space 196096K, 0% used [0x00000000d6180000,0x00000000d6180000,0x00000000e2100000)
  from space 14848K, 99% used [0x00000000e6f00000,0x00000000e7d7a810,0x00000000e7d80000)
  to   space 16896K, 0% used [0x00000000e5c80000,0x00000000e5c80000,0x00000000e6d00000)
 ParOldGen       total 80384K, used 24538K [0x0000000082400000, 0x0000000087280000, 0x00000000d6180000)
  object space 80384K, 30% used [0x0000000082400000,0x0000000083bf6a60,0x0000000087280000)
 Metaspace       used 34321K, capacity 35342K, committed 35456K, reserved 1079296K
  class space    used 4301K, capacity 4624K, committed 4736K, reserved 1048576K
}
Event: 4.496 GC heap before
{Heap before GC invocations=10 (full 2):
 PSYoungGen      total 210944K, used 14826K [0x00000000d6180000, 0x00000000e7d80000, 0x0000000100000000)
  eden space 196096K, 0% used [0x00000000d6180000,0x00000000d6180000,0x00000000e2100000)
  from space 14848K, 99% used [0x00000000e6f00000,0x00000000e7d7a810,0x00000000e7d80000)
  to   space 16896K, 0% used [0x00000000e5c80000,0x00000000e5c80000,0x00000000e6d00000)
 ParOldGen       total 80384K, used 24538K [0x0000000082400000, 0x0000000087280000, 0x00000000d6180000)
  object space 80384K, 30% used [0x0000000082400000,0x0000000083bf6a60,0x0000000087280000)
 Metaspace       used 34321K, capacity 35342K, committed 35456K, reserved 1079296K
  class space    used 4301K, capacity 4624K, committed 4736K, reserved 1048576K
Event: 4.535 GC heap after
Heap after GC invocations=10 (full 2):
 PSYoungGen      total 210944K, used 0K [0x00000000d6180000, 0x00000000e7d80000, 0x0000000100000000)
  eden space 196096K, 0% used [0x00000000d6180000,0x00000000d6180000,0x00000000e2100000)
  from space 14848K, 0% used [0x00000000e6f00000,0x00000000e6f00000,0x00000000e7d80000)
  to   space 16896K, 0% used [0x00000000e5c80000,0x00000000e5c80000,0x00000000e6d00000)
 ParOldGen       total 80384K, used 36550K [0x0000000082400000, 0x0000000087280000, 0x00000000d6180000)
  object space 80384K, 45% used [0x0000000082400000,0x00000000847b1980,0x0000000087280000)
 Metaspace       used 34321K, capacity 35342K, committed 35456K, reserved 1079296K
  class space    used 4301K, capacity 4624K, committed 4736K, reserved 1048576K
}

