# JRE version: Java(TM) SE Runtime Environment (8.0_131-b11) (build 1.8.0_131-b11)
# Java VM: Java HotSpot(TM) 64-Bit Server VM (25.131-b11 mixed mode windows-amd64 compressed oops)
Heap:
 PSYoungGen      total 207360K, used 96349K [0x00000000d6180000, 0x00000000e7e80000, 0x0000000100000000)
  eden space 192512K, 50% used [0x00000000d6180000,0x00000000dbf97480,0x00000000e1d80000)
  from space 14848K, 0% used [0x00000000e7000000,0x00000000e7000000,0x00000000e7e80000)
  to   space 16896K, 0% used [0x00000000e5d80000,0x00000000e5d80000,0x00000000e6e00000)
 ParOldGen       total 81920K, used 36394K [0x0000000082400000, 0x0000000087400000, 0x00000000d6180000)
  object space 81920K, 44% used [0x0000000082400000,0x000000008478a8e8,0x0000000087400000)
 Metaspace       used 37241K, capacity 38424K, committed 38656K, reserved 1083392K
  class space    used 4661K, capacity 5015K, committed 5120K, reserved 1048576K
GC Heap History (10 events):
Event: 2.531 GC heap before
{Heap before GC invocations=6 (full 0):
 PSYoungGen      total 70656K, used 70624K [0x00000000d6180000, 0x00000000dfb80000, 0x0000000100000000)
  eden space 65536K, 100% used [0x00000000d6180000,0x00000000da180000,0x00000000da180000)
  from space 5120K, 99% used [0x00000000da180000,0x00000000da678040,0x00000000da680000)
  to   space 13312K, 0% used [0x00000000dee80000,0x00000000dee80000,0x00000000dfb80000)
 ParOldGen       total 86016K, used 16283K [0x0000000082400000, 0x0000000087800000, 0x00000000d6180000)
  object space 86016K, 18% used [0x0000000082400000,0x00000000833e6eb0,0x0000000087800000)
 Metaspace       used 17511K, capacity 18022K, committed 18176K, reserved 1064960K
  class space    used 2051K, capacity 2229K, committed 2304K, reserved 1048576K
Event: 2.541 GC heap after
Heap after GC invocations=6 (full 0):
 PSYoungGen      total 144384K, used 10381K [0x00000000d6180000, 0x00000000dfb80000, 0x0000000100000000)
  eden space 131072K, 0% used [0x00000000d6180000,0x00000000d6180000,0x00000000de180000)
  from space 13312K, 77% used [0x00000000dee80000,0x00000000df8a35c8,0x00000000dfb80000)
  to   space 13312K, 0% used [0x00000000de180000,0x00000000de180000,0x00000000dee80000)
 ParOldGen       total 86016K, used 16291K [0x0000000082400000, 0x0000000087800000, 0x00000000d6180000)
  object space 86016K, 18% used [0x0000000082400000,0x00000000833e8eb0,0x0000000087800000)
 Metaspace       used 17511K, capacity 18022K, committed 18176K, reserved 1064960K
  class space    used 2051K, capacity 2229K, committed 2304K, reserved 1048576K
}
Event: 3.208 GC heap before
{Heap before GC invocations=7 (full 0):
 PSYoungGen      total 144384K, used 86493K [0x00000000d6180000, 0x00000000dfb80000, 0x0000000100000000)
  eden space 131072K, 58% used [0x00000000d6180000,0x00000000dabd3f50,0x00000000de180000)
  from space 13312K, 77% used [0x00000000dee80000,0x00000000df8a35c8,0x00000000dfb80000)
  to   space 13312K, 0% used [0x00000000de180000,0x00000000de180000,0x00000000dee80000)
 ParOldGen       total 86016K, used 16291K [0x0000000082400000, 0x0000000087800000, 0x00000000d6180000)
  object space 86016K, 18% used [0x0000000082400000,0x00000000833e8eb0,0x0000000087800000)
 Metaspace       used 20523K, capacity 21144K, committed 21296K, reserved 1069056K
  class space    used 2407K, capacity 2658K, committed 2688K, reserved 1048576K
Event: 3.222 GC heap after
Heap after GC invocations=7 (full 0):
 PSYoungGen      total 144384K, used 12859K [0x00000000d6180000, 0x00000000e7e80000, 0x0000000100000000)
  eden space 131072K, 0% used [0x00000000d6180000,0x00000000d6180000,0x00000000de180000)
  from space 13312K, 96% used [0x00000000de180000,0x00000000dee0ee70,0x00000000dee80000)
  to   space 14848K, 0% used [0x00000000e7000000,0x00000000e7000000,0x00000000e7e80000)
 ParOldGen       total 86016K, used 18159K [0x0000000082400000, 0x0000000087800000, 0x00000000d6180000)
  object space 86016K, 21% used [0x0000000082400000,0x00000000835bbf70,0x0000000087800000)
 Metaspace       used 20523K, capacity 21144K, committed 21296K, reserved 1069056K
  class space    used 2407K, capacity 2658K, committed 2688K, reserved 1048576K
}
Event: 3.222 GC heap before
{Heap before GC invocations=8 (full 1):
 PSYoungGen      total 144384K, used 12859K [0x00000000d6180000, 0x00000000e7e80000, 0x0000000100000000)
  eden space 131072K, 0% used [0x00000000d6180000,0x00000000d6180000,0x00000000de180000)
  from space 13312K, 96% used [0x00000000de180000,0x00000000dee0ee70,0x00000000dee80000)
  to   space 14848K, 0% used [0x00000000e7000000,0x00000000e7000000,0x00000000e7e80000)
 ParOldGen       total 86016K, used 18159K [0x0000000082400000, 0x0000000087800000, 0x00000000d6180000)
  object space 86016K, 21% used [0x0000000082400000,0x00000000835bbf70,0x0000000087800000)
 Metaspace       used 20523K, capacity 21144K, committed 21296K, reserved 1069056K
  class space    used 2407K, capacity 2658K, committed 2688K, reserved 1048576K
Event: 3.290 GC heap after
Heap after GC invocations=8 (full 1):
 PSYoungGen      total 144384K, used 0K [0x00000000d6180000, 0x00000000e7e80000, 0x0000000100000000)
  eden space 131072K, 0% used [0x00000000d6180000,0x00000000d6180000,0x00000000de180000)
  from space 13312K, 0% used [0x00000000de180000,0x00000000de180000,0x00000000dee80000)
  to   space 14848K, 0% used [0x00000000e7000000,0x00000000e7000000,0x00000000e7e80000)
 ParOldGen       total 81920K, used 24419K [0x0000000082400000, 0x0000000087400000, 0x00000000d6180000)
  object space 81920K, 29% used [0x0000000082400000,0x0000000083bd8ec8,0x0000000087400000)
 Metaspace       used 20523K, capacity 21144K, committed 21296K, reserved 1069056K
  class space    used 2407K, capacity 2658K, committed 2688K, reserved 1048576K
}
Event: 3.995 GC heap before
{Heap before GC invocations=9 (full 1):
 PSYoungGen      total 144384K, used 120510K [0x00000000d6180000, 0x00000000e7e80000, 0x0000000100000000)
  eden space 131072K, 91% used [0x00000000d6180000,0x00000000dd72fa70,0x00000000de180000)
  from space 13312K, 0% used [0x00000000de180000,0x00000000de180000,0x00000000dee80000)
  to   space 14848K, 0% used [0x00000000e7000000,0x00000000e7000000,0x00000000e7e80000)
 ParOldGen       total 81920K, used 24419K [0x0000000082400000, 0x0000000087400000, 0x00000000d6180000)
  object space 81920K, 29% used [0x0000000082400000,0x0000000083bd8ec8,0x0000000087400000)
 Metaspace       used 34279K, capacity 35322K, committed 35456K, reserved 1079296K
  class space    used 4295K, capacity 4620K, committed 4736K, reserved 1048576K
Event: 4.006 GC heap after
Heap after GC invocations=9 (full 1):
 PSYoungGen      total 207360K, used 14831K [0x00000000d6180000, 0x00000000e7e80000, 0x0000000100000000)
  eden space 192512K, 0% used [0x00000000d6180000,0x00000000d6180000,0x00000000e1d80000)
  from space 14848K, 99% used [0x00000000e7000000,0x00000000e7e7bec0,0x00000000e7e80000)
  to   space 16896K, 0% used [0x00000000e5d80000,0x00000000e5d80000,0x00000000e6e00000)
 ParOldGen       total 81920K, used 24496K [0x0000000082400000, 0x0000000087400000, 0x00000000d6180000)
  object space 81920K, 29% used [0x0000000082400000,0x0000000083bec018,0x0000000087400000)
 Metaspace       used 34279K, capacity 35322K, committed 35456K, reserved 1079296K
  class space    used 4295K, capacity 4620K, committed 4736K, reserved 1048576K
}
Event: 4.006 GC heap before
{Heap before GC invocations=10 (full 2):
 PSYoungGen      total 207360K, used 14831K [0x00000000d6180000, 0x00000000e7e80000, 0x0000000100000000)
  eden space 192512K, 0% used [0x00000000d6180000,0x00000000d6180000,0x00000000e1d80000)
  from space 14848K, 99% used [0x00000000e7000000,0x00000000e7e7bec0,0x00000000e7e80000)
  to   space 16896K, 0% used [0x00000000e5d80000,0x00000000e5d80000,0x00000000e6e00000)
 ParOldGen       total 81920K, used 24496K [0x0000000082400000, 0x0000000087400000, 0x00000000d6180000)
  object space 81920K, 29% used [0x0000000082400000,0x0000000083bec018,0x0000000087400000)
 Metaspace       used 34279K, capacity 35322K, committed 35456K, reserved 1079296K
  class space    used 4295K, capacity 4620K, committed 4736K, reserved 1048576K
Event: 4.046 GC heap after
Heap after GC invocations=10 (full 2):
 PSYoungGen      total 207360K, used 0K [0x00000000d6180000, 0x00000000e7e80000, 0x0000000100000000)
  eden space 192512K, 0% used [0x00000000d6180000,0x00000000d6180000,0x00000000e1d80000)
  from space 14848K, 0% used [0x00000000e7000000,0x00000000e7000000,0x00000000e7e80000)
  to   space 16896K, 0% used [0x00000000e5d80000,0x00000000e5d80000,0x00000000e6e00000)
 ParOldGen       total 81920K, used 36394K [0x0000000082400000, 0x0000000087400000, 0x00000000d6180000)
  object space 81920K, 44% used [0x0000000082400000,0x000000008478a8e8,0x0000000087400000)
 Metaspace       used 34279K, capacity 35322K, committed 35456K, reserved 1079296K
  class space    used 4295K, capacity 4620K, committed 4736K, reserved 1048576K
}

