# JRE version: Java(TM) SE Runtime Environment (8.0_131-b11) (build 1.8.0_131-b11)
# Java VM: Java HotSpot(TM) 64-Bit Server VM (25.131-b11 mixed mode windows-amd64 compressed oops)
Heap:
 PSYoungGen      total 70656K, used 7417K [0x00000000d6180000, 0x00000000dab80000, 0x0000000100000000)
  eden space 65536K, 4% used [0x00000000d6180000,0x00000000d644a650,0x00000000da180000)
  from space 5120K, 89% used [0x00000000da680000,0x00000000daaf40e0,0x00000000dab80000)
  to   space 5120K, 0% used [0x00000000da180000,0x00000000da180000,0x00000000da680000)
 ParOldGen       total 56832K, used 8039K [0x0000000082400000, 0x0000000085b80000, 0x00000000d6180000)
  object space 56832K, 14% used [0x0000000082400000,0x0000000082bd9d78,0x0000000085b80000)
 Metaspace       used 24134K, capacity 24978K, committed 25088K, reserved 1071104K
  class space    used 3112K, capacity 3322K, committed 3328K, reserved 1048576K
GC Heap History (10 events):
Event: 1.051 GC heap before
{Heap before GC invocations=3 (full 0):
 PSYoungGen      total 37888K, used 37179K [0x00000000d6180000, 0x00000000dab80000, 0x0000000100000000)
  eden space 32768K, 100% used [0x00000000d6180000,0x00000000d8180000,0x00000000d8180000)
  from space 5120K, 86% used [0x00000000d8680000,0x00000000d8acee10,0x00000000d8b80000)
  to   space 5120K, 0% used [0x00000000d8180000,0x00000000d8180000,0x00000000d8680000)
 ParOldGen       total 86016K, used 24K [0x0000000082400000, 0x0000000087800000, 0x00000000d6180000)
  object space 86016K, 0% used [0x0000000082400000,0x0000000082406000,0x0000000087800000)
 Metaspace       used 15089K, capacity 15564K, committed 15616K, reserved 1062912K
  class space    used 1907K, capacity 2035K, committed 2048K, reserved 1048576K
Event: 1.057 GC heap after
Heap after GC invocations=3 (full 0):
 PSYoungGen      total 37888K, used 5091K [0x00000000d6180000, 0x00000000dab80000, 0x0000000100000000)
  eden space 32768K, 0% used [0x00000000d6180000,0x00000000d6180000,0x00000000d8180000)
  from space 5120K, 99% used [0x00000000d8180000,0x00000000d8678fe0,0x00000000d8680000)
  to   space 5120K, 0% used [0x00000000da680000,0x00000000da680000,0x00000000dab80000)
 ParOldGen       total 86016K, used 461K [0x0000000082400000, 0x0000000087800000, 0x00000000d6180000)
  object space 86016K, 0% used [0x0000000082400000,0x0000000082473480,0x0000000087800000)
 Metaspace       used 15089K, capacity 15564K, committed 15616K, reserved 1062912K
  class space    used 1907K, capacity 2035K, committed 2048K, reserved 1048576K
}
Event: 1.190 GC heap before
{Heap before GC invocations=4 (full 0):
 PSYoungGen      total 37888K, used 37859K [0x00000000d6180000, 0x00000000dab80000, 0x0000000100000000)
  eden space 32768K, 100% used [0x00000000d6180000,0x00000000d8180000,0x00000000d8180000)
  from space 5120K, 99% used [0x00000000d8180000,0x00000000d8678fe0,0x00000000d8680000)
  to   space 5120K, 0% used [0x00000000da680000,0x00000000da680000,0x00000000dab80000)
 ParOldGen       total 86016K, used 461K [0x0000000082400000, 0x0000000087800000, 0x00000000d6180000)
  object space 86016K, 0% used [0x0000000082400000,0x0000000082473508,0x0000000087800000)
 Metaspace       used 16973K, capacity 17520K, committed 17792K, reserved 1064960K
  class space    used 2232K, capacity 2401K, committed 2432K, reserved 1048576K
Event: 1.196 GC heap after
Heap after GC invocations=4 (full 0):
 PSYoungGen      total 70656K, used 5092K [0x00000000d6180000, 0x00000000dab80000, 0x0000000100000000)
  eden space 65536K, 0% used [0x00000000d6180000,0x00000000d6180000,0x00000000da180000)
  from space 5120K, 99% used [0x00000000da680000,0x00000000dab790e0,0x00000000dab80000)
  to   space 5120K, 0% used [0x00000000da180000,0x00000000da180000,0x00000000da680000)
 ParOldGen       total 86016K, used 1387K [0x0000000082400000, 0x0000000087800000, 0x00000000d6180000)
  object space 86016K, 1% used [0x0000000082400000,0x000000008255ac48,0x0000000087800000)
 Metaspace       used 16973K, capacity 17520K, committed 17792K, reserved 1064960K
  class space    used 2232K, capacity 2401K, committed 2432K, reserved 1048576K
}
Event: 1.411 GC heap before
{Heap before GC invocations=5 (full 0):
 PSYoungGen      total 70656K, used 41523K [0x00000000d6180000, 0x00000000dab80000, 0x0000000100000000)
  eden space 65536K, 55% used [0x00000000d6180000,0x00000000d8513d98,0x00000000da180000)
  from space 5120K, 99% used [0x00000000da680000,0x00000000dab790e0,0x00000000dab80000)
  to   space 5120K, 0% used [0x00000000da180000,0x00000000da180000,0x00000000da680000)
 ParOldGen       total 86016K, used 1387K [0x0000000082400000, 0x0000000087800000, 0x00000000d6180000)
  object space 86016K, 1% used [0x0000000082400000,0x000000008255ac48,0x0000000087800000)
 Metaspace       used 20528K, capacity 21216K, committed 21248K, reserved 1067008K
  class space    used 2631K, capacity 2807K, committed 2816K, reserved 1048576K
Event: 1.420 GC heap after
Heap after GC invocations=5 (full 0):
 PSYoungGen      total 70656K, used 5093K [0x00000000d6180000, 0x00000000dab80000, 0x0000000100000000)
  eden space 65536K, 0% used [0x00000000d6180000,0x00000000d6180000,0x00000000da180000)
  from space 5120K, 99% used [0x00000000da180000,0x00000000da679740,0x00000000da680000)
  to   space 5120K, 0% used [0x00000000da680000,0x00000000da680000,0x00000000dab80000)
 ParOldGen       total 86016K, used 4458K [0x0000000082400000, 0x0000000087800000, 0x00000000d6180000)
  object space 86016K, 5% used [0x0000000082400000,0x000000008285a9a8,0x0000000087800000)
 Metaspace       used 20528K, capacity 21216K, committed 21248K, reserved 1067008K
  class space    used 2631K, capacity 2807K, committed 2816K, reserved 1048576K
}
Event: 1.420 GC heap before
{Heap before GC invocations=6 (full 1):
 PSYoungGen      total 70656K, used 5093K [0x00000000d6180000, 0x00000000dab80000, 0x0000000100000000)
  eden space 65536K, 0% used [0x00000000d6180000,0x00000000d6180000,0x00000000da180000)
  from space 5120K, 99% used [0x00000000da180000,0x00000000da679740,0x00000000da680000)
  to   space 5120K, 0% used [0x00000000da680000,0x00000000da680000,0x00000000dab80000)
 ParOldGen       total 86016K, used 4458K [0x0000000082400000, 0x0000000087800000, 0x00000000d6180000)
  object space 86016K, 5% used [0x0000000082400000,0x000000008285a9a8,0x0000000087800000)
 Metaspace       used 20528K, capacity 21216K, committed 21248K, reserved 1067008K
  class space    used 2631K, capacity 2807K, committed 2816K, reserved 1048576K
Event: 1.446 GC heap after
Heap after GC invocations=6 (full 1):
 PSYoungGen      total 70656K, used 0K [0x00000000d6180000, 0x00000000dab80000, 0x0000000100000000)
  eden space 65536K, 0% used [0x00000000d6180000,0x00000000d6180000,0x00000000da180000)
  from space 5120K, 0% used [0x00000000da180000,0x00000000da180000,0x00000000da680000)
  to   space 5120K, 0% used [0x00000000da680000,0x00000000da680000,0x00000000dab80000)
 ParOldGen       total 56832K, used 8028K [0x0000000082400000, 0x0000000085b80000, 0x00000000d6180000)
  object space 56832K, 14% used [0x0000000082400000,0x0000000082bd7348,0x0000000085b80000)
 Metaspace       used 20528K, capacity 21216K, committed 21248K, reserved 1067008K
  class space    used 2631K, capacity 2807K, committed 2816K, reserved 1048576K
}
Event: 1.646 GC heap before
{Heap before GC invocations=7 (full 1):
 PSYoungGen      total 70656K, used 65536K [0x00000000d6180000, 0x00000000dab80000, 0x0000000100000000)
  eden space 65536K, 100% used [0x00000000d6180000,0x00000000da180000,0x00000000da180000)
  from space 5120K, 0% used [0x00000000da180000,0x00000000da180000,0x00000000da680000)
  to   space 5120K, 0% used [0x00000000da680000,0x00000000da680000,0x00000000dab80000)
 ParOldGen       total 56832K, used 8031K [0x0000000082400000, 0x0000000085b80000, 0x00000000d6180000)
  object space 56832K, 14% used [0x0000000082400000,0x0000000082bd7d78,0x0000000085b80000)
 Metaspace       used 24024K, capacity 24852K, committed 25088K, reserved 1071104K
  class space    used 3099K, capacity 3311K, committed 3328K, reserved 1048576K
Event: 1.649 GC heap after
Heap after GC invocations=7 (full 1):
 PSYoungGen      total 70656K, used 4560K [0x00000000d6180000, 0x00000000dab80000, 0x0000000100000000)
  eden space 65536K, 0% used [0x00000000d6180000,0x00000000d6180000,0x00000000da180000)
  from space 5120K, 89% used [0x00000000da680000,0x00000000daaf40e0,0x00000000dab80000)
  to   space 5120K, 0% used [0x00000000da180000,0x00000000da180000,0x00000000da680000)
 ParOldGen       total 56832K, used 8039K [0x0000000082400000, 0x0000000085b80000, 0x00000000d6180000)
  object space 56832K, 14% used [0x0000000082400000,0x0000000082bd9d78,0x0000000085b80000)
 Metaspace       used 24024K, capacity 24852K, committed 25088K, reserved 1071104K
  class space    used 3099K, capacity 3311K, committed 3328K, reserved 1048576K
}

