# JRE version: Java(TM) SE Runtime Environment (8.0_131-b11) (build 1.8.0_131-b11)
# Java VM: Java HotSpot(TM) 64-Bit Server VM (25.131-b11 mixed mode windows-amd64 compressed oops)
Heap:
 PSYoungGen      total 180736K, used 92554K [0x00000000d6180000, 0x00000000e5480000, 0x0000000100000000)
  eden space 170496K, 48% used [0x00000000d6180000,0x00000000db1e4ef0,0x00000000e0800000)
  from space 10240K, 99% used [0x00000000e0800000,0x00000000e11fda38,0x00000000e1200000)
  to   space 13824K, 0% used [0x00000000e4700000,0x00000000e4700000,0x00000000e5480000)
 ParOldGen       total 80896K, used 18459K [0x0000000082400000, 0x0000000087300000, 0x00000000d6180000)
  object space 80896K, 22% used [0x0000000082400000,0x0000000083606df0,0x0000000087300000)
 Metaspace       used 50170K, capacity 52406K, committed 52696K, reserved 1095680K
  class space    used 6469K, capacity 6856K, committed 6872K, reserved 1048576K
GC Heap History (10 events):
Event: 1.275 GC heap before
{Heap before GC invocations=7 (full 1):
 PSYoungGen      total 70656K, used 65536K [0x00000000d6180000, 0x00000000df080000, 0x0000000100000000)
  eden space 65536K, 100% used [0x00000000d6180000,0x00000000da180000,0x00000000da180000)
  from space 5120K, 0% used [0x00000000da180000,0x00000000da180000,0x00000000da680000)
  to   space 7680K, 0% used [0x00000000de900000,0x00000000de900000,0x00000000df080000)
 ParOldGen       total 53248K, used 6494K [0x0000000082400000, 0x0000000085800000, 0x00000000d6180000)
  object space 53248K, 12% used [0x0000000082400000,0x0000000082a57888,0x0000000085800000)
 Metaspace       used 24755K, capacity 25598K, committed 25728K, reserved 1071104K
  class space    used 3179K, capacity 3382K, committed 3456K, reserved 1048576K
Event: 1.280 GC heap after
Heap after GC invocations=7 (full 1):
 PSYoungGen      total 113152K, used 5550K [0x00000000d6180000, 0x00000000dee80000, 0x0000000100000000)
  eden space 107520K, 0% used [0x00000000d6180000,0x00000000d6180000,0x00000000dca80000)
  from space 5632K, 98% used [0x00000000de900000,0x00000000dee6bb68,0x00000000dee80000)
  to   space 7680K, 0% used [0x00000000ddf80000,0x00000000ddf80000,0x00000000de700000)
 ParOldGen       total 53248K, used 6502K [0x0000000082400000, 0x0000000085800000, 0x00000000d6180000)
  object space 53248K, 12% used [0x0000000082400000,0x0000000082a59888,0x0000000085800000)
 Metaspace       used 24755K, capacity 25598K, committed 25728K, reserved 1071104K
  class space    used 3179K, capacity 3382K, committed 3456K, reserved 1048576K
}
Event: 2.468 GC heap before
{Heap before GC invocations=8 (full 1):
 PSYoungGen      total 113152K, used 113070K [0x00000000d6180000, 0x00000000dee80000, 0x0000000100000000)
  eden space 107520K, 100% used [0x00000000d6180000,0x00000000dca80000,0x00000000dca80000)
  from space 5632K, 98% used [0x00000000de900000,0x00000000dee6bb68,0x00000000dee80000)
  to   space 7680K, 0% used [0x00000000ddf80000,0x00000000ddf80000,0x00000000de700000)
 ParOldGen       total 53248K, used 6502K [0x0000000082400000, 0x0000000085800000, 0x00000000d6180000)
  object space 53248K, 12% used [0x0000000082400000,0x0000000082a59888,0x0000000085800000)
 Metaspace       used 32390K, capacity 33764K, committed 33920K, reserved 1079296K
  class space    used 4129K, capacity 4367K, committed 4480K, reserved 1048576K
Event: 2.479 GC heap after
Heap after GC invocations=8 (full 1):
 PSYoungGen      total 136704K, used 7679K [0x00000000d6180000, 0x00000000e1b80000, 0x0000000100000000)
  eden space 129024K, 0% used [0x00000000d6180000,0x00000000d6180000,0x00000000ddf80000)
  from space 7680K, 99% used [0x00000000ddf80000,0x00000000de6ffe50,0x00000000de700000)
  to   space 9728K, 0% used [0x00000000e1200000,0x00000000e1200000,0x00000000e1b80000)
 ParOldGen       total 53248K, used 9573K [0x0000000082400000, 0x0000000085800000, 0x00000000d6180000)
  object space 53248K, 17% used [0x0000000082400000,0x0000000082d59458,0x0000000085800000)
 Metaspace       used 32390K, capacity 33764K, committed 33920K, reserved 1079296K
  class space    used 4129K, capacity 4367K, committed 4480K, reserved 1048576K
}
Event: 2.585 GC heap before
{Heap before GC invocations=9 (full 1):
 PSYoungGen      total 136704K, used 22193K [0x00000000d6180000, 0x00000000e1b80000, 0x0000000100000000)
  eden space 129024K, 11% used [0x00000000d6180000,0x00000000d6fac728,0x00000000ddf80000)
  from space 7680K, 99% used [0x00000000ddf80000,0x00000000de6ffe50,0x00000000de700000)
  to   space 9728K, 0% used [0x00000000e1200000,0x00000000e1200000,0x00000000e1b80000)
 ParOldGen       total 53248K, used 9573K [0x0000000082400000, 0x0000000085800000, 0x00000000d6180000)
  object space 53248K, 17% used [0x0000000082400000,0x0000000082d59458,0x0000000085800000)
 Metaspace       used 33998K, capacity 35308K, committed 35416K, reserved 1079296K
  class space    used 4373K, capacity 4625K, committed 4696K, reserved 1048576K
Event: 2.590 GC heap after
Heap after GC invocations=9 (full 1):
 PSYoungGen      total 180224K, used 7876K [0x00000000d6180000, 0x00000000e4380000, 0x0000000100000000)
  eden space 170496K, 0% used [0x00000000d6180000,0x00000000d6180000,0x00000000e0800000)
  from space 9728K, 80% used [0x00000000e1200000,0x00000000e19b1090,0x00000000e1b80000)
  to   space 10240K, 0% used [0x00000000e0800000,0x00000000e0800000,0x00000000e1200000)
 ParOldGen       total 53248K, used 9581K [0x0000000082400000, 0x0000000085800000, 0x00000000d6180000)
  object space 53248K, 17% used [0x0000000082400000,0x0000000082d5b458,0x0000000085800000)
 Metaspace       used 33998K, capacity 35308K, committed 35416K, reserved 1079296K
  class space    used 4373K, capacity 4625K, committed 4696K, reserved 1048576K
}
Event: 2.590 GC heap before
{Heap before GC invocations=10 (full 2):
 PSYoungGen      total 180224K, used 7876K [0x00000000d6180000, 0x00000000e4380000, 0x0000000100000000)
  eden space 170496K, 0% used [0x00000000d6180000,0x00000000d6180000,0x00000000e0800000)
  from space 9728K, 80% used [0x00000000e1200000,0x00000000e19b1090,0x00000000e1b80000)
  to   space 10240K, 0% used [0x00000000e0800000,0x00000000e0800000,0x00000000e1200000)
 ParOldGen       total 53248K, used 9581K [0x0000000082400000, 0x0000000085800000, 0x00000000d6180000)
  object space 53248K, 17% used [0x0000000082400000,0x0000000082d5b458,0x0000000085800000)
 Metaspace       used 33998K, capacity 35308K, committed 35416K, reserved 1079296K
  class space    used 4373K, capacity 4625K, committed 4696K, reserved 1048576K
Event: 2.647 GC heap after
Heap after GC invocations=10 (full 2):
 PSYoungGen      total 180224K, used 0K [0x00000000d6180000, 0x00000000e4380000, 0x0000000100000000)
  eden space 170496K, 0% used [0x00000000d6180000,0x00000000d6180000,0x00000000e0800000)
  from space 9728K, 0% used [0x00000000e1200000,0x00000000e1200000,0x00000000e1b80000)
  to   space 10240K, 0% used [0x00000000e0800000,0x00000000e0800000,0x00000000e1200000)
 ParOldGen       total 80896K, used 12414K [0x0000000082400000, 0x0000000087300000, 0x00000000d6180000)
  object space 80896K, 15% used [0x0000000082400000,0x000000008301f900,0x0000000087300000)
 Metaspace       used 33998K, capacity 35308K, committed 35416K, reserved 1079296K
  class space    used 4373K, capacity 4625K, committed 4696K, reserved 1048576K
}
Event: 3.862 GC heap before
{Heap before GC invocations=11 (full 2):
 PSYoungGen      total 180224K, used 170496K [0x00000000d6180000, 0x00000000e4380000, 0x0000000100000000)
  eden space 170496K, 100% used [0x00000000d6180000,0x00000000e0800000,0x00000000e0800000)
  from space 9728K, 0% used [0x00000000e1200000,0x00000000e1200000,0x00000000e1b80000)
  to   space 10240K, 0% used [0x00000000e0800000,0x00000000e0800000,0x00000000e1200000)
 ParOldGen       total 80896K, used 12414K [0x0000000082400000, 0x0000000087300000, 0x00000000d6180000)
  object space 80896K, 15% used [0x0000000082400000,0x000000008301f900,0x0000000087300000)
 Metaspace       used 47033K, capacity 49022K, committed 49368K, reserved 1091584K
  class space    used 6181K, capacity 6524K, committed 6616K, reserved 1048576K
Event: 3.880 GC heap after
Heap after GC invocations=11 (full 2):
 PSYoungGen      total 180736K, used 10230K [0x00000000d6180000, 0x00000000e5480000, 0x0000000100000000)
  eden space 170496K, 0% used [0x00000000d6180000,0x00000000d6180000,0x00000000e0800000)
  from space 10240K, 99% used [0x00000000e0800000,0x00000000e11fda38,0x00000000e1200000)
  to   space 13824K, 0% used [0x00000000e4700000,0x00000000e4700000,0x00000000e5480000)
 ParOldGen       total 80896K, used 18459K [0x0000000082400000, 0x0000000087300000, 0x00000000d6180000)
  object space 80896K, 22% used [0x0000000082400000,0x0000000083606df0,0x0000000087300000)
 Metaspace       used 47033K, capacity 49022K, committed 49368K, reserved 1091584K
  class space    used 6181K, capacity 6524K, committed 6616K, reserved 1048576K
}

