# JRE version: Java(TM) SE Runtime Environment (8.0_131-b11) (build 1.8.0_131-b11)
# Java VM: Java HotSpot(TM) 64-Bit Server VM (25.131-b11 mixed mode windows-amd64 compressed oops)
Heap:
 PSYoungGen      total 307200K, used 272659K [0x00000000d6180000, 0x00000000ead00000, 0x0000000100000000)
  eden space 284672K, 88% used [0x00000000d6180000,0x00000000e5634eb0,0x00000000e7780000)
  from space 22528K, 98% used [0x00000000e9700000,0x00000000eac8ffd8,0x00000000ead00000)
  to   space 26112K, 0% used [0x00000000e7a00000,0x00000000e7a00000,0x00000000e9380000)
 ParOldGen       total 193024K, used 55130K [0x0000000082400000, 0x000000008e080000, 0x00000000d6180000)
  object space 193024K, 28% used [0x0000000082400000,0x00000000859d69f8,0x000000008e080000)
 Metaspace       used 77888K, capacity 82056K, committed 82304K, reserved 1120256K
  class space    used 10001K, capacity 10755K, committed 10880K, reserved 1048576K
GC Heap History (10 events):
Event: 8.143 GC heap before
{Heap before GC invocations=11 (full 2):
 PSYoungGen      total 203264K, used 188416K [0x00000000d6180000, 0x00000000e7d80000, 0x0000000100000000)
  eden space 188416K, 100% used [0x00000000d6180000,0x00000000e1980000,0x00000000e1980000)
  from space 14848K, 0% used [0x00000000e6f00000,0x00000000e6f00000,0x00000000e7d80000)
  to   space 16896K, 0% used [0x00000000e5c80000,0x00000000e5c80000,0x00000000e6d00000)
 ParOldGen       total 129024K, used 36156K [0x0000000082400000, 0x000000008a200000, 0x00000000d6180000)
  object space 129024K, 28% used [0x0000000082400000,0x000000008474f350,0x000000008a200000)
 Metaspace       used 41756K, capacity 43274K, committed 43392K, reserved 1087488K
  class space    used 5324K, capacity 5710K, committed 5760K, reserved 1048576K
Event: 8.164 GC heap after
Heap after GC invocations=11 (full 2):
 PSYoungGen      total 238592K, used 15704K [0x00000000d6180000, 0x00000000e6f80000, 0x0000000100000000)
  eden space 222720K, 0% used [0x00000000d6180000,0x00000000d6180000,0x00000000e3b00000)
  from space 15872K, 98% used [0x00000000e5c80000,0x00000000e6bd6278,0x00000000e6c00000)
  to   space 3584K, 0% used [0x00000000e6c00000,0x00000000e6c00000,0x00000000e6f80000)
 ParOldGen       total 129024K, used 36228K [0x0000000082400000, 0x000000008a200000, 0x00000000d6180000)
  object space 129024K, 28% used [0x0000000082400000,0x0000000084761360,0x000000008a200000)
 Metaspace       used 41756K, capacity 43274K, committed 43392K, reserved 1087488K
  class space    used 5324K, capacity 5710K, committed 5760K, reserved 1048576K
}
Event: 10.926 GC heap before
{Heap before GC invocations=12 (full 2):
 PSYoungGen      total 238592K, used 238424K [0x00000000d6180000, 0x00000000e6f80000, 0x0000000100000000)
  eden space 222720K, 100% used [0x00000000d6180000,0x00000000e3b00000,0x00000000e3b00000)
  from space 15872K, 98% used [0x00000000e5c80000,0x00000000e6bd6278,0x00000000e6c00000)
  to   space 3584K, 0% used [0x00000000e6c00000,0x00000000e6c00000,0x00000000e6f80000)
 ParOldGen       total 129024K, used 36228K [0x0000000082400000, 0x000000008a200000, 0x00000000d6180000)
  object space 129024K, 28% used [0x0000000082400000,0x0000000084761360,0x000000008a200000)
 Metaspace       used 52852K, capacity 55180K, committed 55424K, reserved 1097728K
  class space    used 6710K, capacity 7211K, committed 7296K, reserved 1048576K
Event: 10.944 GC heap after
Heap after GC invocations=12 (full 2):
 PSYoungGen      total 252928K, used 3568K [0x00000000d6180000, 0x00000000e8c80000, 0x0000000100000000)
  eden space 249344K, 0% used [0x00000000d6180000,0x00000000d6180000,0x00000000e5500000)
  from space 3584K, 99% used [0x00000000e6c00000,0x00000000e6f7c030,0x00000000e6f80000)
  to   space 23552K, 0% used [0x00000000e5500000,0x00000000e5500000,0x00000000e6c00000)
 ParOldGen       total 129024K, used 59238K [0x0000000082400000, 0x000000008a200000, 0x00000000d6180000)
  object space 129024K, 45% used [0x0000000082400000,0x0000000085dd9b88,0x000000008a200000)
 Metaspace       used 52852K, capacity 55180K, committed 55424K, reserved 1097728K
  class space    used 6710K, capacity 7211K, committed 7296K, reserved 1048576K
}
Event: 11.375 GC heap before
{Heap before GC invocations=13 (full 2):
 PSYoungGen      total 252928K, used 45588K [0x00000000d6180000, 0x00000000e8c80000, 0x0000000100000000)
  eden space 249344K, 16% used [0x00000000d6180000,0x00000000d8a89280,0x00000000e5500000)
  from space 3584K, 99% used [0x00000000e6c00000,0x00000000e6f7c030,0x00000000e6f80000)
  to   space 23552K, 0% used [0x00000000e5500000,0x00000000e5500000,0x00000000e6c00000)
 ParOldGen       total 129024K, used 59238K [0x0000000082400000, 0x000000008a200000, 0x00000000d6180000)
  object space 129024K, 45% used [0x0000000082400000,0x0000000085dd9b88,0x000000008a200000)
 Metaspace       used 56464K, capacity 58874K, committed 59136K, reserved 1099776K
  class space    used 7293K, capacity 7816K, committed 7936K, reserved 1048576K
Event: 11.383 GC heap after
Heap after GC invocations=13 (full 2):
 PSYoungGen      total 272896K, used 7586K [0x00000000d6180000, 0x00000000ead80000, 0x0000000100000000)
  eden space 249344K, 0% used [0x00000000d6180000,0x00000000d6180000,0x00000000e5500000)
  from space 23552K, 32% used [0x00000000e5500000,0x00000000e5c688d0,0x00000000e6c00000)
  to   space 23040K, 0% used [0x00000000e9700000,0x00000000e9700000,0x00000000ead80000)
 ParOldGen       total 129024K, used 59246K [0x0000000082400000, 0x000000008a200000, 0x00000000d6180000)
  object space 129024K, 45% used [0x0000000082400000,0x0000000085ddbb88,0x000000008a200000)
 Metaspace       used 56464K, capacity 58874K, committed 59136K, reserved 1099776K
  class space    used 7293K, capacity 7816K, committed 7936K, reserved 1048576K
}
Event: 11.383 GC heap before
{Heap before GC invocations=14 (full 3):
 PSYoungGen      total 272896K, used 7586K [0x00000000d6180000, 0x00000000ead80000, 0x0000000100000000)
  eden space 249344K, 0% used [0x00000000d6180000,0x00000000d6180000,0x00000000e5500000)
  from space 23552K, 32% used [0x00000000e5500000,0x00000000e5c688d0,0x00000000e6c00000)
  to   space 23040K, 0% used [0x00000000e9700000,0x00000000e9700000,0x00000000ead80000)
 ParOldGen       total 129024K, used 59246K [0x0000000082400000, 0x000000008a200000, 0x00000000d6180000)
  object space 129024K, 45% used [0x0000000082400000,0x0000000085ddbb88,0x000000008a200000)
 Metaspace       used 56464K, capacity 58874K, committed 59136K, reserved 1099776K
  class space    used 7293K, capacity 7816K, committed 7936K, reserved 1048576K
Event: 11.644 GC heap after
Heap after GC invocations=14 (full 3):
 PSYoungGen      total 272896K, used 0K [0x00000000d6180000, 0x00000000ead80000, 0x0000000100000000)
  eden space 249344K, 0% used [0x00000000d6180000,0x00000000d6180000,0x00000000e5500000)
  from space 23552K, 0% used [0x00000000e5500000,0x00000000e5500000,0x00000000e6c00000)
  to   space 23040K, 0% used [0x00000000e9700000,0x00000000e9700000,0x00000000ead80000)
 ParOldGen       total 193024K, used 55114K [0x0000000082400000, 0x000000008e080000, 0x00000000d6180000)
  object space 193024K, 28% used [0x0000000082400000,0x00000000859d29f8,0x000000008e080000)
 Metaspace       used 56464K, capacity 58874K, committed 59136K, reserved 1099776K
  class space    used 7293K, capacity 7816K, committed 7936K, reserved 1048576K
}
Event: 14.753 GC heap before
{Heap before GC invocations=15 (full 3):
 PSYoungGen      total 272896K, used 249344K [0x00000000d6180000, 0x00000000ead80000, 0x0000000100000000)
  eden space 249344K, 100% used [0x00000000d6180000,0x00000000e5500000,0x00000000e5500000)
  from space 23552K, 0% used [0x00000000e5500000,0x00000000e5500000,0x00000000e6c00000)
  to   space 23040K, 0% used [0x00000000e9700000,0x00000000e9700000,0x00000000ead80000)
 ParOldGen       total 193024K, used 55114K [0x0000000082400000, 0x000000008e080000, 0x00000000d6180000)
  object space 193024K, 28% used [0x0000000082400000,0x00000000859d29f8,0x000000008e080000)
 Metaspace       used 70169K, capacity 73566K, committed 73856K, reserved 1114112K
  class space    used 9078K, capacity 9734K, committed 9856K, reserved 1048576K
Event: 14.775 GC heap after
Heap after GC invocations=15 (full 3):
 PSYoungGen      total 307200K, used 22079K [0x00000000d6180000, 0x00000000ead00000, 0x0000000100000000)
  eden space 284672K, 0% used [0x00000000d6180000,0x00000000d6180000,0x00000000e7780000)
  from space 22528K, 98% used [0x00000000e9700000,0x00000000eac8ffd8,0x00000000ead00000)
  to   space 26112K, 0% used [0x00000000e7a00000,0x00000000e7a00000,0x00000000e9380000)
 ParOldGen       total 193024K, used 55130K [0x0000000082400000, 0x000000008e080000, 0x00000000d6180000)
  object space 193024K, 28% used [0x0000000082400000,0x00000000859d69f8,0x000000008e080000)
 Metaspace       used 70169K, capacity 73566K, committed 73856K, reserved 1114112K
  class space    used 9078K, capacity 9734K, committed 9856K, reserved 1048576K
}

