# JRE version: Java(TM) SE Runtime Environment (8.0_131-b11) (build 1.8.0_131-b11)
# Java VM: Java HotSpot(TM) 64-Bit Server VM (25.131-b11 mixed mode windows-amd64 compressed oops)
Heap:
 PSYoungGen      total 68096K, used 61935K [0x00000000d6180000, 0x00000000ddc00000, 0x0000000100000000)
  eden space 62976K, 90% used [0x00000000d6180000,0x00000000d98fdd50,0x00000000d9f00000)
  from space 5120K, 99% used [0x00000000da680000,0x00000000dab7dfd8,0x00000000dab80000)
  to   space 7680K, 0% used [0x00000000d9f00000,0x00000000d9f00000,0x00000000da680000)
 ParOldGen       total 51712K, used 6806K [0x0000000082400000, 0x0000000085680000, 0x00000000d6180000)
  object space 51712K, 13% used [0x0000000082400000,0x0000000082aa58a8,0x0000000085680000)
 Metaspace       used 28148K, capacity 29302K, committed 29440K, reserved 1075200K
  class space    used 3622K, capacity 3838K, committed 3840K, reserved 1048576K
GC Heap History (10 events):
Event: 1.034 GC heap before
{Heap before GC invocations=3 (full 0):
 PSYoungGen      total 37888K, used 37763K [0x00000000d6180000, 0x00000000dab80000, 0x0000000100000000)
  eden space 32768K, 100% used [0x00000000d6180000,0x00000000d8180000,0x00000000d8180000)
  from space 5120K, 97% used [0x00000000d8680000,0x00000000d8b60fc8,0x00000000d8b80000)
  to   space 5120K, 0% used [0x00000000d8180000,0x00000000d8180000,0x00000000d8680000)
 ParOldGen       total 86016K, used 24K [0x0000000082400000, 0x0000000087800000, 0x00000000d6180000)
  object space 86016K, 0% used [0x0000000082400000,0x0000000082406030,0x0000000087800000)
 Metaspace       used 16202K, capacity 16754K, committed 16896K, reserved 1064960K
  class space    used 2080K, capacity 2232K, committed 2304K, reserved 1048576K
Event: 1.038 GC heap after
Heap after GC invocations=3 (full 0):
 PSYoungGen      total 37888K, used 5116K [0x00000000d6180000, 0x00000000dab80000, 0x0000000100000000)
  eden space 32768K, 0% used [0x00000000d6180000,0x00000000d6180000,0x00000000d8180000)
  from space 5120K, 99% used [0x00000000d8180000,0x00000000d867f1a8,0x00000000d8680000)
  to   space 5120K, 0% used [0x00000000da680000,0x00000000da680000,0x00000000dab80000)
 ParOldGen       total 86016K, used 954K [0x0000000082400000, 0x0000000087800000, 0x00000000d6180000)
  object space 86016K, 1% used [0x0000000082400000,0x00000000824ee840,0x0000000087800000)
 Metaspace       used 16202K, capacity 16754K, committed 16896K, reserved 1064960K
  class space    used 2080K, capacity 2232K, committed 2304K, reserved 1048576K
}
Event: 1.183 GC heap before
{Heap before GC invocations=4 (full 0):
 PSYoungGen      total 37888K, used 37884K [0x00000000d6180000, 0x00000000dab80000, 0x0000000100000000)
  eden space 32768K, 100% used [0x00000000d6180000,0x00000000d8180000,0x00000000d8180000)
  from space 5120K, 99% used [0x00000000d8180000,0x00000000d867f1a8,0x00000000d8680000)
  to   space 5120K, 0% used [0x00000000da680000,0x00000000da680000,0x00000000dab80000)
 ParOldGen       total 86016K, used 984K [0x0000000082400000, 0x0000000087800000, 0x00000000d6180000)
  object space 86016K, 1% used [0x0000000082400000,0x00000000824f6278,0x0000000087800000)
 Metaspace       used 18975K, capacity 19626K, committed 19840K, reserved 1067008K
  class space    used 2484K, capacity 2648K, committed 2688K, reserved 1048576K
Event: 1.189 GC heap after
Heap after GC invocations=4 (full 0):
 PSYoungGen      total 70656K, used 5103K [0x00000000d6180000, 0x00000000dab80000, 0x0000000100000000)
  eden space 65536K, 0% used [0x00000000d6180000,0x00000000d6180000,0x00000000da180000)
  from space 5120K, 99% used [0x00000000da680000,0x00000000dab7be90,0x00000000dab80000)
  to   space 5120K, 0% used [0x00000000da180000,0x00000000da180000,0x00000000da680000)
 ParOldGen       total 86016K, used 3054K [0x0000000082400000, 0x0000000087800000, 0x00000000d6180000)
  object space 86016K, 3% used [0x0000000082400000,0x00000000826fbb18,0x0000000087800000)
 Metaspace       used 18975K, capacity 19626K, committed 19840K, reserved 1067008K
  class space    used 2484K, capacity 2648K, committed 2688K, reserved 1048576K
}
Event: 1.245 GC heap before
{Heap before GC invocations=5 (full 0):
 PSYoungGen      total 70656K, used 18608K [0x00000000d6180000, 0x00000000dab80000, 0x0000000100000000)
  eden space 65536K, 20% used [0x00000000d6180000,0x00000000d6eb0230,0x00000000da180000)
  from space 5120K, 99% used [0x00000000da680000,0x00000000dab7be90,0x00000000dab80000)
  to   space 5120K, 0% used [0x00000000da180000,0x00000000da180000,0x00000000da680000)
 ParOldGen       total 86016K, used 3054K [0x0000000082400000, 0x0000000087800000, 0x00000000d6180000)
  object space 86016K, 3% used [0x0000000082400000,0x00000000826fbb18,0x0000000087800000)
 Metaspace       used 20600K, capacity 21202K, committed 21248K, reserved 1067008K
  class space    used 2636K, capacity 2786K, committed 2816K, reserved 1048576K
Event: 1.251 GC heap after
Heap after GC invocations=5 (full 0):
 PSYoungGen      total 70656K, used 5113K [0x00000000d6180000, 0x00000000dab80000, 0x0000000100000000)
  eden space 65536K, 0% used [0x00000000d6180000,0x00000000d6180000,0x00000000da180000)
  from space 5120K, 99% used [0x00000000da180000,0x00000000da67e7c0,0x00000000da680000)
  to   space 5120K, 0% used [0x00000000da680000,0x00000000da680000,0x00000000dab80000)
 ParOldGen       total 86016K, used 4528K [0x0000000082400000, 0x0000000087800000, 0x00000000d6180000)
  object space 86016K, 5% used [0x0000000082400000,0x000000008286c288,0x0000000087800000)
 Metaspace       used 20600K, capacity 21202K, committed 21248K, reserved 1067008K
  class space    used 2636K, capacity 2786K, committed 2816K, reserved 1048576K
}
Event: 1.251 GC heap before
{Heap before GC invocations=6 (full 1):
 PSYoungGen      total 70656K, used 5113K [0x00000000d6180000, 0x00000000dab80000, 0x0000000100000000)
  eden space 65536K, 0% used [0x00000000d6180000,0x00000000d6180000,0x00000000da180000)
  from space 5120K, 99% used [0x00000000da180000,0x00000000da67e7c0,0x00000000da680000)
  to   space 5120K, 0% used [0x00000000da680000,0x00000000da680000,0x00000000dab80000)
 ParOldGen       total 86016K, used 4528K [0x0000000082400000, 0x0000000087800000, 0x00000000d6180000)
  object space 86016K, 5% used [0x0000000082400000,0x000000008286c288,0x0000000087800000)
 Metaspace       used 20600K, capacity 21202K, committed 21248K, reserved 1067008K
  class space    used 2636K, capacity 2786K, committed 2816K, reserved 1048576K
Event: 1.271 GC heap after
Heap after GC invocations=6 (full 1):
 PSYoungGen      total 70656K, used 0K [0x00000000d6180000, 0x00000000dab80000, 0x0000000100000000)
  eden space 65536K, 0% used [0x00000000d6180000,0x00000000d6180000,0x00000000da180000)
  from space 5120K, 0% used [0x00000000da180000,0x00000000da180000,0x00000000da680000)
  to   space 5120K, 0% used [0x00000000da680000,0x00000000da680000,0x00000000dab80000)
 ParOldGen       total 51712K, used 6407K [0x0000000082400000, 0x0000000085680000, 0x00000000d6180000)
  object space 51712K, 12% used [0x0000000082400000,0x0000000082a41e40,0x0000000085680000)
 Metaspace       used 20600K, capacity 21202K, committed 21248K, reserved 1067008K
  class space    used 2636K, capacity 2786K, committed 2816K, reserved 1048576K
}
Event: 1.563 GC heap before
{Heap before GC invocations=7 (full 1):
 PSYoungGen      total 70656K, used 65536K [0x00000000d6180000, 0x00000000dab80000, 0x0000000100000000)
  eden space 65536K, 100% used [0x00000000d6180000,0x00000000da180000,0x00000000da180000)
  from space 5120K, 0% used [0x00000000da180000,0x00000000da180000,0x00000000da680000)
  to   space 5120K, 0% used [0x00000000da680000,0x00000000da680000,0x00000000dab80000)
 ParOldGen       total 51712K, used 6407K [0x0000000082400000, 0x0000000085680000, 0x00000000d6180000)
  object space 51712K, 12% used [0x0000000082400000,0x0000000082a41e40,0x0000000085680000)
 Metaspace       used 24688K, capacity 25532K, committed 25728K, reserved 1071104K
  class space    used 3166K, capacity 3345K, committed 3456K, reserved 1048576K
Event: 1.568 GC heap after
Heap after GC invocations=7 (full 1):
 PSYoungGen      total 68096K, used 5111K [0x00000000d6180000, 0x00000000ddc00000, 0x0000000100000000)
  eden space 62976K, 0% used [0x00000000d6180000,0x00000000d6180000,0x00000000d9f00000)
  from space 5120K, 99% used [0x00000000da680000,0x00000000dab7dfd8,0x00000000dab80000)
  to   space 7680K, 0% used [0x00000000d9f00000,0x00000000d9f00000,0x00000000da680000)
 ParOldGen       total 51712K, used 6806K [0x0000000082400000, 0x0000000085680000, 0x00000000d6180000)
  object space 51712K, 13% used [0x0000000082400000,0x0000000082aa58a8,0x0000000085680000)
 Metaspace       used 24688K, capacity 25532K, committed 25728K, reserved 1071104K
  class space    used 3166K, capacity 3345K, committed 3456K, reserved 1048576K
}

