# JRE version: Java(TM) SE Runtime Environment (8.0_131-b11) (build 1.8.0_131-b11)
# Java VM: Java HotSpot(TM) 64-Bit Server VM (25.131-b11 mixed mode windows-amd64 compressed oops)
Heap:
 PSYoungGen      total 324608K, used 108203K [0x00000000d6180000, 0x00000000ee180000, 0x0000000100000000)
  eden space 297472K, 27% used [0x00000000d6180000,0x00000000db0d1418,0x00000000e8400000)
  from space 27136K, 99% used [0x00000000e8400000,0x00000000e9e79850,0x00000000e9e80000)
  to   space 31232K, 0% used [0x00000000ec300000,0x00000000ec300000,0x00000000ee180000)
 ParOldGen       total 181248K, used 50549K [0x0000000082400000, 0x000000008d500000, 0x00000000d6180000)
  object space 181248K, 27% used [0x0000000082400000,0x000000008555d6c0,0x000000008d500000)
 Metaspace       used 78508K, capacity 82690K, committed 82776K, reserved 1122304K
  class space    used 10029K, capacity 10790K, committed 10840K, reserved 1048576K
GC Heap History (10 events):
Event: 5.924 GC heap before
{Heap before GC invocations=12 (full 2):
 PSYoungGen      total 250368K, used 250008K [0x00000000d6180000, 0x00000000e6f80000, 0x0000000100000000)
  eden space 233984K, 100% used [0x00000000d6180000,0x00000000e4600000,0x00000000e4600000)
  from space 16384K, 97% used [0x00000000e5c80000,0x00000000e6c26288,0x00000000e6c80000)
  to   space 3072K, 0% used [0x00000000e6c80000,0x00000000e6c80000,0x00000000e6f80000)
 ParOldGen       total 124928K, used 36675K [0x0000000082400000, 0x0000000089e00000, 0x00000000d6180000)
  object space 124928K, 29% used [0x0000000082400000,0x00000000847d0cb8,0x0000000089e00000)
 Metaspace       used 54901K, capacity 57362K, committed 57472K, reserved 1099776K
  class space    used 7017K, capacity 7550K, committed 7552K, reserved 1048576K
Event: 5.939 GC heap after
Heap after GC invocations=12 (full 2):
 PSYoungGen      total 251904K, used 3040K [0x00000000d6180000, 0x00000000e9e80000, 0x0000000100000000)
  eden space 248832K, 0% used [0x00000000d6180000,0x00000000d6180000,0x00000000e5480000)
  from space 3072K, 98% used [0x00000000e6c80000,0x00000000e6f78010,0x00000000e6f80000)
  to   space 24576K, 0% used [0x00000000e5480000,0x00000000e5480000,0x00000000e6c80000)
 ParOldGen       total 124928K, used 62414K [0x0000000082400000, 0x0000000089e00000, 0x00000000d6180000)
  object space 124928K, 49% used [0x0000000082400000,0x00000000860f3900,0x0000000089e00000)
 Metaspace       used 54901K, capacity 57362K, committed 57472K, reserved 1099776K
  class space    used 7017K, capacity 7550K, committed 7552K, reserved 1048576K
}
Event: 6.054 GC heap before
{Heap before GC invocations=13 (full 2):
 PSYoungGen      total 251904K, used 23717K [0x00000000d6180000, 0x00000000e9e80000, 0x0000000100000000)
  eden space 248832K, 8% used [0x00000000d6180000,0x00000000d75b1720,0x00000000e5480000)
  from space 3072K, 98% used [0x00000000e6c80000,0x00000000e6f78010,0x00000000e6f80000)
  to   space 24576K, 0% used [0x00000000e5480000,0x00000000e5480000,0x00000000e6c80000)
 ParOldGen       total 124928K, used 62414K [0x0000000082400000, 0x0000000089e00000, 0x00000000d6180000)
  object space 124928K, 49% used [0x0000000082400000,0x00000000860f3900,0x0000000089e00000)
 Metaspace       used 56533K, capacity 58962K, committed 59096K, reserved 1099776K
  class space    used 7313K, capacity 7848K, committed 7896K, reserved 1048576K
Event: 6.059 GC heap after
Heap after GC invocations=13 (full 2):
 PSYoungGen      total 273408K, used 4810K [0x00000000d6180000, 0x00000000ebb00000, 0x0000000100000000)
  eden space 248832K, 0% used [0x00000000d6180000,0x00000000d6180000,0x00000000e5480000)
  from space 24576K, 19% used [0x00000000e5480000,0x00000000e5932a90,0x00000000e6c80000)
  to   space 24576K, 0% used [0x00000000ea300000,0x00000000ea300000,0x00000000ebb00000)
 ParOldGen       total 124928K, used 62422K [0x0000000082400000, 0x0000000089e00000, 0x00000000d6180000)
  object space 124928K, 49% used [0x0000000082400000,0x00000000860f5900,0x0000000089e00000)
 Metaspace       used 56533K, capacity 58962K, committed 59096K, reserved 1099776K
  class space    used 7313K, capacity 7848K, committed 7896K, reserved 1048576K
}
Event: 6.059 GC heap before
{Heap before GC invocations=14 (full 3):
 PSYoungGen      total 273408K, used 4810K [0x00000000d6180000, 0x00000000ebb00000, 0x0000000100000000)
  eden space 248832K, 0% used [0x00000000d6180000,0x00000000d6180000,0x00000000e5480000)
  from space 24576K, 19% used [0x00000000e5480000,0x00000000e5932a90,0x00000000e6c80000)
  to   space 24576K, 0% used [0x00000000ea300000,0x00000000ea300000,0x00000000ebb00000)
 ParOldGen       total 124928K, used 62422K [0x0000000082400000, 0x0000000089e00000, 0x00000000d6180000)
  object space 124928K, 49% used [0x0000000082400000,0x00000000860f5900,0x0000000089e00000)
 Metaspace       used 56533K, capacity 58962K, committed 59096K, reserved 1099776K
  class space    used 7313K, capacity 7848K, committed 7896K, reserved 1048576K
Event: 6.275 GC heap after
Heap after GC invocations=14 (full 3):
 PSYoungGen      total 273408K, used 0K [0x00000000d6180000, 0x00000000ebb00000, 0x0000000100000000)
  eden space 248832K, 0% used [0x00000000d6180000,0x00000000d6180000,0x00000000e5480000)
  from space 24576K, 0% used [0x00000000e5480000,0x00000000e5480000,0x00000000e6c80000)
  to   space 24576K, 0% used [0x00000000ea300000,0x00000000ea300000,0x00000000ebb00000)
 ParOldGen       total 181248K, used 50418K [0x0000000082400000, 0x000000008d500000, 0x00000000d6180000)
  object space 181248K, 27% used [0x0000000082400000,0x000000008553c830,0x000000008d500000)
 Metaspace       used 56533K, capacity 58962K, committed 59096K, reserved 1099776K
  class space    used 7313K, capacity 7848K, committed 7896K, reserved 1048576K
}
Event: 7.808 GC heap before
{Heap before GC invocations=15 (full 3):
 PSYoungGen      total 273408K, used 248832K [0x00000000d6180000, 0x00000000ebb00000, 0x0000000100000000)
  eden space 248832K, 100% used [0x00000000d6180000,0x00000000e5480000,0x00000000e5480000)
  from space 24576K, 0% used [0x00000000e5480000,0x00000000e5480000,0x00000000e6c80000)
  to   space 24576K, 0% used [0x00000000ea300000,0x00000000ea300000,0x00000000ebb00000)
 ParOldGen       total 181248K, used 50418K [0x0000000082400000, 0x000000008d500000, 0x00000000d6180000)
  object space 181248K, 27% used [0x0000000082400000,0x000000008553c830,0x000000008d500000)
 Metaspace       used 70156K, capacity 73578K, committed 73816K, reserved 1114112K
  class space    used 9080K, capacity 9734K, committed 9816K, reserved 1048576K
Event: 7.824 GC heap after
Heap after GC invocations=15 (full 3):
 PSYoungGen      total 312832K, used 22416K [0x00000000d6180000, 0x00000000eb900000, 0x0000000100000000)
  eden space 290304K, 0% used [0x00000000d6180000,0x00000000d6180000,0x00000000e7d00000)
  from space 22528K, 99% used [0x00000000ea300000,0x00000000eb8e4338,0x00000000eb900000)
  to   space 27136K, 0% used [0x00000000e8400000,0x00000000e8400000,0x00000000e9e80000)
 ParOldGen       total 181248K, used 50434K [0x0000000082400000, 0x000000008d500000, 0x00000000d6180000)
  object space 181248K, 27% used [0x0000000082400000,0x0000000085540830,0x000000008d500000)
 Metaspace       used 70156K, capacity 73578K, committed 73816K, reserved 1114112K
  class space    used 9080K, capacity 9734K, committed 9816K, reserved 1048576K
}
Event: 17.791 GC heap before
{Heap before GC invocations=16 (full 3):
 PSYoungGen      total 312832K, used 312720K [0x00000000d6180000, 0x00000000eb900000, 0x0000000100000000)
  eden space 290304K, 100% used [0x00000000d6180000,0x00000000e7d00000,0x00000000e7d00000)
  from space 22528K, 99% used [0x00000000ea300000,0x00000000eb8e4338,0x00000000eb900000)
  to   space 27136K, 0% used [0x00000000e8400000,0x00000000e8400000,0x00000000e9e80000)
 ParOldGen       total 181248K, used 50434K [0x0000000082400000, 0x000000008d500000, 0x00000000d6180000)
  object space 181248K, 27% used [0x0000000082400000,0x0000000085540830,0x000000008d500000)
 Metaspace       used 78087K, capacity 82320K, committed 82520K, reserved 1120256K
  class space    used 10003K, capacity 10755K, committed 10840K, reserved 1048576K
Event: 17.816 GC heap after
Heap after GC invocations=16 (full 3):
 PSYoungGen      total 324608K, used 27110K [0x00000000d6180000, 0x00000000ee180000, 0x0000000100000000)
  eden space 297472K, 0% used [0x00000000d6180000,0x00000000d6180000,0x00000000e8400000)
  from space 27136K, 99% used [0x00000000e8400000,0x00000000e9e79850,0x00000000e9e80000)
  to   space 31232K, 0% used [0x00000000ec300000,0x00000000ec300000,0x00000000ee180000)
 ParOldGen       total 181248K, used 50549K [0x0000000082400000, 0x000000008d500000, 0x00000000d6180000)
  object space 181248K, 27% used [0x0000000082400000,0x000000008555d6c0,0x000000008d500000)
 Metaspace       used 78087K, capacity 82320K, committed 82520K, reserved 1120256K
  class space    used 10003K, capacity 10755K, committed 10840K, reserved 1048576K
}

