# JRE version: Java(TM) SE Runtime Environment (8.0_131-b11) (build 1.8.0_131-b11)
# Java VM: Java HotSpot(TM) 64-Bit Server VM (25.131-b11 mixed mode windows-amd64 compressed oops)
Heap:
 PSYoungGen      total 270848K, used 81678K [0x00000000d6180000, 0x00000000e8a80000, 0x0000000100000000)
  eden space 254976K, 32% used [0x00000000d6180000,0x00000000db1439a8,0x00000000e5a80000)
  from space 15872K, 0% used [0x00000000e5a80000,0x00000000e5a80000,0x00000000e6a00000)
  to   space 18944K, 0% used [0x00000000e7800000,0x00000000e7800000,0x00000000e8a80000)
 ParOldGen       total 75264K, used 40658K [0x0000000082400000, 0x0000000086d80000, 0x00000000d6180000)
  object space 75264K, 54% used [0x0000000082400000,0x0000000084bb4930,0x0000000086d80000)
 Metaspace       used 40121K, capacity 41298K, committed 41600K, reserved 1085440K
  class space    used 4869K, capacity 5202K, committed 5248K, reserved 1048576K
GC Heap History (10 events):
Event: 5.341 GC heap before
{Heap before GC invocations=9 (full 1):
 PSYoungGen      total 143872K, used 130560K [0x00000000d6180000, 0x00000000e7980000, 0x0000000100000000)
  eden space 130560K, 100% used [0x00000000d6180000,0x00000000de100000,0x00000000de100000)
  from space 13312K, 0% used [0x00000000de100000,0x00000000de100000,0x00000000dee00000)
  to   space 12800K, 0% used [0x00000000e6d00000,0x00000000e6d00000,0x00000000e7980000)
 ParOldGen       total 75264K, used 20437K [0x0000000082400000, 0x0000000086d80000, 0x00000000d6180000)
  object space 75264K, 27% used [0x0000000082400000,0x00000000837f5480,0x0000000086d80000)
 Metaspace       used 24161K, capacity 24824K, committed 25088K, reserved 1071104K
  class space    used 2842K, capacity 3032K, committed 3072K, reserved 1048576K
Event: 5.352 GC heap after
Heap after GC invocations=9 (full 1):
 PSYoungGen      total 214528K, used 12797K [0x00000000d6180000, 0x00000000e7980000, 0x0000000100000000)
  eden space 201728K, 0% used [0x00000000d6180000,0x00000000d6180000,0x00000000e2680000)
  from space 12800K, 99% used [0x00000000e6d00000,0x00000000e797f728,0x00000000e7980000)
  to   space 15872K, 0% used [0x00000000e5a80000,0x00000000e5a80000,0x00000000e6a00000)
 ParOldGen       total 75264K, used 24505K [0x0000000082400000, 0x0000000086d80000, 0x00000000d6180000)
  object space 75264K, 32% used [0x0000000082400000,0x0000000083bee438,0x0000000086d80000)
 Metaspace       used 24161K, capacity 24824K, committed 25088K, reserved 1071104K
  class space    used 2842K, capacity 3032K, committed 3072K, reserved 1048576K
}
Event: 6.204 GC heap before
{Heap before GC invocations=10 (full 1):
 PSYoungGen      total 214528K, used 214525K [0x00000000d6180000, 0x00000000e7980000, 0x0000000100000000)
  eden space 201728K, 100% used [0x00000000d6180000,0x00000000e2680000,0x00000000e2680000)
  from space 12800K, 99% used [0x00000000e6d00000,0x00000000e797f728,0x00000000e7980000)
  to   space 15872K, 0% used [0x00000000e5a80000,0x00000000e5a80000,0x00000000e6a00000)
 ParOldGen       total 75264K, used 24505K [0x0000000082400000, 0x0000000086d80000, 0x00000000d6180000)
  object space 75264K, 32% used [0x0000000082400000,0x0000000083bee438,0x0000000086d80000)
 Metaspace       used 24646K, capacity 25404K, committed 25600K, reserved 1071104K
  class space    used 2863K, capacity 3054K, committed 3072K, reserved 1048576K
Event: 6.216 GC heap after
Heap after GC invocations=10 (full 1):
 PSYoungGen      total 270848K, used 15866K [0x00000000d6180000, 0x00000000e8a80000, 0x0000000100000000)
  eden space 254976K, 0% used [0x00000000d6180000,0x00000000d6180000,0x00000000e5a80000)
  from space 15872K, 99% used [0x00000000e5a80000,0x00000000e69fe9b8,0x00000000e6a00000)
  to   space 18944K, 0% used [0x00000000e7800000,0x00000000e7800000,0x00000000e8a80000)
 ParOldGen       total 75264K, used 27035K [0x0000000082400000, 0x0000000086d80000, 0x00000000d6180000)
  object space 75264K, 35% used [0x0000000082400000,0x0000000083e66e70,0x0000000086d80000)
 Metaspace       used 24646K, capacity 25404K, committed 25600K, reserved 1071104K
  class space    used 2863K, capacity 3054K, committed 3072K, reserved 1048576K
}
Event: 8.447 GC heap before
{Heap before GC invocations=11 (full 1):
 PSYoungGen      total 270848K, used 270842K [0x00000000d6180000, 0x00000000e8a80000, 0x0000000100000000)
  eden space 254976K, 100% used [0x00000000d6180000,0x00000000e5a80000,0x00000000e5a80000)
  from space 15872K, 99% used [0x00000000e5a80000,0x00000000e69fe9b8,0x00000000e6a00000)
  to   space 18944K, 0% used [0x00000000e7800000,0x00000000e7800000,0x00000000e8a80000)
 ParOldGen       total 75264K, used 27035K [0x0000000082400000, 0x0000000086d80000, 0x00000000d6180000)
  object space 75264K, 35% used [0x0000000082400000,0x0000000083e66e70,0x0000000086d80000)
 Metaspace       used 27510K, capacity 28320K, committed 28416K, reserved 1075200K
  class space    used 3135K, capacity 3322K, committed 3328K, reserved 1048576K
Event: 8.470 GC heap after
Heap after GC invocations=11 (full 1):
 PSYoungGen      total 273920K, used 18913K [0x00000000d6180000, 0x00000000e8a80000, 0x0000000100000000)
  eden space 254976K, 0% used [0x00000000d6180000,0x00000000d6180000,0x00000000e5a80000)
  from space 18944K, 99% used [0x00000000e7800000,0x00000000e8a78790,0x00000000e8a80000)
  to   space 15872K, 0% used [0x00000000e5a80000,0x00000000e5a80000,0x00000000e6a00000)
 ParOldGen       total 75264K, used 41458K [0x0000000082400000, 0x0000000086d80000, 0x00000000d6180000)
  object space 75264K, 55% used [0x0000000082400000,0x0000000084c7cb28,0x0000000086d80000)
 Metaspace       used 27510K, capacity 28320K, committed 28416K, reserved 1075200K
  class space    used 3135K, capacity 3322K, committed 3328K, reserved 1048576K
}
Event: 15.381 GC heap before
{Heap before GC invocations=12 (full 1):
 PSYoungGen      total 273920K, used 124626K [0x00000000d6180000, 0x00000000e8a80000, 0x0000000100000000)
  eden space 254976K, 41% used [0x00000000d6180000,0x00000000dc8bc1c0,0x00000000e5a80000)
  from space 18944K, 99% used [0x00000000e7800000,0x00000000e8a78790,0x00000000e8a80000)
  to   space 15872K, 0% used [0x00000000e5a80000,0x00000000e5a80000,0x00000000e6a00000)
 ParOldGen       total 75264K, used 41458K [0x0000000082400000, 0x0000000086d80000, 0x00000000d6180000)
  object space 75264K, 55% used [0x0000000082400000,0x0000000084c7cb28,0x0000000086d80000)
 Metaspace       used 34306K, capacity 35446K, committed 35496K, reserved 1081344K
  class space    used 4020K, capacity 4321K, committed 4352K, reserved 1048576K
Event: 15.396 GC heap after
Heap after GC invocations=12 (full 1):
 PSYoungGen      total 270848K, used 9608K [0x00000000d6180000, 0x00000000e8a80000, 0x0000000100000000)
  eden space 254976K, 0% used [0x00000000d6180000,0x00000000d6180000,0x00000000e5a80000)
  from space 15872K, 60% used [0x00000000e5a80000,0x00000000e63e2268,0x00000000e6a00000)
  to   space 18944K, 0% used [0x00000000e7800000,0x00000000e7800000,0x00000000e8a80000)
 ParOldGen       total 75264K, used 60115K [0x0000000082400000, 0x0000000086d80000, 0x00000000d6180000)
  object space 75264K, 79% used [0x0000000082400000,0x0000000085eb4dc0,0x0000000086d80000)
 Metaspace       used 34306K, capacity 35446K, committed 35496K, reserved 1081344K
  class space    used 4020K, capacity 4321K, committed 4352K, reserved 1048576K
}
Event: 15.396 GC heap before
{Heap before GC invocations=13 (full 2):
 PSYoungGen      total 270848K, used 9608K [0x00000000d6180000, 0x00000000e8a80000, 0x0000000100000000)
  eden space 254976K, 0% used [0x00000000d6180000,0x00000000d6180000,0x00000000e5a80000)
  from space 15872K, 60% used [0x00000000e5a80000,0x00000000e63e2268,0x00000000e6a00000)
  to   space 18944K, 0% used [0x00000000e7800000,0x00000000e7800000,0x00000000e8a80000)
 ParOldGen       total 75264K, used 60115K [0x0000000082400000, 0x0000000086d80000, 0x00000000d6180000)
  object space 75264K, 79% used [0x0000000082400000,0x0000000085eb4dc0,0x0000000086d80000)
 Metaspace       used 34306K, capacity 35446K, committed 35496K, reserved 1081344K
  class space    used 4020K, capacity 4321K, committed 4352K, reserved 1048576K
Event: 15.467 GC heap after
Heap after GC invocations=13 (full 2):
 PSYoungGen      total 270848K, used 0K [0x00000000d6180000, 0x00000000e8a80000, 0x0000000100000000)
  eden space 254976K, 0% used [0x00000000d6180000,0x00000000d6180000,0x00000000e5a80000)
  from space 15872K, 0% used [0x00000000e5a80000,0x00000000e5a80000,0x00000000e6a00000)
  to   space 18944K, 0% used [0x00000000e7800000,0x00000000e7800000,0x00000000e8a80000)
 ParOldGen       total 75264K, used 40658K [0x0000000082400000, 0x0000000086d80000, 0x00000000d6180000)
  object space 75264K, 54% used [0x0000000082400000,0x0000000084bb4930,0x0000000086d80000)
 Metaspace       used 31989K, capacity 32932K, committed 35496K, reserved 1081344K
  class space    used 3722K, capacity 4002K, committed 4352K, reserved 1048576K
}

