# JRE version: Java(TM) SE Runtime Environment (8.0_131-b11) (build 1.8.0_131-b11)
# Java VM: Java HotSpot(TM) 64-Bit Server VM (25.131-b11 mixed mode windows-amd64 compressed oops)
Heap:
 PSYoungGen      total 136192K, used 14762K [0x00000000d6180000, 0x00000000e4700000, 0x0000000100000000)
  eden space 131072K, 7% used [0x00000000d6180000,0x00000000d6aefa30,0x00000000de180000)
  from space 5120K, 99% used [0x00000000de180000,0x00000000de67b0c0,0x00000000de680000)
  to   space 11264K, 0% used [0x00000000e3c00000,0x00000000e3c00000,0x00000000e4700000)
 ParOldGen       total 56832K, used 11998K [0x0000000082400000, 0x0000000085b80000, 0x00000000d6180000)
  object space 56832K, 21% used [0x0000000082400000,0x0000000082fb7930,0x0000000085b80000)
 Metaspace       used 28091K, capacity 29358K, committed 29568K, reserved 1075200K
  class space    used 3641K, capacity 3888K, committed 3968K, reserved 1048576K
GC Heap History (10 events):
Event: 0.751 GC heap before
{Heap before GC invocations=2 (full 0):
 PSYoungGen      total 37888K, used 36797K [0x00000000d6180000, 0x00000000dab80000, 0x0000000100000000)
  eden space 32768K, 100% used [0x00000000d6180000,0x00000000d8180000,0x00000000d8180000)
  from space 5120K, 78% used [0x00000000d8180000,0x00000000d856f6d8,0x00000000d8680000)
  to   space 5120K, 0% used [0x00000000da680000,0x00000000da680000,0x00000000dab80000)
 ParOldGen       total 86016K, used 16K [0x0000000082400000, 0x0000000087800000, 0x00000000d6180000)
  object space 86016K, 0% used [0x0000000082400000,0x0000000082404000,0x0000000087800000)
 Metaspace       used 11136K, capacity 11420K, committed 11776K, reserved 1058816K
  class space    used 1362K, capacity 1426K, committed 1536K, reserved 1048576K
Event: 0.755 GC heap after
Heap after GC invocations=2 (full 0):
 PSYoungGen      total 70656K, used 4467K [0x00000000d6180000, 0x00000000dab80000, 0x0000000100000000)
  eden space 65536K, 0% used [0x00000000d6180000,0x00000000d6180000,0x00000000da180000)
  from space 5120K, 87% used [0x00000000da680000,0x00000000daadce20,0x00000000dab80000)
  to   space 5120K, 0% used [0x00000000da180000,0x00000000da180000,0x00000000da680000)
 ParOldGen       total 86016K, used 24K [0x0000000082400000, 0x0000000087800000, 0x00000000d6180000)
  object space 86016K, 0% used [0x0000000082400000,0x0000000082406000,0x0000000087800000)
 Metaspace       used 11136K, capacity 11420K, committed 11776K, reserved 1058816K
  class space    used 1362K, capacity 1426K, committed 1536K, reserved 1048576K
}
Event: 1.097 GC heap before
{Heap before GC invocations=3 (full 0):
 PSYoungGen      total 70656K, used 70003K [0x00000000d6180000, 0x00000000dab80000, 0x0000000100000000)
  eden space 65536K, 100% used [0x00000000d6180000,0x00000000da180000,0x00000000da180000)
  from space 5120K, 87% used [0x00000000da680000,0x00000000daadce20,0x00000000dab80000)
  to   space 5120K, 0% used [0x00000000da180000,0x00000000da180000,0x00000000da680000)
 ParOldGen       total 86016K, used 24K [0x0000000082400000, 0x0000000087800000, 0x00000000d6180000)
  object space 86016K, 0% used [0x0000000082400000,0x0000000082406000,0x0000000087800000)
 Metaspace       used 16861K, capacity 17352K, committed 17536K, reserved 1064960K
  class space    used 2220K, capacity 2369K, committed 2432K, reserved 1048576K
Event: 1.103 GC heap after
Heap after GC invocations=3 (full 0):
 PSYoungGen      total 70656K, used 5102K [0x00000000d6180000, 0x00000000deb80000, 0x0000000100000000)
  eden space 65536K, 0% used [0x00000000d6180000,0x00000000d6180000,0x00000000da180000)
  from space 5120K, 99% used [0x00000000da180000,0x00000000da67bbc0,0x00000000da680000)
  to   space 5120K, 0% used [0x00000000de680000,0x00000000de680000,0x00000000deb80000)
 ParOldGen       total 86016K, used 2644K [0x0000000082400000, 0x0000000087800000, 0x00000000d6180000)
  object space 86016K, 3% used [0x0000000082400000,0x0000000082695248,0x0000000087800000)
 Metaspace       used 16861K, capacity 17352K, committed 17536K, reserved 1064960K
  class space    used 2220K, capacity 2369K, committed 2432K, reserved 1048576K
}
Event: 1.281 GC heap before
{Heap before GC invocations=4 (full 0):
 PSYoungGen      total 70656K, used 44991K [0x00000000d6180000, 0x00000000deb80000, 0x0000000100000000)
  eden space 65536K, 60% used [0x00000000d6180000,0x00000000d8874378,0x00000000da180000)
  from space 5120K, 99% used [0x00000000da180000,0x00000000da67bbc0,0x00000000da680000)
  to   space 5120K, 0% used [0x00000000de680000,0x00000000de680000,0x00000000deb80000)
 ParOldGen       total 86016K, used 2644K [0x0000000082400000, 0x0000000087800000, 0x00000000d6180000)
  object space 86016K, 3% used [0x0000000082400000,0x0000000082695248,0x0000000087800000)
 Metaspace       used 20537K, capacity 21212K, committed 21248K, reserved 1067008K
  class space    used 2631K, capacity 2807K, committed 2816K, reserved 1048576K
Event: 1.288 GC heap after
Heap after GC invocations=4 (full 0):
 PSYoungGen      total 136192K, used 5088K [0x00000000d6180000, 0x00000000deb80000, 0x0000000100000000)
  eden space 131072K, 0% used [0x00000000d6180000,0x00000000d6180000,0x00000000de180000)
  from space 5120K, 99% used [0x00000000de680000,0x00000000deb78020,0x00000000deb80000)
  to   space 5120K, 0% used [0x00000000de180000,0x00000000de180000,0x00000000de680000)
 ParOldGen       total 86016K, used 5890K [0x0000000082400000, 0x0000000087800000, 0x00000000d6180000)
  object space 86016K, 6% used [0x0000000082400000,0x00000000829c0ab8,0x0000000087800000)
 Metaspace       used 20537K, capacity 21212K, committed 21248K, reserved 1067008K
  class space    used 2631K, capacity 2807K, committed 2816K, reserved 1048576K
}
Event: 1.288 GC heap before
{Heap before GC invocations=5 (full 1):
 PSYoungGen      total 136192K, used 5088K [0x00000000d6180000, 0x00000000deb80000, 0x0000000100000000)
  eden space 131072K, 0% used [0x00000000d6180000,0x00000000d6180000,0x00000000de180000)
  from space 5120K, 99% used [0x00000000de680000,0x00000000deb78020,0x00000000deb80000)
  to   space 5120K, 0% used [0x00000000de180000,0x00000000de180000,0x00000000de680000)
 ParOldGen       total 86016K, used 5890K [0x0000000082400000, 0x0000000087800000, 0x00000000d6180000)
  object space 86016K, 6% used [0x0000000082400000,0x00000000829c0ab8,0x0000000087800000)
 Metaspace       used 20537K, capacity 21212K, committed 21248K, reserved 1067008K
  class space    used 2631K, capacity 2807K, committed 2816K, reserved 1048576K
Event: 1.308 GC heap after
Heap after GC invocations=5 (full 1):
 PSYoungGen      total 136192K, used 0K [0x00000000d6180000, 0x00000000deb80000, 0x0000000100000000)
  eden space 131072K, 0% used [0x00000000d6180000,0x00000000d6180000,0x00000000de180000)
  from space 5120K, 0% used [0x00000000de680000,0x00000000de680000,0x00000000deb80000)
  to   space 5120K, 0% used [0x00000000de180000,0x00000000de180000,0x00000000de680000)
 ParOldGen       total 56832K, used 8203K [0x0000000082400000, 0x0000000085b80000, 0x00000000d6180000)
  object space 56832K, 14% used [0x0000000082400000,0x0000000082c02d50,0x0000000085b80000)
 Metaspace       used 20537K, capacity 21212K, committed 21248K, reserved 1067008K
  class space    used 2631K, capacity 2807K, committed 2816K, reserved 1048576K
}
Event: 1.921 GC heap before
{Heap before GC invocations=6 (full 1):
 PSYoungGen      total 136192K, used 131072K [0x00000000d6180000, 0x00000000deb80000, 0x0000000100000000)
  eden space 131072K, 100% used [0x00000000d6180000,0x00000000de180000,0x00000000de180000)
  from space 5120K, 0% used [0x00000000de680000,0x00000000de680000,0x00000000deb80000)
  to   space 5120K, 0% used [0x00000000de180000,0x00000000de180000,0x00000000de680000)
 ParOldGen       total 56832K, used 8203K [0x0000000082400000, 0x0000000085b80000, 0x00000000d6180000)
  object space 56832K, 14% used [0x0000000082400000,0x0000000082c02d50,0x0000000085b80000)
 Metaspace       used 27620K, capacity 28830K, committed 28928K, reserved 1075200K
  class space    used 3571K, capacity 3808K, committed 3840K, reserved 1048576K
Event: 1.929 GC heap after
Heap after GC invocations=6 (full 1):
 PSYoungGen      total 136192K, used 5100K [0x00000000d6180000, 0x00000000e4700000, 0x0000000100000000)
  eden space 131072K, 0% used [0x00000000d6180000,0x00000000d6180000,0x00000000de180000)
  from space 5120K, 99% used [0x00000000de180000,0x00000000de67b0c0,0x00000000de680000)
  to   space 11264K, 0% used [0x00000000e3c00000,0x00000000e3c00000,0x00000000e4700000)
 ParOldGen       total 56832K, used 11998K [0x0000000082400000, 0x0000000085b80000, 0x00000000d6180000)
  object space 56832K, 21% used [0x0000000082400000,0x0000000082fb7930,0x0000000085b80000)
 Metaspace       used 27620K, capacity 28830K, committed 28928K, reserved 1075200K
  class space    used 3571K, capacity 3808K, committed 3840K, reserved 1048576K
}

