# JRE version: Java(TM) SE Runtime Environment (8.0_131-b11) (build 1.8.0_131-b11)
# Java VM: Java HotSpot(TM) 64-Bit Server VM (25.131-b11 mixed mode windows-amd64 compressed oops)
Heap:
 PSYoungGen      total 219648K, used 172577K [0x00000000d6180000, 0x00000000e4b80000, 0x0000000100000000)
  eden space 205824K, 77% used [0x00000000d6180000,0x00000000dfc88838,0x00000000e2a80000)
  from space 13824K, 99% used [0x00000000e3b00000,0x00000000e487fe00,0x00000000e4880000)
  to   space 16896K, 0% used [0x00000000e2a80000,0x00000000e2a80000,0x00000000e3b00000)
 ParOldGen       total 86016K, used 18989K [0x0000000082400000, 0x0000000087800000, 0x00000000d6180000)
  object space 86016K, 22% used [0x0000000082400000,0x000000008368b758,0x0000000087800000)
 Metaspace       used 53354K, capacity 55848K, committed 55896K, reserved 1097728K
  class space    used 6781K, capacity 7228K, committed 7256K, reserved 1048576K
GC Heap History (10 events):
Event: 2.607 GC heap before
{Heap before GC invocations=8 (full 1):
 PSYoungGen      total 110080K, used 110050K [0x00000000d6180000, 0x00000000def00000, 0x0000000100000000)
  eden space 105472K, 100% used [0x00000000d6180000,0x00000000dc880000,0x00000000dc880000)
  from space 4608K, 99% used [0x00000000dea80000,0x00000000deef8ae8,0x00000000def00000)
  to   space 8704K, 0% used [0x00000000dde00000,0x00000000dde00000,0x00000000de680000)
 ParOldGen       total 57344K, used 8740K [0x0000000082400000, 0x0000000085c00000, 0x00000000d6180000)
  object space 57344K, 15% used [0x0000000082400000,0x0000000082c89288,0x0000000085c00000)
 Metaspace       used 31237K, capacity 32560K, committed 32768K, reserved 1077248K
  class space    used 3963K, capacity 4239K, committed 4352K, reserved 1048576K
Event: 2.614 GC heap after
Heap after GC invocations=8 (full 1):
 PSYoungGen      total 136192K, used 8686K [0x00000000d6180000, 0x00000000e1780000, 0x0000000100000000)
  eden space 127488K, 0% used [0x00000000d6180000,0x00000000d6180000,0x00000000dde00000)
  from space 8704K, 99% used [0x00000000dde00000,0x00000000de67b9c0,0x00000000de680000)
  to   space 10752K, 0% used [0x00000000e0d00000,0x00000000e0d00000,0x00000000e1780000)
 ParOldGen       total 57344K, used 9864K [0x0000000082400000, 0x0000000085c00000, 0x00000000d6180000)
  object space 57344K, 17% used [0x0000000082400000,0x0000000082da2278,0x0000000085c00000)
 Metaspace       used 31237K, capacity 32560K, committed 32768K, reserved 1077248K
  class space    used 3963K, capacity 4239K, committed 4352K, reserved 1048576K
}
Event: 2.824 GC heap before
{Heap before GC invocations=9 (full 1):
 PSYoungGen      total 136192K, used 48291K [0x00000000d6180000, 0x00000000e1780000, 0x0000000100000000)
  eden space 127488K, 31% used [0x00000000d6180000,0x00000000d882d4e0,0x00000000dde00000)
  from space 8704K, 99% used [0x00000000dde00000,0x00000000de67b9c0,0x00000000de680000)
  to   space 10752K, 0% used [0x00000000e0d00000,0x00000000e0d00000,0x00000000e1780000)
 ParOldGen       total 57344K, used 9864K [0x0000000082400000, 0x0000000085c00000, 0x00000000d6180000)
  object space 57344K, 17% used [0x0000000082400000,0x0000000082da2278,0x0000000085c00000)
 Metaspace       used 33966K, capacity 35324K, committed 35416K, reserved 1079296K
  class space    used 4380K, capacity 4639K, committed 4696K, reserved 1048576K
Event: 2.830 GC heap after
Heap after GC invocations=9 (full 1):
 PSYoungGen      total 175104K, used 8667K [0x00000000d6180000, 0x00000000e3c80000, 0x0000000100000000)
  eden space 164352K, 0% used [0x00000000d6180000,0x00000000d6180000,0x00000000e0200000)
  from space 10752K, 80% used [0x00000000e0d00000,0x00000000e1576c08,0x00000000e1780000)
  to   space 11264K, 0% used [0x00000000e0200000,0x00000000e0200000,0x00000000e0d00000)
 ParOldGen       total 57344K, used 9872K [0x0000000082400000, 0x0000000085c00000, 0x00000000d6180000)
  object space 57344K, 17% used [0x0000000082400000,0x0000000082da4278,0x0000000085c00000)
 Metaspace       used 33966K, capacity 35324K, committed 35416K, reserved 1079296K
  class space    used 4380K, capacity 4639K, committed 4696K, reserved 1048576K
}
Event: 2.830 GC heap before
{Heap before GC invocations=10 (full 2):
 PSYoungGen      total 175104K, used 8667K [0x00000000d6180000, 0x00000000e3c80000, 0x0000000100000000)
  eden space 164352K, 0% used [0x00000000d6180000,0x00000000d6180000,0x00000000e0200000)
  from space 10752K, 80% used [0x00000000e0d00000,0x00000000e1576c08,0x00000000e1780000)
  to   space 11264K, 0% used [0x00000000e0200000,0x00000000e0200000,0x00000000e0d00000)
 ParOldGen       total 57344K, used 9872K [0x0000000082400000, 0x0000000085c00000, 0x00000000d6180000)
  object space 57344K, 17% used [0x0000000082400000,0x0000000082da4278,0x0000000085c00000)
 Metaspace       used 33966K, capacity 35324K, committed 35416K, reserved 1079296K
  class space    used 4380K, capacity 4639K, committed 4696K, reserved 1048576K
Event: 2.867 GC heap after
Heap after GC invocations=10 (full 2):
 PSYoungGen      total 175104K, used 0K [0x00000000d6180000, 0x00000000e3c80000, 0x0000000100000000)
  eden space 164352K, 0% used [0x00000000d6180000,0x00000000d6180000,0x00000000e0200000)
  from space 10752K, 0% used [0x00000000e0d00000,0x00000000e0d00000,0x00000000e1780000)
  to   space 11264K, 0% used [0x00000000e0200000,0x00000000e0200000,0x00000000e0d00000)
 ParOldGen       total 86016K, used 13389K [0x0000000082400000, 0x0000000087800000, 0x00000000d6180000)
  object space 86016K, 15% used [0x0000000082400000,0x0000000083113740,0x0000000087800000)
 Metaspace       used 33966K, capacity 35324K, committed 35416K, reserved 1079296K
  class space    used 4380K, capacity 4639K, committed 4696K, reserved 1048576K
}
Event: 3.857 GC heap before
{Heap before GC invocations=11 (full 2):
 PSYoungGen      total 175104K, used 164352K [0x00000000d6180000, 0x00000000e3c80000, 0x0000000100000000)
  eden space 164352K, 100% used [0x00000000d6180000,0x00000000e0200000,0x00000000e0200000)
  from space 10752K, 0% used [0x00000000e0d00000,0x00000000e0d00000,0x00000000e1780000)
  to   space 11264K, 0% used [0x00000000e0200000,0x00000000e0200000,0x00000000e0d00000)
 ParOldGen       total 86016K, used 13389K [0x0000000082400000, 0x0000000087800000, 0x00000000d6180000)
  object space 86016K, 15% used [0x0000000082400000,0x0000000083113740,0x0000000087800000)
 Metaspace       used 44897K, capacity 46482K, committed 46680K, reserved 1089536K
  class space    used 5861K, capacity 6176K, committed 6232K, reserved 1048576K
Event: 3.868 GC heap after
Heap after GC invocations=11 (full 2):
 PSYoungGen      total 175616K, used 11248K [0x00000000d6180000, 0x00000000e4880000, 0x0000000100000000)
  eden space 164352K, 0% used [0x00000000d6180000,0x00000000d6180000,0x00000000e0200000)
  from space 11264K, 99% used [0x00000000e0200000,0x00000000e0cfc0c0,0x00000000e0d00000)
  to   space 13824K, 0% used [0x00000000e3b00000,0x00000000e3b00000,0x00000000e4880000)
 ParOldGen       total 86016K, used 16129K [0x0000000082400000, 0x0000000087800000, 0x00000000d6180000)
  object space 86016K, 18% used [0x0000000082400000,0x00000000833c07d0,0x0000000087800000)
 Metaspace       used 44897K, capacity 46482K, committed 46680K, reserved 1089536K
  class space    used 5861K, capacity 6176K, committed 6232K, reserved 1048576K
}
Event: 5.253 GC heap before
{Heap before GC invocations=12 (full 2):
 PSYoungGen      total 175616K, used 175600K [0x00000000d6180000, 0x00000000e4880000, 0x0000000100000000)
  eden space 164352K, 100% used [0x00000000d6180000,0x00000000e0200000,0x00000000e0200000)
  from space 11264K, 99% used [0x00000000e0200000,0x00000000e0cfc0c0,0x00000000e0d00000)
  to   space 13824K, 0% used [0x00000000e3b00000,0x00000000e3b00000,0x00000000e4880000)
 ParOldGen       total 86016K, used 16129K [0x0000000082400000, 0x0000000087800000, 0x00000000d6180000)
  object space 86016K, 18% used [0x0000000082400000,0x00000000833c07d0,0x0000000087800000)
 Metaspace       used 52558K, capacity 55012K, committed 55128K, reserved 1097728K
  class space    used 6758K, capacity 7185K, committed 7256K, reserved 1048576K
Event: 5.265 GC heap after
Heap after GC invocations=12 (full 2):
 PSYoungGen      total 219648K, used 13823K [0x00000000d6180000, 0x00000000e4b80000, 0x0000000100000000)
  eden space 205824K, 0% used [0x00000000d6180000,0x00000000d6180000,0x00000000e2a80000)
  from space 13824K, 99% used [0x00000000e3b00000,0x00000000e487fe00,0x00000000e4880000)
  to   space 16896K, 0% used [0x00000000e2a80000,0x00000000e2a80000,0x00000000e3b00000)
 ParOldGen       total 86016K, used 18989K [0x0000000082400000, 0x0000000087800000, 0x00000000d6180000)
  object space 86016K, 22% used [0x0000000082400000,0x000000008368b758,0x0000000087800000)
 Metaspace       used 52558K, capacity 55012K, committed 55128K, reserved 1097728K
  class space    used 6758K, capacity 7185K, committed 7256K, reserved 1048576K
}

