# JRE version: Java(TM) SE Runtime Environment (8.0_131-b11) (build 1.8.0_131-b11)
# Java VM: Java HotSpot(TM) 64-Bit Server VM (25.131-b11 mixed mode windows-amd64 compressed oops)
Heap:
 PSYoungGen      total 164352K, used 154624K [0x00000000d6180000, 0x00000000e3600000, 0x0000000100000000)
  eden space 154624K, 100% used [0x00000000d6180000,0x00000000df880000,0x00000000df880000)
  from space 9728K, 0% used [0x00000000e0280000,0x00000000e0280000,0x00000000e0c00000)
  to   space 10240K, 0% used [0x00000000df880000,0x00000000df880000,0x00000000e0280000)
 ParOldGen       total 85504K, used 12754K [0x0000000082400000, 0x0000000087780000, 0x00000000d6180000)
  object space 85504K, 14% used [0x0000000082400000,0x00000000830749b8,0x0000000087780000)
 Metaspace       used 45357K, capacity 47012K, committed 47320K, reserved 1089536K
  class space    used 5934K, capacity 6249K, committed 6360K, reserved 1048576K
GC Heap History (10 events):
Event: 1.313 GC heap before
{Heap before GC invocations=6 (full 1):
 PSYoungGen      total 70656K, used 5101K [0x00000000d6180000, 0x00000000df080000, 0x0000000100000000)
  eden space 65536K, 0% used [0x00000000d6180000,0x00000000d6180000,0x00000000da180000)
  from space 5120K, 99% used [0x00000000da180000,0x00000000da67b740,0x00000000da680000)
  to   space 7680K, 0% used [0x00000000de900000,0x00000000de900000,0x00000000df080000)
 ParOldGen       total 86016K, used 4572K [0x0000000082400000, 0x0000000087800000, 0x00000000d6180000)
  object space 86016K, 5% used [0x0000000082400000,0x0000000082877230,0x0000000087800000)
 Metaspace       used 20522K, capacity 21168K, committed 21248K, reserved 1067008K
  class space    used 2634K, capacity 2799K, committed 2816K, reserved 1048576K
Event: 1.343 GC heap after
Heap after GC invocations=6 (full 1):
 PSYoungGen      total 70656K, used 0K [0x00000000d6180000, 0x00000000df080000, 0x0000000100000000)
  eden space 65536K, 0% used [0x00000000d6180000,0x00000000d6180000,0x00000000da180000)
  from space 5120K, 0% used [0x00000000da180000,0x00000000da180000,0x00000000da680000)
  to   space 7680K, 0% used [0x00000000de900000,0x00000000de900000,0x00000000df080000)
 ParOldGen       total 55296K, used 6427K [0x0000000082400000, 0x0000000085a00000, 0x00000000d6180000)
  object space 55296K, 11% used [0x0000000082400000,0x0000000082a46cd8,0x0000000085a00000)
 Metaspace       used 20522K, capacity 21168K, committed 21248K, reserved 1067008K
  class space    used 2634K, capacity 2799K, committed 2816K, reserved 1048576K
}
Event: 1.654 GC heap before
{Heap before GC invocations=7 (full 1):
 PSYoungGen      total 70656K, used 65536K [0x00000000d6180000, 0x00000000df080000, 0x0000000100000000)
  eden space 65536K, 100% used [0x00000000d6180000,0x00000000da180000,0x00000000da180000)
  from space 5120K, 0% used [0x00000000da180000,0x00000000da180000,0x00000000da680000)
  to   space 7680K, 0% used [0x00000000de900000,0x00000000de900000,0x00000000df080000)
 ParOldGen       total 55296K, used 6427K [0x0000000082400000, 0x0000000085a00000, 0x00000000d6180000)
  object space 55296K, 11% used [0x0000000082400000,0x0000000082a46cd8,0x0000000085a00000)
 Metaspace       used 24682K, capacity 25516K, committed 25728K, reserved 1071104K
  class space    used 3169K, capacity 3343K, committed 3456K, reserved 1048576K
Event: 1.659 GC heap after
Heap after GC invocations=7 (full 1):
 PSYoungGen      total 108032K, used 5491K [0x00000000d6180000, 0x00000000dee80000, 0x0000000100000000)
  eden space 102400K, 0% used [0x00000000d6180000,0x00000000d6180000,0x00000000dc580000)
  from space 5632K, 97% used [0x00000000de900000,0x00000000dee5cc28,0x00000000dee80000)
  to   space 7680K, 0% used [0x00000000ddf80000,0x00000000ddf80000,0x00000000de700000)
 ParOldGen       total 55296K, used 6499K [0x0000000082400000, 0x0000000085a00000, 0x00000000d6180000)
  object space 55296K, 11% used [0x0000000082400000,0x0000000082a58ce8,0x0000000085a00000)
 Metaspace       used 24682K, capacity 25516K, committed 25728K, reserved 1071104K
  class space    used 3169K, capacity 3343K, committed 3456K, reserved 1048576K
}
Event: 3.052 GC heap before
{Heap before GC invocations=8 (full 1):
 PSYoungGen      total 108032K, used 107891K [0x00000000d6180000, 0x00000000dee80000, 0x0000000100000000)
  eden space 102400K, 100% used [0x00000000d6180000,0x00000000dc580000,0x00000000dc580000)
  from space 5632K, 97% used [0x00000000de900000,0x00000000dee5cc28,0x00000000dee80000)
  to   space 7680K, 0% used [0x00000000ddf80000,0x00000000ddf80000,0x00000000de700000)
 ParOldGen       total 55296K, used 6499K [0x0000000082400000, 0x0000000085a00000, 0x00000000d6180000)
  object space 55296K, 11% used [0x0000000082400000,0x0000000082a58ce8,0x0000000085a00000)
 Metaspace       used 31991K, capacity 33314K, committed 33536K, reserved 1079296K
  class space    used 4073K, capacity 4332K, committed 4352K, reserved 1048576K
Event: 3.064 GC heap after
Heap after GC invocations=8 (full 1):
 PSYoungGen      total 136704K, used 7651K [0x00000000d6180000, 0x00000000e0c00000, 0x0000000100000000)
  eden space 129024K, 0% used [0x00000000d6180000,0x00000000d6180000,0x00000000ddf80000)
  from space 7680K, 99% used [0x00000000ddf80000,0x00000000de6f8c90,0x00000000de700000)
  to   space 9728K, 0% used [0x00000000e0280000,0x00000000e0280000,0x00000000e0c00000)
 ParOldGen       total 55296K, used 8950K [0x0000000082400000, 0x0000000085a00000, 0x00000000d6180000)
  object space 55296K, 16% used [0x0000000082400000,0x0000000082cbda98,0x0000000085a00000)
 Metaspace       used 31991K, capacity 33314K, committed 33536K, reserved 1079296K
  class space    used 4073K, capacity 4332K, committed 4352K, reserved 1048576K
}
Event: 3.258 GC heap before
{Heap before GC invocations=9 (full 1):
 PSYoungGen      total 136704K, used 29566K [0x00000000d6180000, 0x00000000e0c00000, 0x0000000100000000)
  eden space 129024K, 16% used [0x00000000d6180000,0x00000000d76e6cf0,0x00000000ddf80000)
  from space 7680K, 99% used [0x00000000ddf80000,0x00000000de6f8c90,0x00000000de700000)
  to   space 9728K, 0% used [0x00000000e0280000,0x00000000e0280000,0x00000000e0c00000)
 ParOldGen       total 55296K, used 8950K [0x0000000082400000, 0x0000000085a00000, 0x00000000d6180000)
  object space 55296K, 16% used [0x0000000082400000,0x0000000082cbda98,0x0000000085a00000)
 Metaspace       used 33980K, capacity 35324K, committed 35416K, reserved 1079296K
  class space    used 4378K, capacity 4657K, committed 4696K, reserved 1048576K
Event: 3.264 GC heap after
Heap after GC invocations=9 (full 1):
 PSYoungGen      total 164352K, used 8148K [0x00000000d6180000, 0x00000000e3600000, 0x0000000100000000)
  eden space 154624K, 0% used [0x00000000d6180000,0x00000000d6180000,0x00000000df880000)
  from space 9728K, 83% used [0x00000000e0280000,0x00000000e0a75308,0x00000000e0c00000)
  to   space 10240K, 0% used [0x00000000df880000,0x00000000df880000,0x00000000e0280000)
 ParOldGen       total 55296K, used 8958K [0x0000000082400000, 0x0000000085a00000, 0x00000000d6180000)
  object space 55296K, 16% used [0x0000000082400000,0x0000000082cbfa98,0x0000000085a00000)
 Metaspace       used 33980K, capacity 35324K, committed 35416K, reserved 1079296K
  class space    used 4378K, capacity 4657K, committed 4696K, reserved 1048576K
}
Event: 3.264 GC heap before
{Heap before GC invocations=10 (full 2):
 PSYoungGen      total 164352K, used 8148K [0x00000000d6180000, 0x00000000e3600000, 0x0000000100000000)
  eden space 154624K, 0% used [0x00000000d6180000,0x00000000d6180000,0x00000000df880000)
  from space 9728K, 83% used [0x00000000e0280000,0x00000000e0a75308,0x00000000e0c00000)
  to   space 10240K, 0% used [0x00000000df880000,0x00000000df880000,0x00000000e0280000)
 ParOldGen       total 55296K, used 8958K [0x0000000082400000, 0x0000000085a00000, 0x00000000d6180000)
  object space 55296K, 16% used [0x0000000082400000,0x0000000082cbfa98,0x0000000085a00000)
 Metaspace       used 33980K, capacity 35324K, committed 35416K, reserved 1079296K
  class space    used 4378K, capacity 4657K, committed 4696K, reserved 1048576K
Event: 3.321 GC heap after
Heap after GC invocations=10 (full 2):
 PSYoungGen      total 164352K, used 0K [0x00000000d6180000, 0x00000000e3600000, 0x0000000100000000)
  eden space 154624K, 0% used [0x00000000d6180000,0x00000000d6180000,0x00000000df880000)
  from space 9728K, 0% used [0x00000000e0280000,0x00000000e0280000,0x00000000e0c00000)
  to   space 10240K, 0% used [0x00000000df880000,0x00000000df880000,0x00000000e0280000)
 ParOldGen       total 85504K, used 12754K [0x0000000082400000, 0x0000000087780000, 0x00000000d6180000)
  object space 85504K, 14% used [0x0000000082400000,0x00000000830749b8,0x0000000087780000)
 Metaspace       used 33980K, capacity 35324K, committed 35416K, reserved 1079296K
  class space    used 4378K, capacity 4657K, committed 4696K, reserved 1048576K
}

