# JRE version: Java(TM) SE Runtime Environment (8.0_131-b11) (build 1.8.0_131-b11)
# Java VM: Java HotSpot(TM) 64-Bit Server VM (25.131-b11 mixed mode windows-amd64 compressed oops)
Heap:
 PSYoungGen      total 274432K, used 60214K [0x00000000d6180000, 0x00000000ec000000, 0x0000000100000000)
  eden space 249856K, 24% used [0x00000000d6180000,0x00000000d9c4d940,0x00000000e5580000)
  from space 24576K, 0% used [0x00000000e5580000,0x00000000e5580000,0x00000000e6d80000)
  to   space 24576K, 0% used [0x00000000ea800000,0x00000000ea800000,0x00000000ec000000)
 ParOldGen       total 184320K, used 55086K [0x0000000082400000, 0x000000008d800000, 0x00000000d6180000)
  object space 184320K, 29% used [0x0000000082400000,0x00000000859cb850,0x000000008d800000)
 Metaspace       used 61749K, capacity 64358K, committed 64728K, reserved 1105920K
  class space    used 8048K, capacity 8604K, committed 8664K, reserved 1048576K
GC Heap History (10 events):
Event: 3.707 GC heap before
{Heap before GC invocations=10 (full 2):
 PSYoungGen      total 210944K, used 14697K [0x00000000d6180000, 0x00000000e7d80000, 0x0000000100000000)
  eden space 196096K, 0% used [0x00000000d6180000,0x00000000d6180000,0x00000000e2100000)
  from space 14848K, 98% used [0x00000000e6f00000,0x00000000e7d5a498,0x00000000e7d80000)
  to   space 16384K, 0% used [0x00000000e5d80000,0x00000000e5d80000,0x00000000e6d80000)
 ParOldGen       total 81408K, used 24739K [0x0000000082400000, 0x0000000087380000, 0x00000000d6180000)
  object space 81408K, 30% used [0x0000000082400000,0x0000000083c28e68,0x0000000087380000)
 Metaspace       used 34272K, capacity 35316K, committed 35456K, reserved 1079296K
  class space    used 4299K, capacity 4619K, committed 4736K, reserved 1048576K
Event: 3.744 GC heap after
Heap after GC invocations=10 (full 2):
 PSYoungGen      total 210944K, used 0K [0x00000000d6180000, 0x00000000e7d80000, 0x0000000100000000)
  eden space 196096K, 0% used [0x00000000d6180000,0x00000000d6180000,0x00000000e2100000)
  from space 14848K, 0% used [0x00000000e6f00000,0x00000000e6f00000,0x00000000e7d80000)
  to   space 16384K, 0% used [0x00000000e5d80000,0x00000000e5d80000,0x00000000e6d80000)
 ParOldGen       total 124416K, used 36194K [0x0000000082400000, 0x0000000089d80000, 0x00000000d6180000)
  object space 124416K, 29% used [0x0000000082400000,0x0000000084758888,0x0000000089d80000)
 Metaspace       used 34272K, capacity 35316K, committed 35456K, reserved 1079296K
  class space    used 4299K, capacity 4619K, committed 4736K, reserved 1048576K
}
Event: 4.823 GC heap before
{Heap before GC invocations=11 (full 2):
 PSYoungGen      total 210944K, used 196096K [0x00000000d6180000, 0x00000000e7d80000, 0x0000000100000000)
  eden space 196096K, 100% used [0x00000000d6180000,0x00000000e2100000,0x00000000e2100000)
  from space 14848K, 0% used [0x00000000e6f00000,0x00000000e6f00000,0x00000000e7d80000)
  to   space 16384K, 0% used [0x00000000e5d80000,0x00000000e5d80000,0x00000000e6d80000)
 ParOldGen       total 124416K, used 36194K [0x0000000082400000, 0x0000000089d80000, 0x00000000d6180000)
  object space 124416K, 29% used [0x0000000082400000,0x0000000084758888,0x0000000089d80000)
 Metaspace       used 42194K, capacity 43766K, committed 43904K, reserved 1087488K
  class space    used 5363K, capacity 5744K, committed 5760K, reserved 1048576K
Event: 4.837 GC heap after
Heap after GC invocations=11 (full 2):
 PSYoungGen      total 251392K, used 16065K [0x00000000d6180000, 0x00000000e6f80000, 0x0000000100000000)
  eden space 235008K, 0% used [0x00000000d6180000,0x00000000d6180000,0x00000000e4700000)
  from space 16384K, 98% used [0x00000000e5d80000,0x00000000e6d307f0,0x00000000e6d80000)
  to   space 2048K, 0% used [0x00000000e6d80000,0x00000000e6d80000,0x00000000e6f80000)
 ParOldGen       total 124416K, used 36266K [0x0000000082400000, 0x0000000089d80000, 0x00000000d6180000)
  object space 124416K, 29% used [0x0000000082400000,0x000000008476a898,0x0000000089d80000)
 Metaspace       used 42194K, capacity 43766K, committed 43904K, reserved 1087488K
  class space    used 5363K, capacity 5744K, committed 5760K, reserved 1048576K
}
Event: 6.481 GC heap before
{Heap before GC invocations=12 (full 2):
 PSYoungGen      total 251392K, used 251073K [0x00000000d6180000, 0x00000000e6f80000, 0x0000000100000000)
  eden space 235008K, 100% used [0x00000000d6180000,0x00000000e4700000,0x00000000e4700000)
  from space 16384K, 98% used [0x00000000e5d80000,0x00000000e6d307f0,0x00000000e6d80000)
  to   space 2048K, 0% used [0x00000000e6d80000,0x00000000e6d80000,0x00000000e6f80000)
 ParOldGen       total 124416K, used 36266K [0x0000000082400000, 0x0000000089d80000, 0x00000000d6180000)
  object space 124416K, 29% used [0x0000000082400000,0x000000008476a898,0x0000000089d80000)
 Metaspace       used 54810K, capacity 57210K, committed 57472K, reserved 1099776K
  class space    used 7009K, capacity 7518K, committed 7552K, reserved 1048576K
Event: 6.500 GC heap after
Heap after GC invocations=12 (full 2):
 PSYoungGen      total 251904K, used 2037K [0x00000000d6180000, 0x00000000ea200000, 0x0000000100000000)
  eden space 249856K, 0% used [0x00000000d6180000,0x00000000d6180000,0x00000000e5580000)
  from space 2048K, 99% used [0x00000000e6d80000,0x00000000e6f7d728,0x00000000e6f80000)
  to   space 24576K, 0% used [0x00000000e5580000,0x00000000e5580000,0x00000000e6d80000)
 ParOldGen       total 124416K, used 62986K [0x0000000082400000, 0x0000000089d80000, 0x00000000d6180000)
  object space 124416K, 50% used [0x0000000082400000,0x0000000086182990,0x0000000089d80000)
 Metaspace       used 54810K, capacity 57210K, committed 57472K, reserved 1099776K
  class space    used 7009K, capacity 7518K, committed 7552K, reserved 1048576K
}
Event: 6.635 GC heap before
{Heap before GC invocations=13 (full 2):
 PSYoungGen      total 251904K, used 20264K [0x00000000d6180000, 0x00000000ea200000, 0x0000000100000000)
  eden space 249856K, 7% used [0x00000000d6180000,0x00000000d734ccc8,0x00000000e5580000)
  from space 2048K, 99% used [0x00000000e6d80000,0x00000000e6f7d728,0x00000000e6f80000)
  to   space 24576K, 0% used [0x00000000e5580000,0x00000000e5580000,0x00000000e6d80000)
 ParOldGen       total 124416K, used 62986K [0x0000000082400000, 0x0000000089d80000, 0x00000000d6180000)
  object space 124416K, 50% used [0x0000000082400000,0x0000000086182990,0x0000000089d80000)
 Metaspace       used 56431K, capacity 58874K, committed 59096K, reserved 1099776K
  class space    used 7291K, capacity 7816K, committed 7896K, reserved 1048576K
Event: 6.641 GC heap after
Heap after GC invocations=13 (full 2):
 PSYoungGen      total 274432K, used 3883K [0x00000000d6180000, 0x00000000ec000000, 0x0000000100000000)
  eden space 249856K, 0% used [0x00000000d6180000,0x00000000d6180000,0x00000000e5580000)
  from space 24576K, 15% used [0x00000000e5580000,0x00000000e594aea8,0x00000000e6d80000)
  to   space 24576K, 0% used [0x00000000ea800000,0x00000000ea800000,0x00000000ec000000)
 ParOldGen       total 124416K, used 62994K [0x0000000082400000, 0x0000000089d80000, 0x00000000d6180000)
  object space 124416K, 50% used [0x0000000082400000,0x0000000086184990,0x0000000089d80000)
 Metaspace       used 56431K, capacity 58874K, committed 59096K, reserved 1099776K
  class space    used 7291K, capacity 7816K, committed 7896K, reserved 1048576K
}
Event: 6.641 GC heap before
{Heap before GC invocations=14 (full 3):
 PSYoungGen      total 274432K, used 3883K [0x00000000d6180000, 0x00000000ec000000, 0x0000000100000000)
  eden space 249856K, 0% used [0x00000000d6180000,0x00000000d6180000,0x00000000e5580000)
  from space 24576K, 15% used [0x00000000e5580000,0x00000000e594aea8,0x00000000e6d80000)
  to   space 24576K, 0% used [0x00000000ea800000,0x00000000ea800000,0x00000000ec000000)
 ParOldGen       total 124416K, used 62994K [0x0000000082400000, 0x0000000089d80000, 0x00000000d6180000)
  object space 124416K, 50% used [0x0000000082400000,0x0000000086184990,0x0000000089d80000)
 Metaspace       used 56431K, capacity 58874K, committed 59096K, reserved 1099776K
  class space    used 7291K, capacity 7816K, committed 7896K, reserved 1048576K
Event: 6.862 GC heap after
Heap after GC invocations=14 (full 3):
 PSYoungGen      total 274432K, used 0K [0x00000000d6180000, 0x00000000ec000000, 0x0000000100000000)
  eden space 249856K, 0% used [0x00000000d6180000,0x00000000d6180000,0x00000000e5580000)
  from space 24576K, 0% used [0x00000000e5580000,0x00000000e5580000,0x00000000e6d80000)
  to   space 24576K, 0% used [0x00000000ea800000,0x00000000ea800000,0x00000000ec000000)
 ParOldGen       total 184320K, used 55086K [0x0000000082400000, 0x000000008d800000, 0x00000000d6180000)
  object space 184320K, 29% used [0x0000000082400000,0x00000000859cb850,0x000000008d800000)
 Metaspace       used 56431K, capacity 58874K, committed 59096K, reserved 1099776K
  class space    used 7291K, capacity 7816K, committed 7896K, reserved 1048576K
}

