# JRE version: Java(TM) SE Runtime Environment (8.0_131-b11) (build 1.8.0_131-b11)
# Java VM: Java HotSpot(TM) 64-Bit Server VM (25.131-b11 mixed mode windows-amd64 compressed oops)
Heap:
 PSYoungGen      total 175104K, used 93978K [0x00000000d6180000, 0x00000000e4580000, 0x0000000100000000)
  eden space 163840K, 50% used [0x00000000d6180000,0x00000000db24a3b0,0x00000000e0180000)
  from space 11264K, 99% used [0x00000000e0180000,0x00000000e0c7c628,0x00000000e0c80000)
  to   space 13824K, 0% used [0x00000000e3800000,0x00000000e3800000,0x00000000e4580000)
 ParOldGen       total 86016K, used 16242K [0x0000000082400000, 0x0000000087800000, 0x00000000d6180000)
  object space 86016K, 18% used [0x0000000082400000,0x00000000833dcac0,0x0000000087800000)
 Metaspace       used 48026K, capacity 50158K, committed 50392K, reserved 1093632K
  class space    used 6239K, capacity 6610K, committed 6616K, reserved 1048576K
GC Heap History (10 events):
Event: 1.644 GC heap before
{Heap before GC invocations=7 (full 1):
 PSYoungGen      total 70656K, used 65536K [0x00000000d6180000, 0x00000000df380000, 0x0000000100000000)
  eden space 65536K, 100% used [0x00000000d6180000,0x00000000da180000,0x00000000da180000)
  from space 5120K, 0% used [0x00000000da180000,0x00000000da180000,0x00000000da680000)
  to   space 9216K, 0% used [0x00000000dea80000,0x00000000dea80000,0x00000000df380000)
 ParOldGen       total 56832K, used 8625K [0x0000000082400000, 0x0000000085b80000, 0x00000000d6180000)
  object space 56832K, 15% used [0x0000000082400000,0x0000000082c6c6e8,0x0000000085b80000)
 Metaspace       used 24146K, capacity 24946K, committed 25088K, reserved 1071104K
  class space    used 3090K, capacity 3278K, committed 3328K, reserved 1048576K
Event: 1.648 GC heap after
Heap after GC invocations=7 (full 1):
 PSYoungGen      total 110592K, used 4774K [0x00000000d6180000, 0x00000000def80000, 0x0000000100000000)
  eden space 105472K, 0% used [0x00000000d6180000,0x00000000d6180000,0x00000000dc880000)
  from space 5120K, 93% used [0x00000000dea80000,0x00000000def29a60,0x00000000def80000)
  to   space 8704K, 0% used [0x00000000dde80000,0x00000000dde80000,0x00000000de700000)
 ParOldGen       total 56832K, used 8697K [0x0000000082400000, 0x0000000085b80000, 0x00000000d6180000)
  object space 56832K, 15% used [0x0000000082400000,0x0000000082c7e6f8,0x0000000085b80000)
 Metaspace       used 24146K, capacity 24946K, committed 25088K, reserved 1071104K
  class space    used 3090K, capacity 3278K, committed 3328K, reserved 1048576K
}
Event: 2.619 GC heap before
{Heap before GC invocations=8 (full 1):
 PSYoungGen      total 110592K, used 110246K [0x00000000d6180000, 0x00000000def80000, 0x0000000100000000)
  eden space 105472K, 100% used [0x00000000d6180000,0x00000000dc880000,0x00000000dc880000)
  from space 5120K, 93% used [0x00000000dea80000,0x00000000def29a60,0x00000000def80000)
  to   space 8704K, 0% used [0x00000000dde80000,0x00000000dde80000,0x00000000de700000)
 ParOldGen       total 56832K, used 8697K [0x0000000082400000, 0x0000000085b80000, 0x00000000d6180000)
  object space 56832K, 15% used [0x0000000082400000,0x0000000082c7e6f8,0x0000000085b80000)
 Metaspace       used 31150K, capacity 32400K, committed 32640K, reserved 1077248K
  class space    used 3949K, capacity 4223K, committed 4224K, reserved 1048576K
Event: 2.626 GC heap after
Heap after GC invocations=8 (full 1):
 PSYoungGen      total 136704K, used 8675K [0x00000000d6180000, 0x00000000e1680000, 0x0000000100000000)
  eden space 128000K, 0% used [0x00000000d6180000,0x00000000d6180000,0x00000000dde80000)
  from space 8704K, 99% used [0x00000000dde80000,0x00000000de6f8ff0,0x00000000de700000)
  to   space 10240K, 0% used [0x00000000e0c80000,0x00000000e0c80000,0x00000000e1680000)
 ParOldGen       total 56832K, used 9700K [0x0000000082400000, 0x0000000085b80000, 0x00000000d6180000)
  object space 56832K, 17% used [0x0000000082400000,0x0000000082d79348,0x0000000085b80000)
 Metaspace       used 31150K, capacity 32400K, committed 32640K, reserved 1077248K
  class space    used 3949K, capacity 4223K, committed 4224K, reserved 1048576K
}
Event: 2.870 GC heap before
{Heap before GC invocations=9 (full 1):
 PSYoungGen      total 136704K, used 50845K [0x00000000d6180000, 0x00000000e1680000, 0x0000000100000000)
  eden space 128000K, 32% used [0x00000000d6180000,0x00000000d8aae5d0,0x00000000dde80000)
  from space 8704K, 99% used [0x00000000dde80000,0x00000000de6f8ff0,0x00000000de700000)
  to   space 10240K, 0% used [0x00000000e0c80000,0x00000000e0c80000,0x00000000e1680000)
 ParOldGen       total 56832K, used 9700K [0x0000000082400000, 0x0000000085b80000, 0x00000000d6180000)
  object space 56832K, 17% used [0x0000000082400000,0x0000000082d79348,0x0000000085b80000)
 Metaspace       used 34007K, capacity 35352K, committed 35416K, reserved 1079296K
  class space    used 4395K, capacity 4671K, committed 4696K, reserved 1048576K
Event: 2.875 GC heap after
Heap after GC invocations=9 (full 1):
 PSYoungGen      total 174080K, used 8830K [0x00000000d6180000, 0x00000000e3b80000, 0x0000000100000000)
  eden space 163840K, 0% used [0x00000000d6180000,0x00000000d6180000,0x00000000e0180000)
  from space 10240K, 86% used [0x00000000e0c80000,0x00000000e151f9e8,0x00000000e1680000)
  to   space 11264K, 0% used [0x00000000e0180000,0x00000000e0180000,0x00000000e0c80000)
 ParOldGen       total 56832K, used 9708K [0x0000000082400000, 0x0000000085b80000, 0x00000000d6180000)
  object space 56832K, 17% used [0x0000000082400000,0x0000000082d7b348,0x0000000085b80000)
 Metaspace       used 34007K, capacity 35352K, committed 35416K, reserved 1079296K
  class space    used 4395K, capacity 4671K, committed 4696K, reserved 1048576K
}
Event: 2.875 GC heap before
{Heap before GC invocations=10 (full 2):
 PSYoungGen      total 174080K, used 8830K [0x00000000d6180000, 0x00000000e3b80000, 0x0000000100000000)
  eden space 163840K, 0% used [0x00000000d6180000,0x00000000d6180000,0x00000000e0180000)
  from space 10240K, 86% used [0x00000000e0c80000,0x00000000e151f9e8,0x00000000e1680000)
  to   space 11264K, 0% used [0x00000000e0180000,0x00000000e0180000,0x00000000e0c80000)
 ParOldGen       total 56832K, used 9708K [0x0000000082400000, 0x0000000085b80000, 0x00000000d6180000)
  object space 56832K, 17% used [0x0000000082400000,0x0000000082d7b348,0x0000000085b80000)
 Metaspace       used 34007K, capacity 35352K, committed 35416K, reserved 1079296K
  class space    used 4395K, capacity 4671K, committed 4696K, reserved 1048576K
Event: 2.922 GC heap after
Heap after GC invocations=10 (full 2):
 PSYoungGen      total 174080K, used 0K [0x00000000d6180000, 0x00000000e3b80000, 0x0000000100000000)
  eden space 163840K, 0% used [0x00000000d6180000,0x00000000d6180000,0x00000000e0180000)
  from space 10240K, 0% used [0x00000000e0c80000,0x00000000e0c80000,0x00000000e1680000)
  to   space 11264K, 0% used [0x00000000e0180000,0x00000000e0180000,0x00000000e0c80000)
 ParOldGen       total 86016K, used 13480K [0x0000000082400000, 0x0000000087800000, 0x00000000d6180000)
  object space 86016K, 15% used [0x0000000082400000,0x000000008312a1b0,0x0000000087800000)
 Metaspace       used 34007K, capacity 35352K, committed 35416K, reserved 1079296K
  class space    used 4395K, capacity 4671K, committed 4696K, reserved 1048576K
}
Event: 3.887 GC heap before
{Heap before GC invocations=11 (full 2):
 PSYoungGen      total 174080K, used 163840K [0x00000000d6180000, 0x00000000e3b80000, 0x0000000100000000)
  eden space 163840K, 100% used [0x00000000d6180000,0x00000000e0180000,0x00000000e0180000)
  from space 10240K, 0% used [0x00000000e0c80000,0x00000000e0c80000,0x00000000e1680000)
  to   space 11264K, 0% used [0x00000000e0180000,0x00000000e0180000,0x00000000e0c80000)
 ParOldGen       total 86016K, used 13480K [0x0000000082400000, 0x0000000087800000, 0x00000000d6180000)
  object space 86016K, 15% used [0x0000000082400000,0x000000008312a1b0,0x0000000087800000)
 Metaspace       used 45002K, capacity 46656K, committed 46936K, reserved 1089536K
  class space    used 5884K, capacity 6199K, committed 6232K, reserved 1048576K
Event: 3.897 GC heap after
Heap after GC invocations=11 (full 2):
 PSYoungGen      total 175104K, used 11249K [0x00000000d6180000, 0x00000000e4580000, 0x0000000100000000)
  eden space 163840K, 0% used [0x00000000d6180000,0x00000000d6180000,0x00000000e0180000)
  from space 11264K, 99% used [0x00000000e0180000,0x00000000e0c7c628,0x00000000e0c80000)
  to   space 13824K, 0% used [0x00000000e3800000,0x00000000e3800000,0x00000000e4580000)
 ParOldGen       total 86016K, used 16242K [0x0000000082400000, 0x0000000087800000, 0x00000000d6180000)
  object space 86016K, 18% used [0x0000000082400000,0x00000000833dcac0,0x0000000087800000)
 Metaspace       used 45002K, capacity 46656K, committed 46936K, reserved 1089536K
  class space    used 5884K, capacity 6199K, committed 6232K, reserved 1048576K
}

