# JRE version: Java(TM) SE Runtime Environment (8.0_131-b11) (build 1.8.0_131-b11)
# Java VM: Java HotSpot(TM) 64-Bit Server VM (25.131-b11 mixed mode windows-amd64 compressed oops)
Heap:
 PSYoungGen      total 251392K, used 134843K [0x00000000d6180000, 0x00000000e6f80000, 0x0000000100000000)
  eden space 235008K, 50% used [0x00000000d6180000,0x00000000dd57c868,0x00000000e4700000)
  from space 16384K, 98% used [0x00000000e5c80000,0x00000000e6c32700,0x00000000e6c80000)
  to   space 3072K, 0% used [0x00000000e6c80000,0x00000000e6c80000,0x00000000e6f80000)
 ParOldGen       total 124928K, used 36720K [0x0000000082400000, 0x0000000089e00000, 0x00000000d6180000)
  object space 124928K, 29% used [0x0000000082400000,0x00000000847dc380,0x0000000089e00000)
 Metaspace       used 48101K, capacity 50158K, committed 50432K, reserved 1093632K
  class space    used 6104K, capacity 6552K, committed 6656K, reserved 1048576K
GC Heap History (10 events):
Event: 6.595 GC heap before
{Heap before GC invocations=7 (full 0):
 PSYoungGen      total 143360K, used 89288K [0x00000000d6180000, 0x00000000dfb80000, 0x0000000100000000)
  eden space 130560K, 60% used [0x00000000d6180000,0x00000000daeaad10,0x00000000de100000)
  from space 12800K, 80% used [0x00000000dee00000,0x00000000df8075f8,0x00000000dfa80000)
  to   space 13312K, 0% used [0x00000000de100000,0x00000000de100000,0x00000000dee00000)
 ParOldGen       total 86016K, used 16174K [0x0000000082400000, 0x0000000087800000, 0x00000000d6180000)
  object space 86016K, 18% used [0x0000000082400000,0x00000000833cb8e8,0x0000000087800000)
 Metaspace       used 20470K, capacity 21112K, committed 21296K, reserved 1069056K
  class space    used 2395K, capacity 2626K, committed 2688K, reserved 1048576K
Event: 6.628 GC heap after
Heap after GC invocations=7 (full 0):
 PSYoungGen      total 143872K, used 13124K [0x00000000d6180000, 0x00000000e7d80000, 0x0000000100000000)
  eden space 130560K, 0% used [0x00000000d6180000,0x00000000d6180000,0x00000000de100000)
  from space 13312K, 98% used [0x00000000de100000,0x00000000dedd1060,0x00000000dee00000)
  to   space 14848K, 0% used [0x00000000e6f00000,0x00000000e6f00000,0x00000000e7d80000)
 ParOldGen       total 86016K, used 18128K [0x0000000082400000, 0x0000000087800000, 0x00000000d6180000)
  object space 86016K, 21% used [0x0000000082400000,0x00000000835b41a8,0x0000000087800000)
 Metaspace       used 20470K, capacity 21112K, committed 21296K, reserved 1069056K
  class space    used 2395K, capacity 2626K, committed 2688K, reserved 1048576K
}
Event: 6.628 GC heap before
{Heap before GC invocations=8 (full 1):
 PSYoungGen      total 143872K, used 13124K [0x00000000d6180000, 0x00000000e7d80000, 0x0000000100000000)
  eden space 130560K, 0% used [0x00000000d6180000,0x00000000d6180000,0x00000000de100000)
  from space 13312K, 98% used [0x00000000de100000,0x00000000dedd1060,0x00000000dee00000)
  to   space 14848K, 0% used [0x00000000e6f00000,0x00000000e6f00000,0x00000000e7d80000)
 ParOldGen       total 86016K, used 18128K [0x0000000082400000, 0x0000000087800000, 0x00000000d6180000)
  object space 86016K, 21% used [0x0000000082400000,0x00000000835b41a8,0x0000000087800000)
 Metaspace       used 20470K, capacity 21112K, committed 21296K, reserved 1069056K
  class space    used 2395K, capacity 2626K, committed 2688K, reserved 1048576K
Event: 6.748 GC heap after
Heap after GC invocations=8 (full 1):
 PSYoungGen      total 143872K, used 0K [0x00000000d6180000, 0x00000000e7d80000, 0x0000000100000000)
  eden space 130560K, 0% used [0x00000000d6180000,0x00000000d6180000,0x00000000de100000)
  from space 13312K, 0% used [0x00000000de100000,0x00000000de100000,0x00000000dee00000)
  to   space 14848K, 0% used [0x00000000e6f00000,0x00000000e6f00000,0x00000000e7d80000)
 ParOldGen       total 80384K, used 24582K [0x0000000082400000, 0x0000000087280000, 0x00000000d6180000)
  object space 80384K, 30% used [0x0000000082400000,0x0000000083c01898,0x0000000087280000)
 Metaspace       used 20470K, capacity 21112K, committed 21296K, reserved 1069056K
  class space    used 2395K, capacity 2626K, committed 2688K, reserved 1048576K
}
Event: 8.159 GC heap before
{Heap before GC invocations=9 (full 1):
 PSYoungGen      total 143872K, used 121444K [0x00000000d6180000, 0x00000000e7d80000, 0x0000000100000000)
  eden space 130560K, 93% used [0x00000000d6180000,0x00000000dd819350,0x00000000de100000)
  from space 13312K, 0% used [0x00000000de100000,0x00000000de100000,0x00000000dee00000)
  to   space 14848K, 0% used [0x00000000e6f00000,0x00000000e6f00000,0x00000000e7d80000)
 ParOldGen       total 80384K, used 24582K [0x0000000082400000, 0x0000000087280000, 0x00000000d6180000)
  object space 80384K, 30% used [0x0000000082400000,0x0000000083c01898,0x0000000087280000)
 Metaspace       used 34220K, capacity 35334K, committed 35456K, reserved 1079296K
  class space    used 4290K, capacity 4622K, committed 4736K, reserved 1048576K
Event: 8.184 GC heap after
Heap after GC invocations=9 (full 1):
 PSYoungGen      total 212480K, used 14823K [0x00000000d6180000, 0x00000000e7d80000, 0x0000000100000000)
  eden space 197632K, 0% used [0x00000000d6180000,0x00000000d6180000,0x00000000e2280000)
  from space 14848K, 99% used [0x00000000e6f00000,0x00000000e7d79d40,0x00000000e7d80000)
  to   space 16896K, 0% used [0x00000000e5c80000,0x00000000e5c80000,0x00000000e6d00000)
 ParOldGen       total 80384K, used 24936K [0x0000000082400000, 0x0000000087280000, 0x00000000d6180000)
  object space 80384K, 31% used [0x0000000082400000,0x0000000083c5a358,0x0000000087280000)
 Metaspace       used 34220K, capacity 35334K, committed 35456K, reserved 1079296K
  class space    used 4290K, capacity 4622K, committed 4736K, reserved 1048576K
}
Event: 8.184 GC heap before
{Heap before GC invocations=10 (full 2):
 PSYoungGen      total 212480K, used 14823K [0x00000000d6180000, 0x00000000e7d80000, 0x0000000100000000)
  eden space 197632K, 0% used [0x00000000d6180000,0x00000000d6180000,0x00000000e2280000)
  from space 14848K, 99% used [0x00000000e6f00000,0x00000000e7d79d40,0x00000000e7d80000)
  to   space 16896K, 0% used [0x00000000e5c80000,0x00000000e5c80000,0x00000000e6d00000)
 ParOldGen       total 80384K, used 24936K [0x0000000082400000, 0x0000000087280000, 0x00000000d6180000)
  object space 80384K, 31% used [0x0000000082400000,0x0000000083c5a358,0x0000000087280000)
 Metaspace       used 34220K, capacity 35334K, committed 35456K, reserved 1079296K
  class space    used 4290K, capacity 4622K, committed 4736K, reserved 1048576K
Event: 8.270 GC heap after
Heap after GC invocations=10 (full 2):
 PSYoungGen      total 212480K, used 0K [0x00000000d6180000, 0x00000000e7d80000, 0x0000000100000000)
  eden space 197632K, 0% used [0x00000000d6180000,0x00000000d6180000,0x00000000e2280000)
  from space 14848K, 0% used [0x00000000e6f00000,0x00000000e6f00000,0x00000000e7d80000)
  to   space 16896K, 0% used [0x00000000e5c80000,0x00000000e5c80000,0x00000000e6d00000)
 ParOldGen       total 124928K, used 36648K [0x0000000082400000, 0x0000000089e00000, 0x00000000d6180000)
  object space 124928K, 29% used [0x0000000082400000,0x00000000847ca370,0x0000000089e00000)
 Metaspace       used 34220K, capacity 35334K, committed 35456K, reserved 1079296K
  class space    used 4290K, capacity 4622K, committed 4736K, reserved 1048576K
}
Event: 10.030 GC heap before
{Heap before GC invocations=11 (full 2):
 PSYoungGen      total 212480K, used 197632K [0x00000000d6180000, 0x00000000e7d80000, 0x0000000100000000)
  eden space 197632K, 100% used [0x00000000d6180000,0x00000000e2280000,0x00000000e2280000)
  from space 14848K, 0% used [0x00000000e6f00000,0x00000000e6f00000,0x00000000e7d80000)
  to   space 16896K, 0% used [0x00000000e5c80000,0x00000000e5c80000,0x00000000e6d00000)
 ParOldGen       total 124928K, used 36648K [0x0000000082400000, 0x0000000089e00000, 0x00000000d6180000)
  object space 124928K, 29% used [0x0000000082400000,0x00000000847ca370,0x0000000089e00000)
 Metaspace       used 42217K, capacity 43830K, committed 43904K, reserved 1087488K
  class space    used 5360K, capacity 5744K, committed 5760K, reserved 1048576K
Event: 10.055 GC heap after
Heap after GC invocations=11 (full 2):
 PSYoungGen      total 251392K, used 16073K [0x00000000d6180000, 0x00000000e6f80000, 0x0000000100000000)
  eden space 235008K, 0% used [0x00000000d6180000,0x00000000d6180000,0x00000000e4700000)
  from space 16384K, 98% used [0x00000000e5c80000,0x00000000e6c32700,0x00000000e6c80000)
  to   space 3072K, 0% used [0x00000000e6c80000,0x00000000e6c80000,0x00000000e6f80000)
 ParOldGen       total 124928K, used 36720K [0x0000000082400000, 0x0000000089e00000, 0x00000000d6180000)
  object space 124928K, 29% used [0x0000000082400000,0x00000000847dc380,0x0000000089e00000)
 Metaspace       used 42217K, capacity 43830K, committed 43904K, reserved 1087488K
  class space    used 5360K, capacity 5744K, committed 5760K, reserved 1048576K
}

