# JRE version: Java(TM) SE Runtime Environment (8.0_131-b11) (build 1.8.0_131-b11)
# Java VM: Java HotSpot(TM) 64-Bit Server VM (25.131-b11 mixed mode windows-amd64 compressed oops)
Heap:
 PSYoungGen      total 210432K, used 35060K [0x00000000d6180000, 0x00000000e3d00000, 0x0000000100000000)
  eden space 199168K, 17% used [0x00000000d6180000,0x00000000d83bd360,0x00000000e2400000)
  from space 11264K, 0% used [0x00000000e3200000,0x00000000e3200000,0x00000000e3d00000)
  to   space 12800K, 0% used [0x00000000e2400000,0x00000000e2400000,0x00000000e3080000)
 ParOldGen       total 95744K, used 15384K [0x0000000082400000, 0x0000000088180000, 0x00000000d6180000)
  object space 95744K, 16% used [0x0000000082400000,0x0000000083306110,0x0000000088180000)
 Metaspace       used 37451K, capacity 38792K, committed 39128K, reserved 1083392K
  class space    used 4947K, capacity 5213K, committed 5336K, reserved 1048576K
GC Heap History (10 events):
Event: 1.296 GC heap before
{Heap before GC invocations=4 (full 0):
 PSYoungGen      total 70656K, used 44060K [0x00000000d6180000, 0x00000000deb80000, 0x0000000100000000)
  eden space 65536K, 59% used [0x00000000d6180000,0x00000000d8788298,0x00000000da180000)
  from space 5120K, 99% used [0x00000000da180000,0x00000000da67ee90,0x00000000da680000)
  to   space 5120K, 0% used [0x00000000de680000,0x00000000de680000,0x00000000deb80000)
 ParOldGen       total 86016K, used 2711K [0x0000000082400000, 0x0000000087800000, 0x00000000d6180000)
  object space 86016K, 3% used [0x0000000082400000,0x00000000826a5df0,0x0000000087800000)
 Metaspace       used 20540K, capacity 21216K, committed 21248K, reserved 1067008K
  class space    used 2629K, capacity 2807K, committed 2816K, reserved 1048576K
Event: 1.303 GC heap after
Heap after GC invocations=4 (full 0):
 PSYoungGen      total 136192K, used 5093K [0x00000000d6180000, 0x00000000deb80000, 0x0000000100000000)
  eden space 131072K, 0% used [0x00000000d6180000,0x00000000d6180000,0x00000000de180000)
  from space 5120K, 99% used [0x00000000de680000,0x00000000deb79720,0x00000000deb80000)
  to   space 5120K, 0% used [0x00000000de180000,0x00000000de180000,0x00000000de680000)
 ParOldGen       total 86016K, used 5923K [0x0000000082400000, 0x0000000087800000, 0x00000000d6180000)
  object space 86016K, 6% used [0x0000000082400000,0x00000000829c8f28,0x0000000087800000)
 Metaspace       used 20540K, capacity 21216K, committed 21248K, reserved 1067008K
  class space    used 2629K, capacity 2807K, committed 2816K, reserved 1048576K
}
Event: 1.303 GC heap before
{Heap before GC invocations=5 (full 1):
 PSYoungGen      total 136192K, used 5093K [0x00000000d6180000, 0x00000000deb80000, 0x0000000100000000)
  eden space 131072K, 0% used [0x00000000d6180000,0x00000000d6180000,0x00000000de180000)
  from space 5120K, 99% used [0x00000000de680000,0x00000000deb79720,0x00000000deb80000)
  to   space 5120K, 0% used [0x00000000de180000,0x00000000de180000,0x00000000de680000)
 ParOldGen       total 86016K, used 5923K [0x0000000082400000, 0x0000000087800000, 0x00000000d6180000)
  object space 86016K, 6% used [0x0000000082400000,0x00000000829c8f28,0x0000000087800000)
 Metaspace       used 20540K, capacity 21216K, committed 21248K, reserved 1067008K
  class space    used 2629K, capacity 2807K, committed 2816K, reserved 1048576K
Event: 1.323 GC heap after
Heap after GC invocations=5 (full 1):
 PSYoungGen      total 136192K, used 0K [0x00000000d6180000, 0x00000000deb80000, 0x0000000100000000)
  eden space 131072K, 0% used [0x00000000d6180000,0x00000000d6180000,0x00000000de180000)
  from space 5120K, 0% used [0x00000000de680000,0x00000000de680000,0x00000000deb80000)
  to   space 5120K, 0% used [0x00000000de180000,0x00000000de180000,0x00000000de680000)
 ParOldGen       total 59392K, used 8157K [0x0000000082400000, 0x0000000085e00000, 0x00000000d6180000)
  object space 59392K, 13% used [0x0000000082400000,0x0000000082bf7408,0x0000000085e00000)
 Metaspace       used 20540K, capacity 21216K, committed 21248K, reserved 1067008K
  class space    used 2629K, capacity 2807K, committed 2816K, reserved 1048576K
}
Event: 1.941 GC heap before
{Heap before GC invocations=6 (full 1):
 PSYoungGen      total 136192K, used 131072K [0x00000000d6180000, 0x00000000deb80000, 0x0000000100000000)
  eden space 131072K, 100% used [0x00000000d6180000,0x00000000de180000,0x00000000de180000)
  from space 5120K, 0% used [0x00000000de680000,0x00000000de680000,0x00000000deb80000)
  to   space 5120K, 0% used [0x00000000de180000,0x00000000de180000,0x00000000de680000)
 ParOldGen       total 59392K, used 8157K [0x0000000082400000, 0x0000000085e00000, 0x00000000d6180000)
  object space 59392K, 13% used [0x0000000082400000,0x0000000082bf7408,0x0000000085e00000)
 Metaspace       used 27626K, capacity 28830K, committed 28928K, reserved 1075200K
  class space    used 3570K, capacity 3808K, committed 3840K, reserved 1048576K
Event: 1.948 GC heap after
Heap after GC invocations=6 (full 1):
 PSYoungGen      total 136192K, used 5093K [0x00000000d6180000, 0x00000000e3d00000, 0x0000000100000000)
  eden space 131072K, 0% used [0x00000000d6180000,0x00000000d6180000,0x00000000de180000)
  from space 5120K, 99% used [0x00000000de180000,0x00000000de679718,0x00000000de680000)
  to   space 11264K, 0% used [0x00000000e3200000,0x00000000e3200000,0x00000000e3d00000)
 ParOldGen       total 59392K, used 11916K [0x0000000082400000, 0x0000000085e00000, 0x00000000d6180000)
  object space 59392K, 20% used [0x0000000082400000,0x0000000082fa33a8,0x0000000085e00000)
 Metaspace       used 27626K, capacity 28830K, committed 28928K, reserved 1075200K
  class space    used 3570K, capacity 3808K, committed 3840K, reserved 1048576K
}
Event: 2.644 GC heap before
{Heap before GC invocations=7 (full 1):
 PSYoungGen      total 136192K, used 84924K [0x00000000d6180000, 0x00000000e3d00000, 0x0000000100000000)
  eden space 131072K, 60% used [0x00000000d6180000,0x00000000daf759f8,0x00000000de180000)
  from space 5120K, 99% used [0x00000000de180000,0x00000000de679718,0x00000000de680000)
  to   space 11264K, 0% used [0x00000000e3200000,0x00000000e3200000,0x00000000e3d00000)
 ParOldGen       total 59392K, used 11916K [0x0000000082400000, 0x0000000085e00000, 0x00000000d6180000)
  object space 59392K, 20% used [0x0000000082400000,0x0000000082fa33a8,0x0000000085e00000)
 Metaspace       used 33985K, capacity 35278K, committed 35416K, reserved 1079296K
  class space    used 4405K, capacity 4660K, committed 4696K, reserved 1048576K
Event: 2.652 GC heap after
Heap after GC invocations=7 (full 1):
 PSYoungGen      total 210432K, used 10787K [0x00000000d6180000, 0x00000000e3d00000, 0x0000000100000000)
  eden space 199168K, 0% used [0x00000000d6180000,0x00000000d6180000,0x00000000e2400000)
  from space 11264K, 95% used [0x00000000e3200000,0x00000000e3c88e58,0x00000000e3d00000)
  to   space 12800K, 0% used [0x00000000e2400000,0x00000000e2400000,0x00000000e3080000)
 ParOldGen       total 59392K, used 11924K [0x0000000082400000, 0x0000000085e00000, 0x00000000d6180000)
  object space 59392K, 20% used [0x0000000082400000,0x0000000082fa53a8,0x0000000085e00000)
 Metaspace       used 33985K, capacity 35278K, committed 35416K, reserved 1079296K
  class space    used 4405K, capacity 4660K, committed 4696K, reserved 1048576K
}
Event: 2.652 GC heap before
{Heap before GC invocations=8 (full 2):
 PSYoungGen      total 210432K, used 10787K [0x00000000d6180000, 0x00000000e3d00000, 0x0000000100000000)
  eden space 199168K, 0% used [0x00000000d6180000,0x00000000d6180000,0x00000000e2400000)
  from space 11264K, 95% used [0x00000000e3200000,0x00000000e3c88e58,0x00000000e3d00000)
  to   space 12800K, 0% used [0x00000000e2400000,0x00000000e2400000,0x00000000e3080000)
 ParOldGen       total 59392K, used 11924K [0x0000000082400000, 0x0000000085e00000, 0x00000000d6180000)
  object space 59392K, 20% used [0x0000000082400000,0x0000000082fa53a8,0x0000000085e00000)
 Metaspace       used 33985K, capacity 35278K, committed 35416K, reserved 1079296K
  class space    used 4405K, capacity 4660K, committed 4696K, reserved 1048576K
Event: 2.695 GC heap after
Heap after GC invocations=8 (full 2):
 PSYoungGen      total 210432K, used 0K [0x00000000d6180000, 0x00000000e3d00000, 0x0000000100000000)
  eden space 199168K, 0% used [0x00000000d6180000,0x00000000d6180000,0x00000000e2400000)
  from space 11264K, 0% used [0x00000000e3200000,0x00000000e3200000,0x00000000e3d00000)
  to   space 12800K, 0% used [0x00000000e2400000,0x00000000e2400000,0x00000000e3080000)
 ParOldGen       total 95744K, used 15384K [0x0000000082400000, 0x0000000088180000, 0x00000000d6180000)
  object space 95744K, 16% used [0x0000000082400000,0x0000000083306110,0x0000000088180000)
 Metaspace       used 33985K, capacity 35278K, committed 35416K, reserved 1079296K
  class space    used 4405K, capacity 4660K, committed 4696K, reserved 1048576K
}

