# JRE version: Java(TM) SE Runtime Environment (8.0_131-b11) (build 1.8.0_131-b11)
# Java VM: Java HotSpot(TM) 64-Bit Server VM (25.131-b11 mixed mode windows-amd64 compressed oops)
Heap:
 PSYoungGen      total 143872K, used 98838K [0x00000000d6180000, 0x00000000e7d80000, 0x0000000100000000)
  eden space 130560K, 75% used [0x00000000d6180000,0x00000000dc205830,0x00000000de100000)
  from space 13312K, 0% used [0x00000000de100000,0x00000000de100000,0x00000000dee00000)
  to   space 14848K, 0% used [0x00000000e6f00000,0x00000000e6f00000,0x00000000e7d80000)
 ParOldGen       total 82432K, used 24623K [0x0000000082400000, 0x0000000087480000, 0x00000000d6180000)
  object space 82432K, 29% used [0x0000000082400000,0x0000000083c0bd98,0x0000000087480000)
 Metaspace       used 31637K, capacity 32606K, committed 32768K, reserved 1077248K
  class space    used 3961K, capacity 4260K, committed 4352K, reserved 1048576K
GC Heap History (10 events):
Event: 1.826 GC heap before
{Heap before GC invocations=4 (full 0):
 PSYoungGen      total 37888K, used 37872K [0x00000000d6180000, 0x00000000dab80000, 0x0000000100000000)
  eden space 32768K, 100% used [0x00000000d6180000,0x00000000d8180000,0x00000000d8180000)
  from space 5120K, 99% used [0x00000000d8180000,0x00000000d867c030,0x00000000d8680000)
  to   space 5120K, 0% used [0x00000000da680000,0x00000000da680000,0x00000000dab80000)
 ParOldGen       total 86016K, used 5698K [0x0000000082400000, 0x0000000087800000, 0x00000000d6180000)
  object space 86016K, 6% used [0x0000000082400000,0x0000000082990978,0x0000000087800000)
 Metaspace       used 15689K, capacity 15942K, committed 16128K, reserved 1062912K
  class space    used 1908K, capacity 2013K, committed 2048K, reserved 1048576K
Event: 1.833 GC heap after
Heap after GC invocations=4 (full 0):
 PSYoungGen      total 70656K, used 5104K [0x00000000d6180000, 0x00000000dab80000, 0x0000000100000000)
  eden space 65536K, 0% used [0x00000000d6180000,0x00000000d6180000,0x00000000da180000)
  from space 5120K, 99% used [0x00000000da680000,0x00000000dab7c070,0x00000000dab80000)
  to   space 5120K, 0% used [0x00000000da180000,0x00000000da180000,0x00000000da680000)
 ParOldGen       total 86016K, used 9042K [0x0000000082400000, 0x0000000087800000, 0x00000000d6180000)
  object space 86016K, 10% used [0x0000000082400000,0x0000000082cd4970,0x0000000087800000)
 Metaspace       used 15689K, capacity 15942K, committed 16128K, reserved 1062912K
  class space    used 1908K, capacity 2013K, committed 2048K, reserved 1048576K
}
Event: 2.133 GC heap before
{Heap before GC invocations=5 (full 0):
 PSYoungGen      total 70656K, used 70640K [0x00000000d6180000, 0x00000000dab80000, 0x0000000100000000)
  eden space 65536K, 100% used [0x00000000d6180000,0x00000000da180000,0x00000000da180000)
  from space 5120K, 99% used [0x00000000da680000,0x00000000dab7c070,0x00000000dab80000)
  to   space 5120K, 0% used [0x00000000da180000,0x00000000da180000,0x00000000da680000)
 ParOldGen       total 86016K, used 9042K [0x0000000082400000, 0x0000000087800000, 0x00000000d6180000)
  object space 86016K, 10% used [0x0000000082400000,0x0000000082cd4970,0x0000000087800000)
 Metaspace       used 16020K, capacity 16318K, committed 16512K, reserved 1062912K
  class space    used 1926K, capacity 2049K, committed 2176K, reserved 1048576K
Event: 2.142 GC heap after
Heap after GC invocations=5 (full 0):
 PSYoungGen      total 70656K, used 5104K [0x00000000d6180000, 0x00000000dfa80000, 0x0000000100000000)
  eden space 65536K, 0% used [0x00000000d6180000,0x00000000d6180000,0x00000000da180000)
  from space 5120K, 99% used [0x00000000da180000,0x00000000da67c010,0x00000000da680000)
  to   space 12800K, 0% used [0x00000000dee00000,0x00000000dee00000,0x00000000dfa80000)
 ParOldGen       total 86016K, used 16170K [0x0000000082400000, 0x0000000087800000, 0x00000000d6180000)
  object space 86016K, 18% used [0x0000000082400000,0x00000000833caa88,0x0000000087800000)
 Metaspace       used 16020K, capacity 16318K, committed 16512K, reserved 1062912K
  class space    used 1926K, capacity 2049K, committed 2176K, reserved 1048576K
}
Event: 2.637 GC heap before
{Heap before GC invocations=6 (full 0):
 PSYoungGen      total 70656K, used 70640K [0x00000000d6180000, 0x00000000dfa80000, 0x0000000100000000)
  eden space 65536K, 100% used [0x00000000d6180000,0x00000000da180000,0x00000000da180000)
  from space 5120K, 99% used [0x00000000da180000,0x00000000da67c010,0x00000000da680000)
  to   space 12800K, 0% used [0x00000000dee00000,0x00000000dee00000,0x00000000dfa80000)
 ParOldGen       total 86016K, used 16170K [0x0000000082400000, 0x0000000087800000, 0x00000000d6180000)
  object space 86016K, 18% used [0x0000000082400000,0x00000000833caa88,0x0000000087800000)
 Metaspace       used 17391K, capacity 17858K, committed 18176K, reserved 1064960K
  class space    used 2039K, capacity 2193K, committed 2304K, reserved 1048576K
Event: 2.646 GC heap after
Heap after GC invocations=6 (full 0):
 PSYoungGen      total 143360K, used 10161K [0x00000000d6180000, 0x00000000dfb80000, 0x0000000100000000)
  eden space 130560K, 0% used [0x00000000d6180000,0x00000000d6180000,0x00000000de100000)
  from space 12800K, 79% used [0x00000000dee00000,0x00000000df7ec5f0,0x00000000dfa80000)
  to   space 13312K, 0% used [0x00000000de100000,0x00000000de100000,0x00000000dee00000)
 ParOldGen       total 86016K, used 16178K [0x0000000082400000, 0x0000000087800000, 0x00000000d6180000)
  object space 86016K, 18% used [0x0000000082400000,0x00000000833cca88,0x0000000087800000)
 Metaspace       used 17391K, capacity 17858K, committed 18176K, reserved 1064960K
  class space    used 2039K, capacity 2193K, committed 2304K, reserved 1048576K
}
Event: 3.321 GC heap before
{Heap before GC invocations=7 (full 0):
 PSYoungGen      total 143360K, used 90794K [0x00000000d6180000, 0x00000000dfb80000, 0x0000000100000000)
  eden space 130560K, 61% used [0x00000000d6180000,0x00000000db03e270,0x00000000de100000)
  from space 12800K, 79% used [0x00000000dee00000,0x00000000df7ec5f0,0x00000000dfa80000)
  to   space 13312K, 0% used [0x00000000de100000,0x00000000de100000,0x00000000dee00000)
 ParOldGen       total 86016K, used 16178K [0x0000000082400000, 0x0000000087800000, 0x00000000d6180000)
  object space 86016K, 18% used [0x0000000082400000,0x00000000833cca88,0x0000000087800000)
 Metaspace       used 20494K, capacity 21144K, committed 21296K, reserved 1069056K
  class space    used 2409K, capacity 2658K, committed 2688K, reserved 1048576K
Event: 3.334 GC heap after
Heap after GC invocations=7 (full 0):
 PSYoungGen      total 143872K, used 13082K [0x00000000d6180000, 0x00000000e7d80000, 0x0000000100000000)
  eden space 130560K, 0% used [0x00000000d6180000,0x00000000d6180000,0x00000000de100000)
  from space 13312K, 98% used [0x00000000de100000,0x00000000dedc6a18,0x00000000dee00000)
  to   space 14848K, 0% used [0x00000000e6f00000,0x00000000e6f00000,0x00000000e7d80000)
 ParOldGen       total 86016K, used 18144K [0x0000000082400000, 0x0000000087800000, 0x00000000d6180000)
  object space 86016K, 21% used [0x0000000082400000,0x00000000835b8358,0x0000000087800000)
 Metaspace       used 20494K, capacity 21144K, committed 21296K, reserved 1069056K
  class space    used 2409K, capacity 2658K, committed 2688K, reserved 1048576K
}
Event: 3.334 GC heap before
{Heap before GC invocations=8 (full 1):
 PSYoungGen      total 143872K, used 13082K [0x00000000d6180000, 0x00000000e7d80000, 0x0000000100000000)
  eden space 130560K, 0% used [0x00000000d6180000,0x00000000d6180000,0x00000000de100000)
  from space 13312K, 98% used [0x00000000de100000,0x00000000dedc6a18,0x00000000dee00000)
  to   space 14848K, 0% used [0x00000000e6f00000,0x00000000e6f00000,0x00000000e7d80000)
 ParOldGen       total 86016K, used 18144K [0x0000000082400000, 0x0000000087800000, 0x00000000d6180000)
  object space 86016K, 21% used [0x0000000082400000,0x00000000835b8358,0x0000000087800000)
 Metaspace       used 20494K, capacity 21144K, committed 21296K, reserved 1069056K
  class space    used 2409K, capacity 2658K, committed 2688K, reserved 1048576K
Event: 3.402 GC heap after
Heap after GC invocations=8 (full 1):
 PSYoungGen      total 143872K, used 0K [0x00000000d6180000, 0x00000000e7d80000, 0x0000000100000000)
  eden space 130560K, 0% used [0x00000000d6180000,0x00000000d6180000,0x00000000de100000)
  from space 13312K, 0% used [0x00000000de100000,0x00000000de100000,0x00000000dee00000)
  to   space 14848K, 0% used [0x00000000e6f00000,0x00000000e6f00000,0x00000000e7d80000)
 ParOldGen       total 82432K, used 24623K [0x0000000082400000, 0x0000000087480000, 0x00000000d6180000)
  object space 82432K, 29% used [0x0000000082400000,0x0000000083c0bd98,0x0000000087480000)
 Metaspace       used 20494K, capacity 21144K, committed 21296K, reserved 1069056K
  class space    used 2409K, capacity 2658K, committed 2688K, reserved 1048576K
}

