# JRE version: Java(TM) SE Runtime Environment (8.0_131-b11) (build 1.8.0_131-b11)
# Java VM: Java HotSpot(TM) 64-Bit Server VM (25.131-b11 mixed mode windows-amd64 compressed oops)
Heap:
 PSYoungGen      total 229376K, used 222793K [0x00000000d6180000, 0x00000000e5480000, 0x0000000100000000)
  eden space 215040K, 96% used [0x00000000d6180000,0x00000000e2d17d20,0x00000000e3380000)
  from space 14336K, 99% used [0x00000000e4480000,0x00000000e527a8d0,0x00000000e5280000)
  to   space 16896K, 0% used [0x00000000e3380000,0x00000000e3380000,0x00000000e4400000)
 ParOldGen       total 83456K, used 18895K [0x0000000082400000, 0x0000000087580000, 0x00000000d6180000)
  object space 83456K, 22% used [0x0000000082400000,0x0000000083673e80,0x0000000087580000)
 Metaspace       used 53849K, capacity 56394K, committed 56664K, reserved 1099776K
  class space    used 6783K, capacity 7229K, committed 7256K, reserved 1048576K
GC Heap History (10 events):
Event: 2.908 GC heap before
{Heap before GC invocations=8 (full 1):
 PSYoungGen      total 112640K, used 112245K [0x00000000d6180000, 0x00000000def80000, 0x0000000100000000)
  eden space 107520K, 100% used [0x00000000d6180000,0x00000000dca80000,0x00000000dca80000)
  from space 5120K, 92% used [0x00000000dea80000,0x00000000def1d748,0x00000000def80000)
  to   space 8704K, 0% used [0x00000000dde80000,0x00000000dde80000,0x00000000de700000)
 ParOldGen       total 56320K, used 8648K [0x0000000082400000, 0x0000000085b00000, 0x00000000d6180000)
  object space 56320K, 15% used [0x0000000082400000,0x0000000082c723f0,0x0000000085b00000)
 Metaspace       used 31225K, capacity 32566K, committed 32768K, reserved 1077248K
  class space    used 3964K, capacity 4240K, committed 4352K, reserved 1048576K
Event: 2.915 GC heap after
Heap after GC invocations=8 (full 1):
 PSYoungGen      total 136704K, used 8702K [0x00000000d6180000, 0x00000000e1d80000, 0x0000000100000000)
  eden space 128000K, 0% used [0x00000000d6180000,0x00000000d6180000,0x00000000dde80000)
  from space 8704K, 99% used [0x00000000dde80000,0x00000000de6ff9f8,0x00000000de700000)
  to   space 10752K, 0% used [0x00000000e1300000,0x00000000e1300000,0x00000000e1d80000)
 ParOldGen       total 56320K, used 9984K [0x0000000082400000, 0x0000000085b00000, 0x00000000d6180000)
  object space 56320K, 17% used [0x0000000082400000,0x0000000082dc0000,0x0000000085b00000)
 Metaspace       used 31225K, capacity 32566K, committed 32768K, reserved 1077248K
  class space    used 3964K, capacity 4240K, committed 4352K, reserved 1048576K
}
Event: 3.162 GC heap before
{Heap before GC invocations=9 (full 1):
 PSYoungGen      total 136704K, used 51632K [0x00000000d6180000, 0x00000000e1d80000, 0x0000000100000000)
  eden space 128000K, 33% used [0x00000000d6180000,0x00000000d8b6c838,0x00000000dde80000)
  from space 8704K, 99% used [0x00000000dde80000,0x00000000de6ff9f8,0x00000000de700000)
  to   space 10752K, 0% used [0x00000000e1300000,0x00000000e1300000,0x00000000e1d80000)
 ParOldGen       total 56320K, used 9984K [0x0000000082400000, 0x0000000085b00000, 0x00000000d6180000)
  object space 56320K, 17% used [0x0000000082400000,0x0000000082dc0000,0x0000000085b00000)
 Metaspace       used 34023K, capacity 35362K, committed 35416K, reserved 1079296K
  class space    used 4397K, capacity 4672K, committed 4696K, reserved 1048576K
Event: 3.169 GC heap after
Heap after GC invocations=9 (full 1):
 PSYoungGen      total 181248K, used 8924K [0x00000000d6180000, 0x00000000e4100000, 0x0000000100000000)
  eden space 170496K, 0% used [0x00000000d6180000,0x00000000d6180000,0x00000000e0800000)
  from space 10752K, 83% used [0x00000000e1300000,0x00000000e1bb7268,0x00000000e1d80000)
  to   space 11264K, 0% used [0x00000000e0800000,0x00000000e0800000,0x00000000e1300000)
 ParOldGen       total 56320K, used 9992K [0x0000000082400000, 0x0000000085b00000, 0x00000000d6180000)
  object space 56320K, 17% used [0x0000000082400000,0x0000000082dc2000,0x0000000085b00000)
 Metaspace       used 34023K, capacity 35362K, committed 35416K, reserved 1079296K
  class space    used 4397K, capacity 4672K, committed 4696K, reserved 1048576K
}
Event: 3.169 GC heap before
{Heap before GC invocations=10 (full 2):
 PSYoungGen      total 181248K, used 8924K [0x00000000d6180000, 0x00000000e4100000, 0x0000000100000000)
  eden space 170496K, 0% used [0x00000000d6180000,0x00000000d6180000,0x00000000e0800000)
  from space 10752K, 83% used [0x00000000e1300000,0x00000000e1bb7268,0x00000000e1d80000)
  to   space 11264K, 0% used [0x00000000e0800000,0x00000000e0800000,0x00000000e1300000)
 ParOldGen       total 56320K, used 9992K [0x0000000082400000, 0x0000000085b00000, 0x00000000d6180000)
  object space 56320K, 17% used [0x0000000082400000,0x0000000082dc2000,0x0000000085b00000)
 Metaspace       used 34023K, capacity 35362K, committed 35416K, reserved 1079296K
  class space    used 4397K, capacity 4672K, committed 4696K, reserved 1048576K
Event: 3.212 GC heap after
Heap after GC invocations=10 (full 2):
 PSYoungGen      total 181248K, used 0K [0x00000000d6180000, 0x00000000e4100000, 0x0000000100000000)
  eden space 170496K, 0% used [0x00000000d6180000,0x00000000d6180000,0x00000000e0800000)
  from space 10752K, 0% used [0x00000000e1300000,0x00000000e1300000,0x00000000e1d80000)
  to   space 11264K, 0% used [0x00000000e0800000,0x00000000e0800000,0x00000000e1300000)
 ParOldGen       total 83456K, used 13489K [0x0000000082400000, 0x0000000087580000, 0x00000000d6180000)
  object space 83456K, 16% used [0x0000000082400000,0x000000008312c580,0x0000000087580000)
 Metaspace       used 34021K, capacity 35356K, committed 35416K, reserved 1079296K
  class space    used 4396K, capacity 4671K, committed 4696K, reserved 1048576K
}
Event: 4.365 GC heap before
{Heap before GC invocations=11 (full 2):
 PSYoungGen      total 181248K, used 170496K [0x00000000d6180000, 0x00000000e4100000, 0x0000000100000000)
  eden space 170496K, 100% used [0x00000000d6180000,0x00000000e0800000,0x00000000e0800000)
  from space 10752K, 0% used [0x00000000e1300000,0x00000000e1300000,0x00000000e1d80000)
  to   space 11264K, 0% used [0x00000000e0800000,0x00000000e0800000,0x00000000e1300000)
 ParOldGen       total 83456K, used 13489K [0x0000000082400000, 0x0000000087580000, 0x00000000d6180000)
  object space 83456K, 16% used [0x0000000082400000,0x000000008312c580,0x0000000087580000)
 Metaspace       used 45674K, capacity 47550K, committed 47832K, reserved 1091584K
  class space    used 5991K, capacity 6328K, committed 6360K, reserved 1048576K
Event: 4.378 GC heap after
Heap after GC invocations=11 (full 2):
 PSYoungGen      total 181760K, used 11232K [0x00000000d6180000, 0x00000000e5280000, 0x0000000100000000)
  eden space 170496K, 0% used [0x00000000d6180000,0x00000000d6180000,0x00000000e0800000)
  from space 11264K, 99% used [0x00000000e0800000,0x00000000e12f81d0,0x00000000e1300000)
  to   space 14336K, 0% used [0x00000000e4480000,0x00000000e4480000,0x00000000e5280000)
 ParOldGen       total 83456K, used 16926K [0x0000000082400000, 0x0000000087580000, 0x00000000d6180000)
  object space 83456K, 20% used [0x0000000082400000,0x00000000834879a0,0x0000000087580000)
 Metaspace       used 45674K, capacity 47550K, committed 47832K, reserved 1091584K
  class space    used 5991K, capacity 6328K, committed 6360K, reserved 1048576K
}
Event: 6.055 GC heap before
{Heap before GC invocations=12 (full 2):
 PSYoungGen      total 181760K, used 181728K [0x00000000d6180000, 0x00000000e5280000, 0x0000000100000000)
  eden space 170496K, 100% used [0x00000000d6180000,0x00000000e0800000,0x00000000e0800000)
  from space 11264K, 99% used [0x00000000e0800000,0x00000000e12f81d0,0x00000000e1300000)
  to   space 14336K, 0% used [0x00000000e4480000,0x00000000e4480000,0x00000000e5280000)
 ParOldGen       total 83456K, used 16926K [0x0000000082400000, 0x0000000087580000, 0x00000000d6180000)
  object space 83456K, 20% used [0x0000000082400000,0x00000000834879a0,0x0000000087580000)
 Metaspace       used 52868K, capacity 55420K, committed 55640K, reserved 1097728K
  class space    used 6778K, capacity 7224K, committed 7256K, reserved 1048576K
Event: 6.072 GC heap after
Heap after GC invocations=12 (full 2):
 PSYoungGen      total 229376K, used 14314K [0x00000000d6180000, 0x00000000e5480000, 0x0000000100000000)
  eden space 215040K, 0% used [0x00000000d6180000,0x00000000d6180000,0x00000000e3380000)
  from space 14336K, 99% used [0x00000000e4480000,0x00000000e527a8d0,0x00000000e5280000)
  to   space 16896K, 0% used [0x00000000e3380000,0x00000000e3380000,0x00000000e4400000)
 ParOldGen       total 83456K, used 18895K [0x0000000082400000, 0x0000000087580000, 0x00000000d6180000)
  object space 83456K, 22% used [0x0000000082400000,0x0000000083673e80,0x0000000087580000)
 Metaspace       used 52868K, capacity 55420K, committed 55640K, reserved 1097728K
  class space    used 6778K, capacity 7224K, committed 7256K, reserved 1048576K
}

