# JRE version: Java(TM) SE Runtime Environment (8.0_131-b11) (build 1.8.0_131-b11)
# Java VM: Java HotSpot(TM) 64-Bit Server VM (25.131-b11 mixed mode windows-amd64 compressed oops)
Heap:
 PSYoungGen      total 309248K, used 213696K [0x00000000d6180000, 0x00000000eb280000, 0x0000000100000000)
  eden space 286720K, 66% used [0x00000000d6180000,0x00000000e1c4ff38,0x00000000e7980000)
  from space 22528K, 99% used [0x00000000e9c80000,0x00000000eb2604b8,0x00000000eb280000)
  to   space 26112K, 0% used [0x00000000e7f80000,0x00000000e7f80000,0x00000000e9900000)
 ParOldGen       total 185856K, used 49374K [0x0000000082400000, 0x000000008d980000, 0x00000000d6180000)
  object space 185856K, 26% used [0x0000000082400000,0x0000000085437860,0x000000008d980000)
 Metaspace       used 75986K, capacity 79974K, committed 80216K, reserved 1118208K
  class space    used 9831K, capacity 10566K, committed 10584K, reserved 1048576K
GC Heap History (10 events):
Event: 4.402 GC heap before
{Heap before GC invocations=11 (full 2):
 PSYoungGen      total 203264K, used 188416K [0x00000000d6180000, 0x00000000e7d80000, 0x0000000100000000)
  eden space 188416K, 100% used [0x00000000d6180000,0x00000000e1980000,0x00000000e1980000)
  from space 14848K, 0% used [0x00000000e6f00000,0x00000000e6f00000,0x00000000e7d80000)
  to   space 16896K, 0% used [0x00000000e5c80000,0x00000000e5c80000,0x00000000e6d00000)
 ParOldGen       total 128512K, used 36511K [0x0000000082400000, 0x000000008a180000, 0x00000000d6180000)
  object space 128512K, 28% used [0x0000000082400000,0x00000000847a7fb0,0x000000008a180000)
 Metaspace       used 41577K, capacity 43114K, committed 43392K, reserved 1087488K
  class space    used 5302K, capacity 5678K, committed 5760K, reserved 1048576K
Event: 4.414 GC heap after
Heap after GC invocations=11 (full 2):
 PSYoungGen      total 239616K, used 15538K [0x00000000d6180000, 0x00000000e6f80000, 0x0000000100000000)
  eden space 223744K, 0% used [0x00000000d6180000,0x00000000d6180000,0x00000000e3c00000)
  from space 15872K, 97% used [0x00000000e5c80000,0x00000000e6bacbf8,0x00000000e6c00000)
  to   space 3584K, 0% used [0x00000000e6c00000,0x00000000e6c00000,0x00000000e6f80000)
 ParOldGen       total 128512K, used 36583K [0x0000000082400000, 0x000000008a180000, 0x00000000d6180000)
  object space 128512K, 28% used [0x0000000082400000,0x00000000847b9fc0,0x000000008a180000)
 Metaspace       used 41577K, capacity 43114K, committed 43392K, reserved 1087488K
  class space    used 5302K, capacity 5678K, committed 5760K, reserved 1048576K
}
Event: 5.953 GC heap before
{Heap before GC invocations=12 (full 2):
 PSYoungGen      total 239616K, used 239282K [0x00000000d6180000, 0x00000000e6f80000, 0x0000000100000000)
  eden space 223744K, 100% used [0x00000000d6180000,0x00000000e3c00000,0x00000000e3c00000)
  from space 15872K, 97% used [0x00000000e5c80000,0x00000000e6bacbf8,0x00000000e6c00000)
  to   space 3584K, 0% used [0x00000000e6c00000,0x00000000e6c00000,0x00000000e6f80000)
 ParOldGen       total 128512K, used 36583K [0x0000000082400000, 0x000000008a180000, 0x00000000d6180000)
  object space 128512K, 28% used [0x0000000082400000,0x00000000847b9fc0,0x000000008a180000)
 Metaspace       used 52826K, capacity 55176K, committed 55424K, reserved 1097728K
  class space    used 6709K, capacity 7211K, committed 7296K, reserved 1048576K
Event: 5.969 GC heap after
Heap after GC invocations=12 (full 2):
 PSYoungGen      total 252928K, used 3568K [0x00000000d6180000, 0x00000000e9080000, 0x0000000100000000)
  eden space 249344K, 0% used [0x00000000d6180000,0x00000000d6180000,0x00000000e5500000)
  from space 3584K, 99% used [0x00000000e6c00000,0x00000000e6f7c020,0x00000000e6f80000)
  to   space 23552K, 0% used [0x00000000e5500000,0x00000000e5500000,0x00000000e6c00000)
 ParOldGen       total 128512K, used 59796K [0x0000000082400000, 0x000000008a180000, 0x00000000d6180000)
  object space 128512K, 46% used [0x0000000082400000,0x0000000085e652d8,0x000000008a180000)
 Metaspace       used 52826K, capacity 55176K, committed 55424K, reserved 1097728K
  class space    used 6709K, capacity 7211K, committed 7296K, reserved 1048576K
}
Event: 6.246 GC heap before
{Heap before GC invocations=13 (full 2):
 PSYoungGen      total 252928K, used 46475K [0x00000000d6180000, 0x00000000e9080000, 0x0000000100000000)
  eden space 249344K, 17% used [0x00000000d6180000,0x00000000d8b66d50,0x00000000e5500000)
  from space 3584K, 99% used [0x00000000e6c00000,0x00000000e6f7c020,0x00000000e6f80000)
  to   space 23552K, 0% used [0x00000000e5500000,0x00000000e5500000,0x00000000e6c00000)
 ParOldGen       total 128512K, used 59796K [0x0000000082400000, 0x000000008a180000, 0x00000000d6180000)
  object space 128512K, 46% used [0x0000000082400000,0x0000000085e652d8,0x000000008a180000)
 Metaspace       used 56529K, capacity 58966K, committed 59096K, reserved 1099776K
  class space    used 7313K, capacity 7848K, committed 7896K, reserved 1048576K
Event: 6.254 GC heap after
Heap after GC invocations=13 (full 2):
 PSYoungGen      total 272896K, used 7610K [0x00000000d6180000, 0x00000000eb300000, 0x0000000100000000)
  eden space 249344K, 0% used [0x00000000d6180000,0x00000000d6180000,0x00000000e5500000)
  from space 23552K, 32% used [0x00000000e5500000,0x00000000e5c6eb10,0x00000000e6c00000)
  to   space 23040K, 0% used [0x00000000e9c80000,0x00000000e9c80000,0x00000000eb300000)
 ParOldGen       total 128512K, used 59804K [0x0000000082400000, 0x000000008a180000, 0x00000000d6180000)
  object space 128512K, 46% used [0x0000000082400000,0x0000000085e672d8,0x000000008a180000)
 Metaspace       used 56529K, capacity 58966K, committed 59096K, reserved 1099776K
  class space    used 7313K, capacity 7848K, committed 7896K, reserved 1048576K
}
Event: 6.254 GC heap before
{Heap before GC invocations=14 (full 3):
 PSYoungGen      total 272896K, used 7610K [0x00000000d6180000, 0x00000000eb300000, 0x0000000100000000)
  eden space 249344K, 0% used [0x00000000d6180000,0x00000000d6180000,0x00000000e5500000)
  from space 23552K, 32% used [0x00000000e5500000,0x00000000e5c6eb10,0x00000000e6c00000)
  to   space 23040K, 0% used [0x00000000e9c80000,0x00000000e9c80000,0x00000000eb300000)
 ParOldGen       total 128512K, used 59804K [0x0000000082400000, 0x000000008a180000, 0x00000000d6180000)
  object space 128512K, 46% used [0x0000000082400000,0x0000000085e672d8,0x000000008a180000)
 Metaspace       used 56529K, capacity 58966K, committed 59096K, reserved 1099776K
  class space    used 7313K, capacity 7848K, committed 7896K, reserved 1048576K
Event: 6.472 GC heap after
Heap after GC invocations=14 (full 3):
 PSYoungGen      total 272896K, used 0K [0x00000000d6180000, 0x00000000eb300000, 0x0000000100000000)
  eden space 249344K, 0% used [0x00000000d6180000,0x00000000d6180000,0x00000000e5500000)
  from space 23552K, 0% used [0x00000000e5500000,0x00000000e5500000,0x00000000e6c00000)
  to   space 23040K, 0% used [0x00000000e9c80000,0x00000000e9c80000,0x00000000eb300000)
 ParOldGen       total 185856K, used 49358K [0x0000000082400000, 0x000000008d980000, 0x00000000d6180000)
  object space 185856K, 26% used [0x0000000082400000,0x0000000085433860,0x000000008d980000)
 Metaspace       used 56529K, capacity 58966K, committed 59096K, reserved 1099776K
  class space    used 7313K, capacity 7848K, committed 7896K, reserved 1048576K
}
Event: 8.084 GC heap before
{Heap before GC invocations=15 (full 3):
 PSYoungGen      total 272896K, used 249344K [0x00000000d6180000, 0x00000000eb300000, 0x0000000100000000)
  eden space 249344K, 100% used [0x00000000d6180000,0x00000000e5500000,0x00000000e5500000)
  from space 23552K, 0% used [0x00000000e5500000,0x00000000e5500000,0x00000000e6c00000)
  to   space 23040K, 0% used [0x00000000e9c80000,0x00000000e9c80000,0x00000000eb300000)
 ParOldGen       total 185856K, used 49358K [0x0000000082400000, 0x000000008d980000, 0x00000000d6180000)
  object space 185856K, 26% used [0x0000000082400000,0x0000000085433860,0x000000008d980000)
 Metaspace       used 70113K, capacity 73506K, committed 73816K, reserved 1114112K
  class space    used 9081K, capacity 9734K, committed 9816K, reserved 1048576K
Event: 8.101 GC heap after
Heap after GC invocations=15 (full 3):
 PSYoungGen      total 309248K, used 22401K [0x00000000d6180000, 0x00000000eb280000, 0x0000000100000000)
  eden space 286720K, 0% used [0x00000000d6180000,0x00000000d6180000,0x00000000e7980000)
  from space 22528K, 99% used [0x00000000e9c80000,0x00000000eb2604b8,0x00000000eb280000)
  to   space 26112K, 0% used [0x00000000e7f80000,0x00000000e7f80000,0x00000000e9900000)
 ParOldGen       total 185856K, used 49374K [0x0000000082400000, 0x000000008d980000, 0x00000000d6180000)
  object space 185856K, 26% used [0x0000000082400000,0x0000000085437860,0x000000008d980000)
 Metaspace       used 70113K, capacity 73506K, committed 73816K, reserved 1114112K
  class space    used 9081K, capacity 9734K, committed 9816K, reserved 1048576K
}

