# JRE version: Java(TM) SE Runtime Environment (8.0_131-b11) (build 1.8.0_131-b11)
# Java VM: Java HotSpot(TM) 64-Bit Server VM (25.131-b11 mixed mode windows-amd64 compressed oops)
Heap:
 PSYoungGen      total 311296K, used 267619K [0x00000000d6180000, 0x00000000eb400000, 0x0000000100000000)
  eden space 289280K, 85% used [0x00000000d6180000,0x00000000e51c5100,0x00000000e7c00000)
  from space 22016K, 98% used [0x00000000e9e80000,0x00000000eb393cf0,0x00000000eb400000)
  to   space 26624K, 0% used [0x00000000e8000000,0x00000000e8000000,0x00000000e9a00000)
 ParOldGen       total 188416K, used 55190K [0x0000000082400000, 0x000000008dc00000, 0x00000000d6180000)
  object space 188416K, 29% used [0x0000000082400000,0x00000000859e5a68,0x000000008dc00000)
 Metaspace       used 77770K, capacity 82000K, committed 82264K, reserved 1120256K
  class space    used 10001K, capacity 10755K, committed 10840K, reserved 1048576K
GC Heap History (10 events):
Event: 4.395 GC heap before
{Heap before GC invocations=11 (full 2):
 PSYoungGen      total 207360K, used 192512K [0x00000000d6180000, 0x00000000e7d80000, 0x0000000100000000)
  eden space 192512K, 100% used [0x00000000d6180000,0x00000000e1d80000,0x00000000e1d80000)
  from space 14848K, 0% used [0x00000000e6f00000,0x00000000e6f00000,0x00000000e7d80000)
  to   space 16896K, 0% used [0x00000000e5c80000,0x00000000e5c80000,0x00000000e6d00000)
 ParOldGen       total 126976K, used 36605K [0x0000000082400000, 0x000000008a000000, 0x00000000d6180000)
  object space 126976K, 28% used [0x0000000082400000,0x00000000847bf580,0x000000008a000000)
 Metaspace       used 42118K, capacity 43702K, committed 43904K, reserved 1087488K
  class space    used 5350K, capacity 5744K, committed 5760K, reserved 1048576K
Event: 4.407 GC heap after
Heap after GC invocations=11 (full 2):
 PSYoungGen      total 245248K, used 16019K [0x00000000d6180000, 0x00000000e6f80000, 0x0000000100000000)
  eden space 228864K, 0% used [0x00000000d6180000,0x00000000d6180000,0x00000000e4100000)
  from space 16384K, 97% used [0x00000000e5c80000,0x00000000e6c24e18,0x00000000e6c80000)
  to   space 3072K, 0% used [0x00000000e6c80000,0x00000000e6c80000,0x00000000e6f80000)
 ParOldGen       total 126976K, used 36677K [0x0000000082400000, 0x000000008a000000, 0x00000000d6180000)
  object space 126976K, 28% used [0x0000000082400000,0x00000000847d1590,0x000000008a000000)
 Metaspace       used 42118K, capacity 43702K, committed 43904K, reserved 1087488K
  class space    used 5350K, capacity 5744K, committed 5760K, reserved 1048576K
}
Event: 6.205 GC heap before
{Heap before GC invocations=12 (full 2):
 PSYoungGen      total 245248K, used 244883K [0x00000000d6180000, 0x00000000e6f80000, 0x0000000100000000)
  eden space 228864K, 100% used [0x00000000d6180000,0x00000000e4100000,0x00000000e4100000)
  from space 16384K, 97% used [0x00000000e5c80000,0x00000000e6c24e18,0x00000000e6c80000)
  to   space 3072K, 0% used [0x00000000e6c80000,0x00000000e6c80000,0x00000000e6f80000)
 ParOldGen       total 126976K, used 36677K [0x0000000082400000, 0x000000008a000000, 0x00000000d6180000)
  object space 126976K, 28% used [0x0000000082400000,0x00000000847d1590,0x000000008a000000)
 Metaspace       used 54133K, capacity 56560K, committed 56832K, reserved 1099776K
  class space    used 6850K, capacity 7389K, committed 7424K, reserved 1048576K
Event: 6.224 GC heap after
Heap after GC invocations=12 (full 2):
 PSYoungGen      total 252416K, used 3045K [0x00000000d6180000, 0x00000000e9680000, 0x0000000100000000)
  eden space 249344K, 0% used [0x00000000d6180000,0x00000000d6180000,0x00000000e5500000)
  from space 3072K, 99% used [0x00000000e6c80000,0x00000000e6f79718,0x00000000e6f80000)
  to   space 24064K, 0% used [0x00000000e5500000,0x00000000e5500000,0x00000000e6c80000)
 ParOldGen       total 126976K, used 61409K [0x0000000082400000, 0x000000008a000000, 0x00000000d6180000)
  object space 126976K, 48% used [0x0000000082400000,0x0000000085ff84b0,0x000000008a000000)
 Metaspace       used 54133K, capacity 56560K, committed 56832K, reserved 1099776K
  class space    used 6850K, capacity 7389K, committed 7424K, reserved 1048576K
}
Event: 6.420 GC heap before
{Heap before GC invocations=13 (full 2):
 PSYoungGen      total 252416K, used 30760K [0x00000000d6180000, 0x00000000e9680000, 0x0000000100000000)
  eden space 249344K, 11% used [0x00000000d6180000,0x00000000d7c90b48,0x00000000e5500000)
  from space 3072K, 99% used [0x00000000e6c80000,0x00000000e6f79718,0x00000000e6f80000)
  to   space 24064K, 0% used [0x00000000e5500000,0x00000000e5500000,0x00000000e6c80000)
 ParOldGen       total 126976K, used 61409K [0x0000000082400000, 0x000000008a000000, 0x00000000d6180000)
  object space 126976K, 48% used [0x0000000082400000,0x0000000085ff84b0,0x000000008a000000)
 Metaspace       used 56558K, capacity 58966K, committed 59096K, reserved 1099776K
  class space    used 7315K, capacity 7848K, committed 7896K, reserved 1048576K
Event: 6.427 GC heap after
Heap after GC invocations=13 (full 2):
 PSYoungGen      total 273408K, used 5987K [0x00000000d6180000, 0x00000000eb600000, 0x0000000100000000)
  eden space 249344K, 0% used [0x00000000d6180000,0x00000000d6180000,0x00000000e5500000)
  from space 24064K, 24% used [0x00000000e5500000,0x00000000e5ad8e68,0x00000000e6c80000)
  to   space 24064K, 0% used [0x00000000e9e80000,0x00000000e9e80000,0x00000000eb600000)
 ParOldGen       total 126976K, used 61417K [0x0000000082400000, 0x000000008a000000, 0x00000000d6180000)
  object space 126976K, 48% used [0x0000000082400000,0x0000000085ffa4b0,0x000000008a000000)
 Metaspace       used 56558K, capacity 58966K, committed 59096K, reserved 1099776K
  class space    used 7315K, capacity 7848K, committed 7896K, reserved 1048576K
}
Event: 6.427 GC heap before
{Heap before GC invocations=14 (full 3):
 PSYoungGen      total 273408K, used 5987K [0x00000000d6180000, 0x00000000eb600000, 0x0000000100000000)
  eden space 249344K, 0% used [0x00000000d6180000,0x00000000d6180000,0x00000000e5500000)
  from space 24064K, 24% used [0x00000000e5500000,0x00000000e5ad8e68,0x00000000e6c80000)
  to   space 24064K, 0% used [0x00000000e9e80000,0x00000000e9e80000,0x00000000eb600000)
 ParOldGen       total 126976K, used 61417K [0x0000000082400000, 0x000000008a000000, 0x00000000d6180000)
  object space 126976K, 48% used [0x0000000082400000,0x0000000085ffa4b0,0x000000008a000000)
 Metaspace       used 56558K, capacity 58966K, committed 59096K, reserved 1099776K
  class space    used 7315K, capacity 7848K, committed 7896K, reserved 1048576K
Event: 6.629 GC heap after
Heap after GC invocations=14 (full 3):
 PSYoungGen      total 273408K, used 0K [0x00000000d6180000, 0x00000000eb600000, 0x0000000100000000)
  eden space 249344K, 0% used [0x00000000d6180000,0x00000000d6180000,0x00000000e5500000)
  from space 24064K, 0% used [0x00000000e5500000,0x00000000e5500000,0x00000000e6c80000)
  to   space 24064K, 0% used [0x00000000e9e80000,0x00000000e9e80000,0x00000000eb600000)
 ParOldGen       total 188416K, used 55174K [0x0000000082400000, 0x000000008dc00000, 0x00000000d6180000)
  object space 188416K, 29% used [0x0000000082400000,0x00000000859e1a68,0x000000008dc00000)
 Metaspace       used 56558K, capacity 58966K, committed 59096K, reserved 1099776K
  class space    used 7315K, capacity 7848K, committed 7896K, reserved 1048576K
}
Event: 8.493 GC heap before
{Heap before GC invocations=15 (full 3):
 PSYoungGen      total 273408K, used 249344K [0x00000000d6180000, 0x00000000eb600000, 0x0000000100000000)
  eden space 249344K, 100% used [0x00000000d6180000,0x00000000e5500000,0x00000000e5500000)
  from space 24064K, 0% used [0x00000000e5500000,0x00000000e5500000,0x00000000e6c80000)
  to   space 24064K, 0% used [0x00000000e9e80000,0x00000000e9e80000,0x00000000eb600000)
 ParOldGen       total 188416K, used 55174K [0x0000000082400000, 0x000000008dc00000, 0x00000000d6180000)
  object space 188416K, 29% used [0x0000000082400000,0x00000000859e1a68,0x000000008dc00000)
 Metaspace       used 69966K, capacity 73378K, committed 73560K, reserved 1114112K
  class space    used 9059K, capacity 9734K, committed 9816K, reserved 1048576K
Event: 8.509 GC heap after
Heap after GC invocations=15 (full 3):
 PSYoungGen      total 311296K, used 21583K [0x00000000d6180000, 0x00000000eb400000, 0x0000000100000000)
  eden space 289280K, 0% used [0x00000000d6180000,0x00000000d6180000,0x00000000e7c00000)
  from space 22016K, 98% used [0x00000000e9e80000,0x00000000eb393cf0,0x00000000eb400000)
  to   space 26624K, 0% used [0x00000000e8000000,0x00000000e8000000,0x00000000e9a00000)
 ParOldGen       total 188416K, used 55190K [0x0000000082400000, 0x000000008dc00000, 0x00000000d6180000)
  object space 188416K, 29% used [0x0000000082400000,0x00000000859e5a68,0x000000008dc00000)
 Metaspace       used 69966K, capacity 73378K, committed 73560K, reserved 1114112K
  class space    used 9059K, capacity 9734K, committed 9816K, reserved 1048576K
}

