# JRE version: Java(TM) SE Runtime Environment (8.0_131-b11) (build 1.8.0_131-b11)
# Java VM: Java HotSpot(TM) 64-Bit Server VM (25.131-b11 mixed mode windows-amd64 compressed oops)
Heap:
 PSYoungGen      total 272896K, used 218820K [0x00000000d6180000, 0x00000000ea980000, 0x0000000100000000)
  eden space 249856K, 87% used [0x00000000d6180000,0x00000000e37313e0,0x00000000e5580000)
  from space 23040K, 0% used [0x00000000e5580000,0x00000000e5580000,0x00000000e6c00000)
  to   space 22528K, 0% used [0x00000000e9380000,0x00000000e9380000,0x00000000ea980000)
 ParOldGen       total 196608K, used 55242K [0x0000000082400000, 0x000000008e400000, 0x00000000d6180000)
  object space 196608K, 28% used [0x0000000082400000,0x00000000859f28c0,0x000000008e400000)
 Metaspace       used 69464K, capacity 72618K, committed 72920K, reserved 1112064K
  class space    used 8961K, capacity 9590K, committed 9688K, reserved 1048576K
GC Heap History (10 events):
Event: 3.334 GC heap before
{Heap before GC invocations=10 (full 2):
 PSYoungGen      total 199168K, used 14835K [0x00000000d6180000, 0x00000000e7d80000, 0x0000000100000000)
  eden space 184320K, 0% used [0x00000000d6180000,0x00000000d6180000,0x00000000e1580000)
  from space 14848K, 99% used [0x00000000e6f00000,0x00000000e7d7cf98,0x00000000e7d80000)
  to   space 16896K, 0% used [0x00000000e5c80000,0x00000000e5c80000,0x00000000e6d00000)
 ParOldGen       total 83968K, used 24993K [0x0000000082400000, 0x0000000087600000, 0x00000000d6180000)
  object space 83968K, 29% used [0x0000000082400000,0x0000000083c686a8,0x0000000087600000)
 Metaspace       used 34253K, capacity 35334K, committed 35456K, reserved 1079296K
  class space    used 4298K, capacity 4622K, committed 4736K, reserved 1048576K
Event: 3.367 GC heap after
Heap after GC invocations=10 (full 2):
 PSYoungGen      total 199168K, used 0K [0x00000000d6180000, 0x00000000e7d80000, 0x0000000100000000)
  eden space 184320K, 0% used [0x00000000d6180000,0x00000000d6180000,0x00000000e1580000)
  from space 14848K, 0% used [0x00000000e6f00000,0x00000000e6f00000,0x00000000e7d80000)
  to   space 16896K, 0% used [0x00000000e5c80000,0x00000000e5c80000,0x00000000e6d00000)
 ParOldGen       total 131072K, used 36598K [0x0000000082400000, 0x000000008a400000, 0x00000000d6180000)
  object space 131072K, 27% used [0x0000000082400000,0x00000000847bd970,0x000000008a400000)
 Metaspace       used 34253K, capacity 35334K, committed 35456K, reserved 1079296K
  class space    used 4298K, capacity 4622K, committed 4736K, reserved 1048576K
}
Event: 4.451 GC heap before
{Heap before GC invocations=11 (full 2):
 PSYoungGen      total 199168K, used 184320K [0x00000000d6180000, 0x00000000e7d80000, 0x0000000100000000)
  eden space 184320K, 100% used [0x00000000d6180000,0x00000000e1580000,0x00000000e1580000)
  from space 14848K, 0% used [0x00000000e6f00000,0x00000000e6f00000,0x00000000e7d80000)
  to   space 16896K, 0% used [0x00000000e5c80000,0x00000000e5c80000,0x00000000e6d00000)
 ParOldGen       total 131072K, used 36598K [0x0000000082400000, 0x000000008a400000, 0x00000000d6180000)
  object space 131072K, 27% used [0x0000000082400000,0x00000000847bd970,0x000000008a400000)
 Metaspace       used 41653K, capacity 43242K, committed 43392K, reserved 1087488K
  class space    used 5310K, capacity 5678K, committed 5760K, reserved 1048576K
Event: 4.464 GC heap after
Heap after GC invocations=11 (full 2):
 PSYoungGen      total 232960K, used 15535K [0x00000000d6180000, 0x00000000e6f80000, 0x0000000100000000)
  eden space 217088K, 0% used [0x00000000d6180000,0x00000000d6180000,0x00000000e3580000)
  from space 15872K, 97% used [0x00000000e5c80000,0x00000000e6babea0,0x00000000e6c00000)
  to   space 3584K, 0% used [0x00000000e6c00000,0x00000000e6c00000,0x00000000e6f80000)
 ParOldGen       total 131072K, used 36670K [0x0000000082400000, 0x000000008a400000, 0x00000000d6180000)
  object space 131072K, 27% used [0x0000000082400000,0x00000000847cf980,0x000000008a400000)
 Metaspace       used 41653K, capacity 43242K, committed 43392K, reserved 1087488K
  class space    used 5310K, capacity 5678K, committed 5760K, reserved 1048576K
}
Event: 6.814 GC heap before
{Heap before GC invocations=12 (full 2):
 PSYoungGen      total 232960K, used 232623K [0x00000000d6180000, 0x00000000e6f80000, 0x0000000100000000)
  eden space 217088K, 100% used [0x00000000d6180000,0x00000000e3580000,0x00000000e3580000)
  from space 15872K, 97% used [0x00000000e5c80000,0x00000000e6babea0,0x00000000e6c00000)
  to   space 3584K, 0% used [0x00000000e6c00000,0x00000000e6c00000,0x00000000e6f80000)
 ParOldGen       total 131072K, used 36670K [0x0000000082400000, 0x000000008a400000, 0x00000000d6180000)
  object space 131072K, 27% used [0x0000000082400000,0x00000000847cf980,0x000000008a400000)
 Metaspace       used 51547K, capacity 53926K, committed 54272K, reserved 1095680K
  class space    used 6565K, capacity 7076K, committed 7168K, reserved 1048576K
Event: 6.831 GC heap after
Heap after GC invocations=12 (full 2):
 PSYoungGen      total 253440K, used 3568K [0x00000000d6180000, 0x00000000e8480000, 0x0000000100000000)
  eden space 249856K, 0% used [0x00000000d6180000,0x00000000d6180000,0x00000000e5580000)
  from space 3584K, 99% used [0x00000000e6c00000,0x00000000e6f7c2b8,0x00000000e6f80000)
  to   space 23040K, 0% used [0x00000000e5580000,0x00000000e5580000,0x00000000e6c00000)
 ParOldGen       total 131072K, used 58701K [0x0000000082400000, 0x000000008a400000, 0x00000000d6180000)
  object space 131072K, 44% used [0x0000000082400000,0x0000000085d53500,0x000000008a400000)
 Metaspace       used 51547K, capacity 53926K, committed 54272K, reserved 1095680K
  class space    used 6565K, capacity 7076K, committed 7168K, reserved 1048576K
}
Event: 7.359 GC heap before
{Heap before GC invocations=13 (full 2):
 PSYoungGen      total 253440K, used 50599K [0x00000000d6180000, 0x00000000e8480000, 0x0000000100000000)
  eden space 249856K, 18% used [0x00000000d6180000,0x00000000d8f6dd38,0x00000000e5580000)
  from space 3584K, 99% used [0x00000000e6c00000,0x00000000e6f7c2b8,0x00000000e6f80000)
  to   space 23040K, 0% used [0x00000000e5580000,0x00000000e5580000,0x00000000e6c00000)
 ParOldGen       total 131072K, used 58701K [0x0000000082400000, 0x000000008a400000, 0x00000000d6180000)
  object space 131072K, 44% used [0x0000000082400000,0x0000000085d53500,0x000000008a400000)
 Metaspace       used 56537K, capacity 58962K, committed 59096K, reserved 1099776K
  class space    used 7311K, capacity 7848K, committed 7896K, reserved 1048576K
Event: 7.369 GC heap after
Heap after GC invocations=13 (full 2):
 PSYoungGen      total 272896K, used 8758K [0x00000000d6180000, 0x00000000ea980000, 0x0000000100000000)
  eden space 249856K, 0% used [0x00000000d6180000,0x00000000d6180000,0x00000000e5580000)
  from space 23040K, 38% used [0x00000000e5580000,0x00000000e5e0db80,0x00000000e6c00000)
  to   space 22528K, 0% used [0x00000000e9380000,0x00000000e9380000,0x00000000ea980000)
 ParOldGen       total 131072K, used 58709K [0x0000000082400000, 0x000000008a400000, 0x00000000d6180000)
  object space 131072K, 44% used [0x0000000082400000,0x0000000085d55500,0x000000008a400000)
 Metaspace       used 56537K, capacity 58962K, committed 59096K, reserved 1099776K
  class space    used 7311K, capacity 7848K, committed 7896K, reserved 1048576K
}
Event: 7.369 GC heap before
{Heap before GC invocations=14 (full 3):
 PSYoungGen      total 272896K, used 8758K [0x00000000d6180000, 0x00000000ea980000, 0x0000000100000000)
  eden space 249856K, 0% used [0x00000000d6180000,0x00000000d6180000,0x00000000e5580000)
  from space 23040K, 38% used [0x00000000e5580000,0x00000000e5e0db80,0x00000000e6c00000)
  to   space 22528K, 0% used [0x00000000e9380000,0x00000000e9380000,0x00000000ea980000)
 ParOldGen       total 131072K, used 58709K [0x0000000082400000, 0x000000008a400000, 0x00000000d6180000)
  object space 131072K, 44% used [0x0000000082400000,0x0000000085d55500,0x000000008a400000)
 Metaspace       used 56537K, capacity 58962K, committed 59096K, reserved 1099776K
  class space    used 7311K, capacity 7848K, committed 7896K, reserved 1048576K
Event: 7.678 GC heap after
Heap after GC invocations=14 (full 3):
 PSYoungGen      total 272896K, used 0K [0x00000000d6180000, 0x00000000ea980000, 0x0000000100000000)
  eden space 249856K, 0% used [0x00000000d6180000,0x00000000d6180000,0x00000000e5580000)
  from space 23040K, 0% used [0x00000000e5580000,0x00000000e5580000,0x00000000e6c00000)
  to   space 22528K, 0% used [0x00000000e9380000,0x00000000e9380000,0x00000000ea980000)
 ParOldGen       total 196608K, used 55242K [0x0000000082400000, 0x000000008e400000, 0x00000000d6180000)
  object space 196608K, 28% used [0x0000000082400000,0x00000000859f28c0,0x000000008e400000)
 Metaspace       used 56537K, capacity 58962K, committed 59096K, reserved 1099776K
  class space    used 7311K, capacity 7848K, committed 7896K, reserved 1048576K
}

