# JRE version: Java(TM) SE Runtime Environment (8.0_131-b11) (build 1.8.0_131-b11)
# Java VM: Java HotSpot(TM) 64-Bit Server VM (25.131-b11 mixed mode windows-amd64 compressed oops)
Heap:
 PSYoungGen      total 109568K, used 37398K [0x00000000d6180000, 0x00000000dd780000, 0x0000000100000000)
  eden space 101376K, 36% used [0x00000000d6180000,0x00000000d8605808,0x00000000dc480000)
  from space 8192K, 0% used [0x00000000dcf80000,0x00000000dcf80000,0x00000000dd780000)
  to   space 9728K, 0% used [0x00000000dc480000,0x00000000dc480000,0x00000000dce00000)
 ParOldGen       total 78336K, used 14748K [0x0000000082400000, 0x0000000087080000, 0x00000000d6180000)
  object space 78336K, 18% used [0x0000000082400000,0x00000000832673e0,0x0000000087080000)
 Metaspace       used 38248K, capacity 39608K, committed 39896K, reserved 1083392K
  class space    used 5039K, capacity 5309K, committed 5336K, reserved 1048576K
GC Heap History (10 events):
Event: 2.610 GC heap before
{Heap before GC invocations=6 (full 1):
 PSYoungGen      total 70656K, used 5104K [0x00000000d6180000, 0x00000000dab80000, 0x0000000100000000)
  eden space 65536K, 0% used [0x00000000d6180000,0x00000000d6180000,0x00000000da180000)
  from space 5120K, 99% used [0x00000000da180000,0x00000000da67c1c8,0x00000000da680000)
  to   space 5120K, 0% used [0x00000000da680000,0x00000000da680000,0x00000000dab80000)
 ParOldGen       total 86016K, used 4371K [0x0000000082400000, 0x0000000087800000, 0x00000000d6180000)
  object space 86016K, 5% used [0x0000000082400000,0x0000000082844c60,0x0000000087800000)
 Metaspace       used 20613K, capacity 21180K, committed 21248K, reserved 1067008K
  class space    used 2638K, capacity 2781K, committed 2816K, reserved 1048576K
Event: 2.654 GC heap after
Heap after GC invocations=6 (full 1):
 PSYoungGen      total 70656K, used 0K [0x00000000d6180000, 0x00000000dab80000, 0x0000000100000000)
  eden space 65536K, 0% used [0x00000000d6180000,0x00000000d6180000,0x00000000da180000)
  from space 5120K, 0% used [0x00000000da180000,0x00000000da180000,0x00000000da680000)
  to   space 5120K, 0% used [0x00000000da680000,0x00000000da680000,0x00000000dab80000)
 ParOldGen       total 50688K, used 6407K [0x0000000082400000, 0x0000000085580000, 0x00000000d6180000)
  object space 50688K, 12% used [0x0000000082400000,0x0000000082a41eb0,0x0000000085580000)
 Metaspace       used 20613K, capacity 21180K, committed 21248K, reserved 1067008K
  class space    used 2638K, capacity 2781K, committed 2816K, reserved 1048576K
}
Event: 3.150 GC heap before
{Heap before GC invocations=7 (full 1):
 PSYoungGen      total 70656K, used 65536K [0x00000000d6180000, 0x00000000dab80000, 0x0000000100000000)
  eden space 65536K, 100% used [0x00000000d6180000,0x00000000da180000,0x00000000da180000)
  from space 5120K, 0% used [0x00000000da180000,0x00000000da180000,0x00000000da680000)
  to   space 5120K, 0% used [0x00000000da680000,0x00000000da680000,0x00000000dab80000)
 ParOldGen       total 50688K, used 6407K [0x0000000082400000, 0x0000000085580000, 0x00000000d6180000)
  object space 50688K, 12% used [0x0000000082400000,0x0000000082a41eb0,0x0000000085580000)
 Metaspace       used 24740K, capacity 25598K, committed 25728K, reserved 1071104K
  class space    used 3175K, capacity 3382K, committed 3456K, reserved 1048576K
Event: 3.160 GC heap after
Heap after GC invocations=7 (full 1):
 PSYoungGen      total 68096K, used 5090K [0x00000000d6180000, 0x00000000dde00000, 0x0000000100000000)
  eden space 62976K, 0% used [0x00000000d6180000,0x00000000d6180000,0x00000000d9f00000)
  from space 5120K, 99% used [0x00000000da680000,0x00000000dab78a68,0x00000000dab80000)
  to   space 7680K, 0% used [0x00000000d9f00000,0x00000000d9f00000,0x00000000da680000)
 ParOldGen       total 50688K, used 6763K [0x0000000082400000, 0x0000000085580000, 0x00000000d6180000)
  object space 50688K, 13% used [0x0000000082400000,0x0000000082a9ac08,0x0000000085580000)
 Metaspace       used 24740K, capacity 25598K, committed 25728K, reserved 1071104K
  class space    used 3175K, capacity 3382K, committed 3456K, reserved 1048576K
}
Event: 4.287 GC heap before
{Heap before GC invocations=8 (full 1):
 PSYoungGen      total 68096K, used 68066K [0x00000000d6180000, 0x00000000dde00000, 0x0000000100000000)
  eden space 62976K, 100% used [0x00000000d6180000,0x00000000d9f00000,0x00000000d9f00000)
  from space 5120K, 99% used [0x00000000da680000,0x00000000dab78a68,0x00000000dab80000)
  to   space 7680K, 0% used [0x00000000d9f00000,0x00000000d9f00000,0x00000000da680000)
 ParOldGen       total 50688K, used 6763K [0x0000000082400000, 0x0000000085580000, 0x00000000d6180000)
  object space 50688K, 13% used [0x0000000082400000,0x0000000082a9ac08,0x0000000085580000)
 Metaspace       used 28414K, capacity 29636K, committed 29824K, reserved 1075200K
  class space    used 3665K, capacity 3917K, committed 3968K, reserved 1048576K
Event: 4.294 GC heap after
Heap after GC invocations=8 (full 1):
 PSYoungGen      total 70656K, used 6856K [0x00000000d6180000, 0x00000000dd780000, 0x0000000100000000)
  eden space 62976K, 0% used [0x00000000d6180000,0x00000000d6180000,0x00000000d9f00000)
  from space 7680K, 89% used [0x00000000d9f00000,0x00000000da5b22f8,0x00000000da680000)
  to   space 8192K, 0% used [0x00000000dcf80000,0x00000000dcf80000,0x00000000dd780000)
 ParOldGen       total 50688K, used 6835K [0x0000000082400000, 0x0000000085580000, 0x00000000d6180000)
  object space 50688K, 13% used [0x0000000082400000,0x0000000082aacc18,0x0000000085580000)
 Metaspace       used 28414K, capacity 29636K, committed 29824K, reserved 1075200K
  class space    used 3665K, capacity 3917K, committed 3968K, reserved 1048576K
}
Event: 5.865 GC heap before
{Heap before GC invocations=9 (full 1):
 PSYoungGen      total 70656K, used 63497K [0x00000000d6180000, 0x00000000dd780000, 0x0000000100000000)
  eden space 62976K, 89% used [0x00000000d6180000,0x00000000d98d0138,0x00000000d9f00000)
  from space 7680K, 89% used [0x00000000d9f00000,0x00000000da5b22f8,0x00000000da680000)
  to   space 8192K, 0% used [0x00000000dcf80000,0x00000000dcf80000,0x00000000dd780000)
 ParOldGen       total 50688K, used 6835K [0x0000000082400000, 0x0000000085580000, 0x00000000d6180000)
  object space 50688K, 13% used [0x0000000082400000,0x0000000082aacc18,0x0000000085580000)
 Metaspace       used 33996K, capacity 35308K, committed 35416K, reserved 1079296K
  class space    used 4370K, capacity 4625K, committed 4696K, reserved 1048576K
Event: 5.877 GC heap after
Heap after GC invocations=9 (full 1):
 PSYoungGen      total 109568K, used 8183K [0x00000000d6180000, 0x00000000dd780000, 0x0000000100000000)
  eden space 101376K, 0% used [0x00000000d6180000,0x00000000d6180000,0x00000000dc480000)
  from space 8192K, 99% used [0x00000000dcf80000,0x00000000dd77dc68,0x00000000dd780000)
  to   space 9728K, 0% used [0x00000000dc480000,0x00000000dc480000,0x00000000dce00000)
 ParOldGen       total 50688K, used 9028K [0x0000000082400000, 0x0000000085580000, 0x00000000d6180000)
  object space 50688K, 17% used [0x0000000082400000,0x0000000082cd1188,0x0000000085580000)
 Metaspace       used 33996K, capacity 35308K, committed 35416K, reserved 1079296K
  class space    used 4370K, capacity 4625K, committed 4696K, reserved 1048576K
}
Event: 5.877 GC heap before
{Heap before GC invocations=10 (full 2):
 PSYoungGen      total 109568K, used 8183K [0x00000000d6180000, 0x00000000dd780000, 0x0000000100000000)
  eden space 101376K, 0% used [0x00000000d6180000,0x00000000d6180000,0x00000000dc480000)
  from space 8192K, 99% used [0x00000000dcf80000,0x00000000dd77dc68,0x00000000dd780000)
  to   space 9728K, 0% used [0x00000000dc480000,0x00000000dc480000,0x00000000dce00000)
 ParOldGen       total 50688K, used 9028K [0x0000000082400000, 0x0000000085580000, 0x00000000d6180000)
  object space 50688K, 17% used [0x0000000082400000,0x0000000082cd1188,0x0000000085580000)
 Metaspace       used 33996K, capacity 35308K, committed 35416K, reserved 1079296K
  class space    used 4370K, capacity 4625K, committed 4696K, reserved 1048576K
Event: 5.961 GC heap after
Heap after GC invocations=10 (full 2):
 PSYoungGen      total 109568K, used 0K [0x00000000d6180000, 0x00000000dd780000, 0x0000000100000000)
  eden space 101376K, 0% used [0x00000000d6180000,0x00000000d6180000,0x00000000dc480000)
  from space 8192K, 0% used [0x00000000dcf80000,0x00000000dcf80000,0x00000000dd780000)
  to   space 9728K, 0% used [0x00000000dc480000,0x00000000dc480000,0x00000000dce00000)
 ParOldGen       total 78336K, used 14748K [0x0000000082400000, 0x0000000087080000, 0x00000000d6180000)
  object space 78336K, 18% used [0x0000000082400000,0x00000000832673e0,0x0000000087080000)
 Metaspace       used 33996K, capacity 35308K, committed 35416K, reserved 1079296K
  class space    used 4370K, capacity 4625K, committed 4696K, reserved 1048576K
}

