# JRE version: Java(TM) SE Runtime Environment (8.0_131-b11) (build 1.8.0_131-b11)
# Java VM: Java HotSpot(TM) 64-Bit Server VM (25.131-b11 mixed mode windows-amd64 compressed oops)
Heap:
 PSYoungGen      total 211968K, used 155259K [0x00000000d6180000, 0x00000000e3f00000, 0x0000000100000000)
  eden space 201216K, 77% used [0x00000000d6180000,0x00000000df91ed18,0x00000000e2600000)
  from space 10752K, 0% used [0x00000000e3480000,0x00000000e3480000,0x00000000e3f00000)
  to   space 12288K, 0% used [0x00000000e2700000,0x00000000e2700000,0x00000000e3300000)
 ParOldGen       total 91648K, used 14907K [0x0000000082400000, 0x0000000087d80000, 0x00000000d6180000)
  object space 91648K, 16% used [0x0000000082400000,0x000000008328ee00,0x0000000087d80000)
 Metaspace       used 45490K, capacity 47226K, committed 47320K, reserved 1089536K
  class space    used 5953K, capacity 6304K, committed 6360K, reserved 1048576K
GC Heap History (10 events):
Event: 1.021 GC heap before
{Heap before GC invocations=4 (full 0):
 PSYoungGen      total 70656K, used 18536K [0x00000000d6180000, 0x00000000deb80000, 0x0000000100000000)
  eden space 65536K, 20% used [0x00000000d6180000,0x00000000d6e9d670,0x00000000da180000)
  from space 5120K, 99% used [0x00000000da180000,0x00000000da67ca00,0x00000000da680000)
  to   space 5120K, 0% used [0x00000000de680000,0x00000000de680000,0x00000000deb80000)
 ParOldGen       total 86016K, used 4014K [0x0000000082400000, 0x0000000087800000, 0x00000000d6180000)
  object space 86016K, 4% used [0x0000000082400000,0x00000000827ebb18,0x0000000087800000)
 Metaspace       used 20557K, capacity 21216K, committed 21248K, reserved 1067008K
  class space    used 2641K, capacity 2799K, committed 2816K, reserved 1048576K
Event: 1.025 GC heap after
Heap after GC invocations=4 (full 0):
 PSYoungGen      total 136192K, used 5115K [0x00000000d6180000, 0x00000000deb80000, 0x0000000100000000)
  eden space 131072K, 0% used [0x00000000d6180000,0x00000000d6180000,0x00000000de180000)
  from space 5120K, 99% used [0x00000000de680000,0x00000000deb7ef58,0x00000000deb80000)
  to   space 5120K, 0% used [0x00000000de180000,0x00000000de180000,0x00000000de680000)
 ParOldGen       total 86016K, used 5454K [0x0000000082400000, 0x0000000087800000, 0x00000000d6180000)
  object space 86016K, 6% used [0x0000000082400000,0x00000000829539c8,0x0000000087800000)
 Metaspace       used 20557K, capacity 21216K, committed 21248K, reserved 1067008K
  class space    used 2641K, capacity 2799K, committed 2816K, reserved 1048576K
}
Event: 1.025 GC heap before
{Heap before GC invocations=5 (full 1):
 PSYoungGen      total 136192K, used 5115K [0x00000000d6180000, 0x00000000deb80000, 0x0000000100000000)
  eden space 131072K, 0% used [0x00000000d6180000,0x00000000d6180000,0x00000000de180000)
  from space 5120K, 99% used [0x00000000de680000,0x00000000deb7ef58,0x00000000deb80000)
  to   space 5120K, 0% used [0x00000000de180000,0x00000000de180000,0x00000000de680000)
 ParOldGen       total 86016K, used 5454K [0x0000000082400000, 0x0000000087800000, 0x00000000d6180000)
  object space 86016K, 6% used [0x0000000082400000,0x00000000829539c8,0x0000000087800000)
 Metaspace       used 20557K, capacity 21216K, committed 21248K, reserved 1067008K
  class space    used 2641K, capacity 2799K, committed 2816K, reserved 1048576K
Event: 1.045 GC heap after
Heap after GC invocations=5 (full 1):
 PSYoungGen      total 136192K, used 0K [0x00000000d6180000, 0x00000000deb80000, 0x0000000100000000)
  eden space 131072K, 0% used [0x00000000d6180000,0x00000000d6180000,0x00000000de180000)
  from space 5120K, 0% used [0x00000000de680000,0x00000000de680000,0x00000000deb80000)
  to   space 5120K, 0% used [0x00000000de180000,0x00000000de180000,0x00000000de680000)
 ParOldGen       total 55808K, used 6410K [0x0000000082400000, 0x0000000085a80000, 0x00000000d6180000)
  object space 55808K, 11% used [0x0000000082400000,0x0000000082a428a8,0x0000000085a80000)
 Metaspace       used 20557K, capacity 21216K, committed 21248K, reserved 1067008K
  class space    used 2641K, capacity 2799K, committed 2816K, reserved 1048576K
}
Event: 1.868 GC heap before
{Heap before GC invocations=6 (full 1):
 PSYoungGen      total 136192K, used 131072K [0x00000000d6180000, 0x00000000deb80000, 0x0000000100000000)
  eden space 131072K, 100% used [0x00000000d6180000,0x00000000de180000,0x00000000de180000)
  from space 5120K, 0% used [0x00000000de680000,0x00000000de680000,0x00000000deb80000)
  to   space 5120K, 0% used [0x00000000de180000,0x00000000de180000,0x00000000de680000)
 ParOldGen       total 55808K, used 6410K [0x0000000082400000, 0x0000000085a80000, 0x00000000d6180000)
  object space 55808K, 11% used [0x0000000082400000,0x0000000082a428a8,0x0000000085a80000)
 Metaspace       used 28265K, capacity 29436K, committed 29568K, reserved 1075200K
  class space    used 3641K, capacity 3905K, committed 3968K, reserved 1048576K
Event: 1.874 GC heap after
Heap after GC invocations=6 (full 1):
 PSYoungGen      total 136192K, used 5116K [0x00000000d6180000, 0x00000000e3f00000, 0x0000000100000000)
  eden space 131072K, 0% used [0x00000000d6180000,0x00000000d6180000,0x00000000de180000)
  from space 5120K, 99% used [0x00000000de180000,0x00000000de67f2d8,0x00000000de680000)
  to   space 10752K, 0% used [0x00000000e3480000,0x00000000e3480000,0x00000000e3f00000)
 ParOldGen       total 55808K, used 11083K [0x0000000082400000, 0x0000000085a80000, 0x00000000d6180000)
  object space 55808K, 19% used [0x0000000082400000,0x0000000082ed2c50,0x0000000085a80000)
 Metaspace       used 28265K, capacity 29436K, committed 29568K, reserved 1075200K
  class space    used 3641K, capacity 3905K, committed 3968K, reserved 1048576K
}
Event: 2.554 GC heap before
{Heap before GC invocations=7 (full 1):
 PSYoungGen      total 136192K, used 68877K [0x00000000d6180000, 0x00000000e3f00000, 0x0000000100000000)
  eden space 131072K, 48% used [0x00000000d6180000,0x00000000d9fc4410,0x00000000de180000)
  from space 5120K, 99% used [0x00000000de180000,0x00000000de67f2d8,0x00000000de680000)
  to   space 10752K, 0% used [0x00000000e3480000,0x00000000e3480000,0x00000000e3f00000)
 ParOldGen       total 55808K, used 11083K [0x0000000082400000, 0x0000000085a80000, 0x00000000d6180000)
  object space 55808K, 19% used [0x0000000082400000,0x0000000082ed2c50,0x0000000085a80000)
 Metaspace       used 33995K, capacity 35330K, committed 35416K, reserved 1079296K
  class space    used 4377K, capacity 4658K, committed 4696K, reserved 1048576K
Event: 2.563 GC heap after
Heap after GC invocations=7 (full 1):
 PSYoungGen      total 211968K, used 10522K [0x00000000d6180000, 0x00000000e3f00000, 0x0000000100000000)
  eden space 201216K, 0% used [0x00000000d6180000,0x00000000d6180000,0x00000000e2600000)
  from space 10752K, 97% used [0x00000000e3480000,0x00000000e3ec6bb8,0x00000000e3f00000)
  to   space 12288K, 0% used [0x00000000e2700000,0x00000000e2700000,0x00000000e3300000)
 ParOldGen       total 55808K, used 11091K [0x0000000082400000, 0x0000000085a80000, 0x00000000d6180000)
  object space 55808K, 19% used [0x0000000082400000,0x0000000082ed4c50,0x0000000085a80000)
 Metaspace       used 33995K, capacity 35330K, committed 35416K, reserved 1079296K
  class space    used 4377K, capacity 4658K, committed 4696K, reserved 1048576K
}
Event: 2.563 GC heap before
{Heap before GC invocations=8 (full 2):
 PSYoungGen      total 211968K, used 10522K [0x00000000d6180000, 0x00000000e3f00000, 0x0000000100000000)
  eden space 201216K, 0% used [0x00000000d6180000,0x00000000d6180000,0x00000000e2600000)
  from space 10752K, 97% used [0x00000000e3480000,0x00000000e3ec6bb8,0x00000000e3f00000)
  to   space 12288K, 0% used [0x00000000e2700000,0x00000000e2700000,0x00000000e3300000)
 ParOldGen       total 55808K, used 11091K [0x0000000082400000, 0x0000000085a80000, 0x00000000d6180000)
  object space 55808K, 19% used [0x0000000082400000,0x0000000082ed4c50,0x0000000085a80000)
 Metaspace       used 33995K, capacity 35330K, committed 35416K, reserved 1079296K
  class space    used 4377K, capacity 4658K, committed 4696K, reserved 1048576K
Event: 2.619 GC heap after
Heap after GC invocations=8 (full 2):
 PSYoungGen      total 211968K, used 0K [0x00000000d6180000, 0x00000000e3f00000, 0x0000000100000000)
  eden space 201216K, 0% used [0x00000000d6180000,0x00000000d6180000,0x00000000e2600000)
  from space 10752K, 0% used [0x00000000e3480000,0x00000000e3480000,0x00000000e3f00000)
  to   space 12288K, 0% used [0x00000000e2700000,0x00000000e2700000,0x00000000e3300000)
 ParOldGen       total 91648K, used 14907K [0x0000000082400000, 0x0000000087d80000, 0x00000000d6180000)
  object space 91648K, 16% used [0x0000000082400000,0x000000008328ee00,0x0000000087d80000)
 Metaspace       used 33993K, capacity 35324K, committed 35416K, reserved 1079296K
  class space    used 4376K, capacity 4657K, committed 4696K, reserved 1048576K
}

