# JRE version: Java(TM) SE Runtime Environment (8.0_131-b11) (build 1.8.0_131-b11)
# Java VM: Java HotSpot(TM) 64-Bit Server VM (25.131-b11 mixed mode windows-amd64 compressed oops)
Heap:
 PSYoungGen      total 143872K, used 49360K [0x00000000d6180000, 0x00000000e3d00000, 0x0000000100000000)
  eden space 131072K, 27% used [0x00000000d6180000,0x00000000d8537f90,0x00000000de180000)
  from space 12800K, 99% used [0x00000000de180000,0x00000000dedfc2a8,0x00000000dee00000)
  to   space 15872K, 0% used [0x00000000e2d80000,0x00000000e2d80000,0x00000000e3d00000)
 ParOldGen       total 65024K, used 24268K [0x0000000082400000, 0x0000000086380000, 0x00000000d6180000)
  object space 65024K, 37% used [0x0000000082400000,0x0000000083bb3190,0x0000000086380000)
 Metaspace       used 24306K, capacity 25024K, committed 25088K, reserved 1071104K
  class space    used 2853K, capacity 3044K, committed 3072K, reserved 1048576K
GC Heap History (10 events):
Event: 11.266 GC heap before
{Heap before GC invocations=6 (full 0):
 PSYoungGen      total 37888K, used 37872K [0x00000000d6180000, 0x00000000db780000, 0x0000000100000000)
  eden space 32768K, 100% used [0x00000000d6180000,0x00000000d8180000,0x00000000d8180000)
  from space 5120K, 99% used [0x00000000d8180000,0x00000000d867c030,0x00000000d8680000)
  to   space 11264K, 0% used [0x00000000dac80000,0x00000000dac80000,0x00000000db780000)
 ParOldGen       total 86016K, used 13441K [0x0000000082400000, 0x0000000087800000, 0x00000000d6180000)
  object space 86016K, 15% used [0x0000000082400000,0x0000000083120798,0x0000000087800000)
 Metaspace       used 16038K, capacity 16318K, committed 16512K, reserved 1062912K
  class space    used 1927K, capacity 2049K, committed 2176K, reserved 1048576K
Event: 11.282 GC heap after
Heap after GC invocations=6 (full 0):
 PSYoungGen      total 75776K, used 8272K [0x00000000d6180000, 0x00000000db680000, 0x0000000100000000)
  eden space 65536K, 0% used [0x00000000d6180000,0x00000000d6180000,0x00000000da180000)
  from space 10240K, 80% used [0x00000000dac80000,0x00000000db494030,0x00000000db680000)
  to   space 10752K, 0% used [0x00000000da180000,0x00000000da180000,0x00000000dac00000)
 ParOldGen       total 86016K, used 13449K [0x0000000082400000, 0x0000000087800000, 0x00000000d6180000)
  object space 86016K, 15% used [0x0000000082400000,0x0000000083122798,0x0000000087800000)
 Metaspace       used 16038K, capacity 16318K, committed 16512K, reserved 1062912K
  class space    used 1927K, capacity 2049K, committed 2176K, reserved 1048576K
}
Event: 17.906 GC heap before
{Heap before GC invocations=7 (full 0):
 PSYoungGen      total 75776K, used 73808K [0x00000000d6180000, 0x00000000db680000, 0x0000000100000000)
  eden space 65536K, 100% used [0x00000000d6180000,0x00000000da180000,0x00000000da180000)
  from space 10240K, 80% used [0x00000000dac80000,0x00000000db494030,0x00000000db680000)
  to   space 10752K, 0% used [0x00000000da180000,0x00000000da180000,0x00000000dac00000)
 ParOldGen       total 86016K, used 13449K [0x0000000082400000, 0x0000000087800000, 0x00000000d6180000)
  object space 86016K, 15% used [0x0000000082400000,0x0000000083122798,0x0000000087800000)
 Metaspace       used 17427K, capacity 17924K, committed 18176K, reserved 1064960K
  class space    used 2043K, capacity 2195K, committed 2304K, reserved 1048576K
Event: 17.920 GC heap after
Heap after GC invocations=7 (full 0):
 PSYoungGen      total 76288K, used 10724K [0x00000000d6180000, 0x00000000dfb80000, 0x0000000100000000)
  eden space 65536K, 0% used [0x00000000d6180000,0x00000000d6180000,0x00000000da180000)
  from space 10752K, 99% used [0x00000000da180000,0x00000000dabf9008,0x00000000dac00000)
  to   space 13312K, 0% used [0x00000000dee80000,0x00000000dee80000,0x00000000dfb80000)
 ParOldGen       total 86016K, used 16064K [0x0000000082400000, 0x0000000087800000, 0x00000000d6180000)
  object space 86016K, 18% used [0x0000000082400000,0x00000000833b0100,0x0000000087800000)
 Metaspace       used 17427K, capacity 17924K, committed 18176K, reserved 1064960K
  class space    used 2043K, capacity 2195K, committed 2304K, reserved 1048576K
}
Event: 18.301 GC heap before
{Heap before GC invocations=8 (full 0):
 PSYoungGen      total 76288K, used 28989K [0x00000000d6180000, 0x00000000dfb80000, 0x0000000100000000)
  eden space 65536K, 27% used [0x00000000d6180000,0x00000000d7356780,0x00000000da180000)
  from space 10752K, 99% used [0x00000000da180000,0x00000000dabf9008,0x00000000dac00000)
  to   space 13312K, 0% used [0x00000000dee80000,0x00000000dee80000,0x00000000dfb80000)
 ParOldGen       total 86016K, used 16064K [0x0000000082400000, 0x0000000087800000, 0x00000000d6180000)
  object space 86016K, 18% used [0x0000000082400000,0x00000000833b0100,0x0000000087800000)
 Metaspace       used 20622K, capacity 21146K, committed 21296K, reserved 1069056K
  class space    used 2486K, capacity 2653K, committed 2688K, reserved 1048576K
Event: 18.310 GC heap after
Heap after GC invocations=8 (full 0):
 PSYoungGen      total 143360K, used 8743K [0x00000000d6180000, 0x00000000dfa80000, 0x0000000100000000)
  eden space 131072K, 0% used [0x00000000d6180000,0x00000000d6180000,0x00000000de180000)
  from space 12288K, 71% used [0x00000000dee80000,0x00000000df709da0,0x00000000dfa80000)
  to   space 12800K, 0% used [0x00000000de180000,0x00000000de180000,0x00000000dee00000)
 ParOldGen       total 86016K, used 18680K [0x0000000082400000, 0x0000000087800000, 0x00000000d6180000)
  object space 86016K, 21% used [0x0000000082400000,0x000000008363e100,0x0000000087800000)
 Metaspace       used 20622K, capacity 21146K, committed 21296K, reserved 1069056K
  class space    used 2486K, capacity 2653K, committed 2688K, reserved 1048576K
}
Event: 18.310 GC heap before
{Heap before GC invocations=9 (full 1):
 PSYoungGen      total 143360K, used 8743K [0x00000000d6180000, 0x00000000dfa80000, 0x0000000100000000)
  eden space 131072K, 0% used [0x00000000d6180000,0x00000000d6180000,0x00000000de180000)
  from space 12288K, 71% used [0x00000000dee80000,0x00000000df709da0,0x00000000dfa80000)
  to   space 12800K, 0% used [0x00000000de180000,0x00000000de180000,0x00000000dee00000)
 ParOldGen       total 86016K, used 18680K [0x0000000082400000, 0x0000000087800000, 0x00000000d6180000)
  object space 86016K, 21% used [0x0000000082400000,0x000000008363e100,0x0000000087800000)
 Metaspace       used 20622K, capacity 21146K, committed 21296K, reserved 1069056K
  class space    used 2486K, capacity 2653K, committed 2688K, reserved 1048576K
Event: 18.396 GC heap after
Heap after GC invocations=9 (full 1):
 PSYoungGen      total 143360K, used 0K [0x00000000d6180000, 0x00000000dfa80000, 0x0000000100000000)
  eden space 131072K, 0% used [0x00000000d6180000,0x00000000d6180000,0x00000000de180000)
  from space 12288K, 0% used [0x00000000dee80000,0x00000000dee80000,0x00000000dfa80000)
  to   space 12800K, 0% used [0x00000000de180000,0x00000000de180000,0x00000000dee00000)
 ParOldGen       total 65024K, used 20201K [0x0000000082400000, 0x0000000086380000, 0x00000000d6180000)
  object space 65024K, 31% used [0x0000000082400000,0x00000000837ba5e0,0x0000000086380000)
 Metaspace       used 20622K, capacity 21146K, committed 21296K, reserved 1069056K
  class space    used 2486K, capacity 2653K, committed 2688K, reserved 1048576K
}
Event: 20.216 GC heap before
{Heap before GC invocations=10 (full 1):
 PSYoungGen      total 143360K, used 131072K [0x00000000d6180000, 0x00000000dfa80000, 0x0000000100000000)
  eden space 131072K, 100% used [0x00000000d6180000,0x00000000de180000,0x00000000de180000)
  from space 12288K, 0% used [0x00000000dee80000,0x00000000dee80000,0x00000000dfa80000)
  to   space 12800K, 0% used [0x00000000de180000,0x00000000de180000,0x00000000dee00000)
 ParOldGen       total 65024K, used 20201K [0x0000000082400000, 0x0000000086380000, 0x00000000d6180000)
  object space 65024K, 31% used [0x0000000082400000,0x00000000837ba5e0,0x0000000086380000)
 Metaspace       used 24201K, capacity 24894K, committed 25088K, reserved 1071104K
  class space    used 2844K, capacity 3033K, committed 3072K, reserved 1048576K
Event: 20.236 GC heap after
Heap after GC invocations=10 (full 1):
 PSYoungGen      total 143872K, used 12784K [0x00000000d6180000, 0x00000000e3d00000, 0x0000000100000000)
  eden space 131072K, 0% used [0x00000000d6180000,0x00000000d6180000,0x00000000de180000)
  from space 12800K, 99% used [0x00000000de180000,0x00000000dedfc2a8,0x00000000dee00000)
  to   space 15872K, 0% used [0x00000000e2d80000,0x00000000e2d80000,0x00000000e3d00000)
 ParOldGen       total 65024K, used 24268K [0x0000000082400000, 0x0000000086380000, 0x00000000d6180000)
  object space 65024K, 37% used [0x0000000082400000,0x0000000083bb3190,0x0000000086380000)
 Metaspace       used 24201K, capacity 24894K, committed 25088K, reserved 1071104K
  class space    used 2844K, capacity 3033K, committed 3072K, reserved 1048576K
}

