# JRE version: Java(TM) SE Runtime Environment (8.0_131-b11) (build 1.8.0_131-b11)
# Java VM: Java HotSpot(TM) 64-Bit Server VM (25.131-b11 mixed mode windows-amd64 compressed oops)
Heap:
 PSYoungGen      total 140288K, used 35301K [0x00000000d6180000, 0x00000000e4280000, 0x0000000100000000)
  eden space 128000K, 17% used [0x00000000d6180000,0x00000000d77fd5a0,0x00000000dde80000)
  from space 12288K, 99% used [0x00000000ded80000,0x00000000df97c208,0x00000000df980000)
  to   space 15360K, 0% used [0x00000000dde80000,0x00000000dde80000,0x00000000ded80000)
 ParOldGen       total 74752K, used 24345K [0x0000000082400000, 0x0000000086d00000, 0x00000000d6180000)
  object space 74752K, 32% used [0x0000000082400000,0x0000000083bc64a8,0x0000000086d00000)
 Metaspace       used 23830K, capacity 24452K, committed 24576K, reserved 1071104K
  class space    used 2802K, capacity 2986K, committed 3072K, reserved 1048576K
GC Heap History (10 events):
Event: 1.715 GC heap before
{Heap before GC invocations=5 (full 0):
 PSYoungGen      total 70656K, used 70624K [0x00000000d6180000, 0x00000000dab80000, 0x0000000100000000)
  eden space 65536K, 100% used [0x00000000d6180000,0x00000000da180000,0x00000000da180000)
  from space 5120K, 99% used [0x00000000da680000,0x00000000dab78040,0x00000000dab80000)
  to   space 5120K, 0% used [0x00000000da180000,0x00000000da180000,0x00000000da680000)
 ParOldGen       total 86016K, used 8982K [0x0000000082400000, 0x0000000087800000, 0x00000000d6180000)
  object space 86016K, 10% used [0x0000000082400000,0x0000000082cc5818,0x0000000087800000)
 Metaspace       used 16026K, capacity 16318K, committed 16512K, reserved 1062912K
  class space    used 1924K, capacity 2049K, committed 2176K, reserved 1048576K
Event: 1.726 GC heap after
Heap after GC invocations=5 (full 0):
 PSYoungGen      total 70656K, used 5088K [0x00000000d6180000, 0x00000000df980000, 0x0000000100000000)
  eden space 65536K, 0% used [0x00000000d6180000,0x00000000d6180000,0x00000000da180000)
  from space 5120K, 99% used [0x00000000da180000,0x00000000da678040,0x00000000da680000)
  to   space 12288K, 0% used [0x00000000ded80000,0x00000000ded80000,0x00000000df980000)
 ParOldGen       total 86016K, used 15178K [0x0000000082400000, 0x0000000087800000, 0x00000000d6180000)
  object space 86016K, 17% used [0x0000000082400000,0x00000000832d2930,0x0000000087800000)
 Metaspace       used 16026K, capacity 16318K, committed 16512K, reserved 1062912K
  class space    used 1924K, capacity 2049K, committed 2176K, reserved 1048576K
}
Event: 2.224 GC heap before
{Heap before GC invocations=6 (full 0):
 PSYoungGen      total 70656K, used 70624K [0x00000000d6180000, 0x00000000df980000, 0x0000000100000000)
  eden space 65536K, 100% used [0x00000000d6180000,0x00000000da180000,0x00000000da180000)
  from space 5120K, 99% used [0x00000000da180000,0x00000000da678040,0x00000000da680000)
  to   space 12288K, 0% used [0x00000000ded80000,0x00000000ded80000,0x00000000df980000)
 ParOldGen       total 86016K, used 15178K [0x0000000082400000, 0x0000000087800000, 0x00000000d6180000)
  object space 86016K, 17% used [0x0000000082400000,0x00000000832d2930,0x0000000087800000)
 Metaspace       used 17292K, capacity 17710K, committed 17920K, reserved 1064960K
  class space    used 2035K, capacity 2189K, committed 2304K, reserved 1048576K
Event: 2.234 GC heap after
Heap after GC invocations=6 (full 0):
 PSYoungGen      total 142848K, used 10147K [0x00000000d6180000, 0x00000000dfa80000, 0x0000000100000000)
  eden space 130560K, 0% used [0x00000000d6180000,0x00000000d6180000,0x00000000de100000)
  from space 12288K, 82% used [0x00000000ded80000,0x00000000df768d50,0x00000000df980000)
  to   space 12800K, 0% used [0x00000000de100000,0x00000000de100000,0x00000000ded80000)
 ParOldGen       total 86016K, used 15186K [0x0000000082400000, 0x0000000087800000, 0x00000000d6180000)
  object space 86016K, 17% used [0x0000000082400000,0x00000000832d4930,0x0000000087800000)
 Metaspace       used 17292K, capacity 17710K, committed 17920K, reserved 1064960K
  class space    used 2035K, capacity 2189K, committed 2304K, reserved 1048576K
}
Event: 2.501 GC heap before
{Heap before GC invocations=7 (full 0):
 PSYoungGen      total 142848K, used 36224K [0x00000000d6180000, 0x00000000dfa80000, 0x0000000100000000)
  eden space 130560K, 19% used [0x00000000d6180000,0x00000000d7af72e0,0x00000000de100000)
  from space 12288K, 82% used [0x00000000ded80000,0x00000000df768d50,0x00000000df980000)
  to   space 12800K, 0% used [0x00000000de100000,0x00000000de100000,0x00000000ded80000)
 ParOldGen       total 86016K, used 15186K [0x0000000082400000, 0x0000000087800000, 0x00000000d6180000)
  object space 86016K, 17% used [0x0000000082400000,0x00000000832d4930,0x0000000087800000)
 Metaspace       used 20646K, capacity 21146K, committed 21296K, reserved 1069056K
  class space    used 2485K, capacity 2653K, committed 2688K, reserved 1048576K
Event: 2.509 GC heap after
Heap after GC invocations=7 (full 0):
 PSYoungGen      total 143360K, used 8547K [0x00000000d6180000, 0x00000000dfa80000, 0x0000000100000000)
  eden space 130560K, 0% used [0x00000000d6180000,0x00000000d6180000,0x00000000de100000)
  from space 12800K, 66% used [0x00000000de100000,0x00000000de958d28,0x00000000ded80000)
  to   space 12288K, 0% used [0x00000000ded80000,0x00000000ded80000,0x00000000df980000)
 ParOldGen       total 86016K, used 17300K [0x0000000082400000, 0x0000000087800000, 0x00000000d6180000)
  object space 86016K, 20% used [0x0000000082400000,0x00000000834e5200,0x0000000087800000)
 Metaspace       used 20646K, capacity 21146K, committed 21296K, reserved 1069056K
  class space    used 2485K, capacity 2653K, committed 2688K, reserved 1048576K
}
Event: 2.509 GC heap before
{Heap before GC invocations=8 (full 1):
 PSYoungGen      total 143360K, used 8547K [0x00000000d6180000, 0x00000000dfa80000, 0x0000000100000000)
  eden space 130560K, 0% used [0x00000000d6180000,0x00000000d6180000,0x00000000de100000)
  from space 12800K, 66% used [0x00000000de100000,0x00000000de958d28,0x00000000ded80000)
  to   space 12288K, 0% used [0x00000000ded80000,0x00000000ded80000,0x00000000df980000)
 ParOldGen       total 86016K, used 17300K [0x0000000082400000, 0x0000000087800000, 0x00000000d6180000)
  object space 86016K, 20% used [0x0000000082400000,0x00000000834e5200,0x0000000087800000)
 Metaspace       used 20646K, capacity 21146K, committed 21296K, reserved 1069056K
  class space    used 2485K, capacity 2653K, committed 2688K, reserved 1048576K
Event: 2.558 GC heap after
Heap after GC invocations=8 (full 1):
 PSYoungGen      total 143360K, used 0K [0x00000000d6180000, 0x00000000dfa80000, 0x0000000100000000)
  eden space 130560K, 0% used [0x00000000d6180000,0x00000000d6180000,0x00000000de100000)
  from space 12800K, 0% used [0x00000000de100000,0x00000000de100000,0x00000000ded80000)
  to   space 12288K, 0% used [0x00000000ded80000,0x00000000ded80000,0x00000000df980000)
 ParOldGen       total 74752K, used 20100K [0x0000000082400000, 0x0000000086d00000, 0x00000000d6180000)
  object space 74752K, 26% used [0x0000000082400000,0x00000000837a1180,0x0000000086d00000)
 Metaspace       used 20646K, capacity 21146K, committed 21296K, reserved 1069056K
  class space    used 2485K, capacity 2653K, committed 2688K, reserved 1048576K
}
Event: 3.297 GC heap before
{Heap before GC invocations=9 (full 1):
 PSYoungGen      total 143360K, used 130560K [0x00000000d6180000, 0x00000000dfa80000, 0x0000000100000000)
  eden space 130560K, 100% used [0x00000000d6180000,0x00000000de100000,0x00000000de100000)
  from space 12800K, 0% used [0x00000000de100000,0x00000000de100000,0x00000000ded80000)
  to   space 12288K, 0% used [0x00000000ded80000,0x00000000ded80000,0x00000000df980000)
 ParOldGen       total 74752K, used 20100K [0x0000000082400000, 0x0000000086d00000, 0x00000000d6180000)
  object space 74752K, 26% used [0x0000000082400000,0x00000000837a1180,0x0000000086d00000)
 Metaspace       used 23723K, capacity 24324K, committed 24576K, reserved 1071104K
  class space    used 2802K, capacity 2986K, committed 3072K, reserved 1048576K
Event: 3.307 GC heap after
Heap after GC invocations=9 (full 1):
 PSYoungGen      total 140288K, used 12272K [0x00000000d6180000, 0x00000000e4280000, 0x0000000100000000)
  eden space 128000K, 0% used [0x00000000d6180000,0x00000000d6180000,0x00000000dde80000)
  from space 12288K, 99% used [0x00000000ded80000,0x00000000df97c208,0x00000000df980000)
  to   space 15360K, 0% used [0x00000000dde80000,0x00000000dde80000,0x00000000ded80000)
 ParOldGen       total 74752K, used 24345K [0x0000000082400000, 0x0000000086d00000, 0x00000000d6180000)
  object space 74752K, 32% used [0x0000000082400000,0x0000000083bc64a8,0x0000000086d00000)
 Metaspace       used 23723K, capacity 24324K, committed 24576K, reserved 1071104K
  class space    used 2802K, capacity 2986K, committed 3072K, reserved 1048576K
}

