# JRE version: Java(TM) SE Runtime Environment (8.0_131-b11) (build 1.8.0_131-b11)
# Java VM: Java HotSpot(TM) 64-Bit Server VM (25.131-b11 mixed mode windows-amd64 compressed oops)
Heap:
 PSYoungGen      total 183296K, used 33623K [0x00000000d6180000, 0x00000000e4100000, 0x0000000100000000)
  eden space 172544K, 19% used [0x00000000d6180000,0x00000000d8255d78,0x00000000e0a00000)
  from space 10752K, 0% used [0x00000000e1500000,0x00000000e1500000,0x00000000e1f80000)
  to   space 11264K, 0% used [0x00000000e0a00000,0x00000000e0a00000,0x00000000e1500000)
 ParOldGen       total 83456K, used 13389K [0x0000000082400000, 0x0000000087580000, 0x00000000d6180000)
  object space 83456K, 16% used [0x0000000082400000,0x00000000831136a8,0x0000000087580000)
 Metaspace       used 37226K, capacity 38634K, committed 38744K, reserved 1085440K
  class space    used 4915K, capacity 5190K, committed 5208K, reserved 1048576K
GC Heap History (10 events):
Event: 1.452 GC heap before
{Heap before GC invocations=6 (full 1):
 PSYoungGen      total 70656K, used 5113K [0x00000000d6180000, 0x00000000df380000, 0x0000000100000000)
  eden space 65536K, 0% used [0x00000000d6180000,0x00000000d6180000,0x00000000da180000)
  from space 5120K, 99% used [0x00000000da180000,0x00000000da67e730,0x00000000da680000)
  to   space 9216K, 0% used [0x00000000dea80000,0x00000000dea80000,0x00000000df380000)
 ParOldGen       total 86016K, used 4783K [0x0000000082400000, 0x0000000087800000, 0x00000000d6180000)
  object space 86016K, 5% used [0x0000000082400000,0x00000000828abe78,0x0000000087800000)
 Metaspace       used 20465K, capacity 21150K, committed 21248K, reserved 1067008K
  class space    used 2590K, capacity 2778K, committed 2816K, reserved 1048576K
Event: 1.473 GC heap after
Heap after GC invocations=6 (full 1):
 PSYoungGen      total 70656K, used 0K [0x00000000d6180000, 0x00000000df380000, 0x0000000100000000)
  eden space 65536K, 0% used [0x00000000d6180000,0x00000000d6180000,0x00000000da180000)
  from space 5120K, 0% used [0x00000000da180000,0x00000000da180000,0x00000000da680000)
  to   space 9216K, 0% used [0x00000000dea80000,0x00000000dea80000,0x00000000df380000)
 ParOldGen       total 56320K, used 8667K [0x0000000082400000, 0x0000000085b00000, 0x00000000d6180000)
  object space 56320K, 15% used [0x0000000082400000,0x0000000082c76d70,0x0000000085b00000)
 Metaspace       used 20465K, capacity 21150K, committed 21248K, reserved 1067008K
  class space    used 2590K, capacity 2778K, committed 2816K, reserved 1048576K
}
Event: 1.634 GC heap before
{Heap before GC invocations=7 (full 1):
 PSYoungGen      total 70656K, used 65536K [0x00000000d6180000, 0x00000000df380000, 0x0000000100000000)
  eden space 65536K, 100% used [0x00000000d6180000,0x00000000da180000,0x00000000da180000)
  from space 5120K, 0% used [0x00000000da180000,0x00000000da180000,0x00000000da680000)
  to   space 9216K, 0% used [0x00000000dea80000,0x00000000dea80000,0x00000000df380000)
 ParOldGen       total 56320K, used 8667K [0x0000000082400000, 0x0000000085b00000, 0x00000000d6180000)
  object space 56320K, 15% used [0x0000000082400000,0x0000000082c76d70,0x0000000085b00000)
 Metaspace       used 24023K, capacity 24886K, committed 25088K, reserved 1071104K
  class space    used 3070K, capacity 3278K, committed 3328K, reserved 1048576K
Event: 1.638 GC heap after
Heap after GC invocations=7 (full 1):
 PSYoungGen      total 113152K, used 4732K [0x00000000d6180000, 0x00000000def80000, 0x0000000100000000)
  eden space 108032K, 0% used [0x00000000d6180000,0x00000000d6180000,0x00000000dcb00000)
  from space 5120K, 92% used [0x00000000dea80000,0x00000000def1f270,0x00000000def80000)
  to   space 8704K, 0% used [0x00000000dde80000,0x00000000dde80000,0x00000000de700000)
 ParOldGen       total 56320K, used 8675K [0x0000000082400000, 0x0000000085b00000, 0x00000000d6180000)
  object space 56320K, 15% used [0x0000000082400000,0x0000000082c78d70,0x0000000085b00000)
 Metaspace       used 24023K, capacity 24886K, committed 25088K, reserved 1071104K
  class space    used 3070K, capacity 3278K, committed 3328K, reserved 1048576K
}
Event: 2.482 GC heap before
{Heap before GC invocations=8 (full 1):
 PSYoungGen      total 113152K, used 112764K [0x00000000d6180000, 0x00000000def80000, 0x0000000100000000)
  eden space 108032K, 100% used [0x00000000d6180000,0x00000000dcb00000,0x00000000dcb00000)
  from space 5120K, 92% used [0x00000000dea80000,0x00000000def1f270,0x00000000def80000)
  to   space 8704K, 0% used [0x00000000dde80000,0x00000000dde80000,0x00000000de700000)
 ParOldGen       total 56320K, used 8675K [0x0000000082400000, 0x0000000085b00000, 0x00000000d6180000)
  object space 56320K, 15% used [0x0000000082400000,0x0000000082c78d70,0x0000000085b00000)
 Metaspace       used 31230K, capacity 32560K, committed 32768K, reserved 1077248K
  class space    used 3960K, capacity 4239K, committed 4352K, reserved 1048576K
Event: 2.489 GC heap after
Heap after GC invocations=8 (full 1):
 PSYoungGen      total 136704K, used 8702K [0x00000000d6180000, 0x00000000e1f80000, 0x0000000100000000)
  eden space 128000K, 0% used [0x00000000d6180000,0x00000000d6180000,0x00000000dde80000)
  from space 8704K, 99% used [0x00000000dde80000,0x00000000de6ff9c8,0x00000000de700000)
  to   space 10752K, 0% used [0x00000000e1500000,0x00000000e1500000,0x00000000e1f80000)
 ParOldGen       total 56320K, used 9965K [0x0000000082400000, 0x0000000085b00000, 0x00000000d6180000)
  object space 56320K, 17% used [0x0000000082400000,0x0000000082dbb760,0x0000000085b00000)
 Metaspace       used 31230K, capacity 32560K, committed 32768K, reserved 1077248K
  class space    used 3960K, capacity 4239K, committed 4352K, reserved 1048576K
}
Event: 2.711 GC heap before
{Heap before GC invocations=9 (full 1):
 PSYoungGen      total 136704K, used 47024K [0x00000000d6180000, 0x00000000e1f80000, 0x0000000100000000)
  eden space 128000K, 29% used [0x00000000d6180000,0x00000000d86ec900,0x00000000dde80000)
  from space 8704K, 99% used [0x00000000dde80000,0x00000000de6ff9c8,0x00000000de700000)
  to   space 10752K, 0% used [0x00000000e1500000,0x00000000e1500000,0x00000000e1f80000)
 ParOldGen       total 56320K, used 9965K [0x0000000082400000, 0x0000000085b00000, 0x00000000d6180000)
  object space 56320K, 17% used [0x0000000082400000,0x0000000082dbb760,0x0000000085b00000)
 Metaspace       used 33961K, capacity 35324K, committed 35416K, reserved 1079296K
  class space    used 4380K, capacity 4639K, committed 4696K, reserved 1048576K
Event: 2.717 GC heap after
Heap after GC invocations=9 (full 1):
 PSYoungGen      total 183296K, used 8714K [0x00000000d6180000, 0x00000000e4100000, 0x0000000100000000)
  eden space 172544K, 0% used [0x00000000d6180000,0x00000000d6180000,0x00000000e0a00000)
  from space 10752K, 81% used [0x00000000e1500000,0x00000000e1d82bf8,0x00000000e1f80000)
  to   space 11264K, 0% used [0x00000000e0a00000,0x00000000e0a00000,0x00000000e1500000)
 ParOldGen       total 56320K, used 9973K [0x0000000082400000, 0x0000000085b00000, 0x00000000d6180000)
  object space 56320K, 17% used [0x0000000082400000,0x0000000082dbd760,0x0000000085b00000)
 Metaspace       used 33961K, capacity 35324K, committed 35416K, reserved 1079296K
  class space    used 4380K, capacity 4639K, committed 4696K, reserved 1048576K
}
Event: 2.717 GC heap before
{Heap before GC invocations=10 (full 2):
 PSYoungGen      total 183296K, used 8714K [0x00000000d6180000, 0x00000000e4100000, 0x0000000100000000)
  eden space 172544K, 0% used [0x00000000d6180000,0x00000000d6180000,0x00000000e0a00000)
  from space 10752K, 81% used [0x00000000e1500000,0x00000000e1d82bf8,0x00000000e1f80000)
  to   space 11264K, 0% used [0x00000000e0a00000,0x00000000e0a00000,0x00000000e1500000)
 ParOldGen       total 56320K, used 9973K [0x0000000082400000, 0x0000000085b00000, 0x00000000d6180000)
  object space 56320K, 17% used [0x0000000082400000,0x0000000082dbd760,0x0000000085b00000)
 Metaspace       used 33961K, capacity 35324K, committed 35416K, reserved 1079296K
  class space    used 4380K, capacity 4639K, committed 4696K, reserved 1048576K
Event: 2.756 GC heap after
Heap after GC invocations=10 (full 2):
 PSYoungGen      total 183296K, used 0K [0x00000000d6180000, 0x00000000e4100000, 0x0000000100000000)
  eden space 172544K, 0% used [0x00000000d6180000,0x00000000d6180000,0x00000000e0a00000)
  from space 10752K, 0% used [0x00000000e1500000,0x00000000e1500000,0x00000000e1f80000)
  to   space 11264K, 0% used [0x00000000e0a00000,0x00000000e0a00000,0x00000000e1500000)
 ParOldGen       total 83456K, used 13389K [0x0000000082400000, 0x0000000087580000, 0x00000000d6180000)
  object space 83456K, 16% used [0x0000000082400000,0x00000000831136a8,0x0000000087580000)
 Metaspace       used 33961K, capacity 35324K, committed 35416K, reserved 1079296K
  class space    used 4380K, capacity 4639K, committed 4696K, reserved 1048576K
}

