# JRE version: Java(TM) SE Runtime Environment (8.0_131-b11) (build 1.8.0_131-b11)
# Java VM: Java HotSpot(TM) 64-Bit Server VM (25.131-b11 mixed mode windows-amd64 compressed oops)
Heap:
 PSYoungGen      total 208384K, used 16097K [0x00000000d6180000, 0x00000000e7d80000, 0x0000000100000000)
  eden space 193536K, 8% used [0x00000000d6180000,0x00000000d7138680,0x00000000e1e80000)
  from space 14848K, 0% used [0x00000000e6f00000,0x00000000e6f00000,0x00000000e7d80000)
  to   space 16896K, 0% used [0x00000000e5c80000,0x00000000e5c80000,0x00000000e6d00000)
 ParOldGen       total 81920K, used 36585K [0x0000000082400000, 0x0000000087400000, 0x00000000d6180000)
  object space 81920K, 44% used [0x0000000082400000,0x00000000847ba6b8,0x0000000087400000)
 Metaspace       used 35435K, capacity 36554K, committed 36864K, reserved 1081344K
  class space    used 4443K, capacity 4762K, committed 4864K, reserved 1048576K
GC Heap History (10 events):
Event: 2.055 GC heap before
{Heap before GC invocations=6 (full 0):
 PSYoungGen      total 70656K, used 70640K [0x00000000d6180000, 0x00000000dfa80000, 0x0000000100000000)
  eden space 65536K, 100% used [0x00000000d6180000,0x00000000da180000,0x00000000da180000)
  from space 5120K, 99% used [0x00000000da180000,0x00000000da67c010,0x00000000da680000)
  to   space 12800K, 0% used [0x00000000dee00000,0x00000000dee00000,0x00000000dfa80000)
 ParOldGen       total 86016K, used 16002K [0x0000000082400000, 0x0000000087800000, 0x00000000d6180000)
  object space 86016K, 18% used [0x0000000082400000,0x00000000833a0b70,0x0000000087800000)
 Metaspace       used 17358K, capacity 17838K, committed 18176K, reserved 1064960K
  class space    used 2034K, capacity 2189K, committed 2304K, reserved 1048576K
Event: 2.065 GC heap after
Heap after GC invocations=6 (full 0):
 PSYoungGen      total 143360K, used 10087K [0x00000000d6180000, 0x00000000dfb80000, 0x0000000100000000)
  eden space 130560K, 0% used [0x00000000d6180000,0x00000000d6180000,0x00000000de100000)
  from space 12800K, 78% used [0x00000000dee00000,0x00000000df7d9d58,0x00000000dfa80000)
  to   space 13312K, 0% used [0x00000000de100000,0x00000000de100000,0x00000000dee00000)
 ParOldGen       total 86016K, used 16010K [0x0000000082400000, 0x0000000087800000, 0x00000000d6180000)
  object space 86016K, 18% used [0x0000000082400000,0x00000000833a2b70,0x0000000087800000)
 Metaspace       used 17358K, capacity 17838K, committed 18176K, reserved 1064960K
  class space    used 2034K, capacity 2189K, committed 2304K, reserved 1048576K
}
Event: 2.673 GC heap before
{Heap before GC invocations=7 (full 0):
 PSYoungGen      total 143360K, used 93185K [0x00000000d6180000, 0x00000000dfb80000, 0x0000000100000000)
  eden space 130560K, 63% used [0x00000000d6180000,0x00000000db2a6948,0x00000000de100000)
  from space 12800K, 78% used [0x00000000dee00000,0x00000000df7d9d58,0x00000000dfa80000)
  to   space 13312K, 0% used [0x00000000de100000,0x00000000de100000,0x00000000dee00000)
 ParOldGen       total 86016K, used 16010K [0x0000000082400000, 0x0000000087800000, 0x00000000d6180000)
  object space 86016K, 18% used [0x0000000082400000,0x00000000833a2b70,0x0000000087800000)
 Metaspace       used 20528K, capacity 21144K, committed 21296K, reserved 1069056K
  class space    used 2407K, capacity 2658K, committed 2688K, reserved 1048576K
Event: 2.685 GC heap after
Heap after GC invocations=7 (full 0):
 PSYoungGen      total 143872K, used 13255K [0x00000000d6180000, 0x00000000e7d80000, 0x0000000100000000)
  eden space 130560K, 0% used [0x00000000d6180000,0x00000000d6180000,0x00000000de100000)
  from space 13312K, 99% used [0x00000000de100000,0x00000000dedf1fa0,0x00000000dee00000)
  to   space 14848K, 0% used [0x00000000e6f00000,0x00000000e6f00000,0x00000000e7d80000)
 ParOldGen       total 86016K, used 17909K [0x0000000082400000, 0x0000000087800000, 0x00000000d6180000)
  object space 86016K, 20% used [0x0000000082400000,0x000000008357d430,0x0000000087800000)
 Metaspace       used 20528K, capacity 21144K, committed 21296K, reserved 1069056K
  class space    used 2407K, capacity 2658K, committed 2688K, reserved 1048576K
}
Event: 2.685 GC heap before
{Heap before GC invocations=8 (full 1):
 PSYoungGen      total 143872K, used 13255K [0x00000000d6180000, 0x00000000e7d80000, 0x0000000100000000)
  eden space 130560K, 0% used [0x00000000d6180000,0x00000000d6180000,0x00000000de100000)
  from space 13312K, 99% used [0x00000000de100000,0x00000000dedf1fa0,0x00000000dee00000)
  to   space 14848K, 0% used [0x00000000e6f00000,0x00000000e6f00000,0x00000000e7d80000)
 ParOldGen       total 86016K, used 17909K [0x0000000082400000, 0x0000000087800000, 0x00000000d6180000)
  object space 86016K, 20% used [0x0000000082400000,0x000000008357d430,0x0000000087800000)
 Metaspace       used 20528K, capacity 21144K, committed 21296K, reserved 1069056K
  class space    used 2407K, capacity 2658K, committed 2688K, reserved 1048576K
Event: 2.745 GC heap after
Heap after GC invocations=8 (full 1):
 PSYoungGen      total 143872K, used 0K [0x00000000d6180000, 0x00000000e7d80000, 0x0000000100000000)
  eden space 130560K, 0% used [0x00000000d6180000,0x00000000d6180000,0x00000000de100000)
  from space 13312K, 0% used [0x00000000de100000,0x00000000de100000,0x00000000dee00000)
  to   space 14848K, 0% used [0x00000000e6f00000,0x00000000e6f00000,0x00000000e7d80000)
 ParOldGen       total 81920K, used 24735K [0x0000000082400000, 0x0000000087400000, 0x00000000d6180000)
  object space 81920K, 30% used [0x0000000082400000,0x0000000083c27c68,0x0000000087400000)
 Metaspace       used 20528K, capacity 21144K, committed 21296K, reserved 1069056K
  class space    used 2407K, capacity 2658K, committed 2688K, reserved 1048576K
}
Event: 3.315 GC heap before
{Heap before GC invocations=9 (full 1):
 PSYoungGen      total 143872K, used 120631K [0x00000000d6180000, 0x00000000e7d80000, 0x0000000100000000)
  eden space 130560K, 92% used [0x00000000d6180000,0x00000000dd74dd90,0x00000000de100000)
  from space 13312K, 0% used [0x00000000de100000,0x00000000de100000,0x00000000dee00000)
  to   space 14848K, 0% used [0x00000000e6f00000,0x00000000e6f00000,0x00000000e7d80000)
 ParOldGen       total 81920K, used 24735K [0x0000000082400000, 0x0000000087400000, 0x00000000d6180000)
  object space 81920K, 30% used [0x0000000082400000,0x0000000083c27c68,0x0000000087400000)
 Metaspace       used 34318K, capacity 35334K, committed 35456K, reserved 1079296K
  class space    used 4305K, capacity 4622K, committed 4736K, reserved 1048576K
Event: 3.326 GC heap after
Heap after GC invocations=9 (full 1):
 PSYoungGen      total 208384K, used 14830K [0x00000000d6180000, 0x00000000e7d80000, 0x0000000100000000)
  eden space 193536K, 0% used [0x00000000d6180000,0x00000000d6180000,0x00000000e1e80000)
  from space 14848K, 99% used [0x00000000e6f00000,0x00000000e7d7b9d0,0x00000000e7d80000)
  to   space 16896K, 0% used [0x00000000e5c80000,0x00000000e5c80000,0x00000000e6d00000)
 ParOldGen       total 81920K, used 25011K [0x0000000082400000, 0x0000000087400000, 0x00000000d6180000)
  object space 81920K, 30% used [0x0000000082400000,0x0000000083c6cda0,0x0000000087400000)
 Metaspace       used 34318K, capacity 35334K, committed 35456K, reserved 1079296K
  class space    used 4305K, capacity 4622K, committed 4736K, reserved 1048576K
}
Event: 3.326 GC heap before
{Heap before GC invocations=10 (full 2):
 PSYoungGen      total 208384K, used 14830K [0x00000000d6180000, 0x00000000e7d80000, 0x0000000100000000)
  eden space 193536K, 0% used [0x00000000d6180000,0x00000000d6180000,0x00000000e1e80000)
  from space 14848K, 99% used [0x00000000e6f00000,0x00000000e7d7b9d0,0x00000000e7d80000)
  to   space 16896K, 0% used [0x00000000e5c80000,0x00000000e5c80000,0x00000000e6d00000)
 ParOldGen       total 81920K, used 25011K [0x0000000082400000, 0x0000000087400000, 0x00000000d6180000)
  object space 81920K, 30% used [0x0000000082400000,0x0000000083c6cda0,0x0000000087400000)
 Metaspace       used 34318K, capacity 35334K, committed 35456K, reserved 1079296K
  class space    used 4305K, capacity 4622K, committed 4736K, reserved 1048576K
Event: 3.363 GC heap after
Heap after GC invocations=10 (full 2):
 PSYoungGen      total 208384K, used 0K [0x00000000d6180000, 0x00000000e7d80000, 0x0000000100000000)
  eden space 193536K, 0% used [0x00000000d6180000,0x00000000d6180000,0x00000000e1e80000)
  from space 14848K, 0% used [0x00000000e6f00000,0x00000000e6f00000,0x00000000e7d80000)
  to   space 16896K, 0% used [0x00000000e5c80000,0x00000000e5c80000,0x00000000e6d00000)
 ParOldGen       total 81920K, used 36585K [0x0000000082400000, 0x0000000087400000, 0x00000000d6180000)
  object space 81920K, 44% used [0x0000000082400000,0x00000000847ba6b8,0x0000000087400000)
 Metaspace       used 34318K, capacity 35334K, committed 35456K, reserved 1079296K
  class space    used 4305K, capacity 4622K, committed 4736K, reserved 1048576K
}

