# JRE version: Java(TM) SE Runtime Environment (8.0_131-b11) (build 1.8.0_131-b11)
# Java VM: Java HotSpot(TM) 64-Bit Server VM (25.131-b11 mixed mode windows-amd64 compressed oops)
Heap:
 PSYoungGen      total 70656K, used 45467K [0x00000000d6180000, 0x00000000dab80000, 0x0000000100000000)
  eden space 65536K, 69% used [0x00000000d6180000,0x00000000d8de6f48,0x00000000da180000)
  from space 5120K, 0% used [0x00000000da180000,0x00000000da180000,0x00000000da680000)
  to   space 5120K, 0% used [0x00000000da680000,0x00000000da680000,0x00000000dab80000)
 ParOldGen       total 56832K, used 12250K [0x0000000082400000, 0x0000000085b80000, 0x00000000d6180000)
  object space 56832K, 21% used [0x0000000082400000,0x0000000082ff6a10,0x0000000085b80000)
 Metaspace       used 38259K, capacity 39668K, committed 40024K, reserved 1083392K
  class space    used 5059K, capacity 5359K, committed 5464K, reserved 1048576K
GC Heap History (10 events):
Event: 1.659 GC heap before
{Heap before GC invocations=7 (full 1):
 PSYoungGen      total 70656K, used 65536K [0x00000000d6180000, 0x00000000dab80000, 0x0000000100000000)
  eden space 65536K, 100% used [0x00000000d6180000,0x00000000da180000,0x00000000da180000)
  from space 5120K, 0% used [0x00000000da180000,0x00000000da180000,0x00000000da680000)
  to   space 5120K, 0% used [0x00000000da680000,0x00000000da680000,0x00000000dab80000)
 ParOldGen       total 56832K, used 8772K [0x0000000082400000, 0x0000000085b80000, 0x00000000d6180000)
  object space 56832K, 15% used [0x0000000082400000,0x0000000082c912c0,0x0000000085b80000)
 Metaspace       used 24075K, capacity 24882K, committed 25088K, reserved 1071104K
  class space    used 3079K, capacity 3278K, committed 3328K, reserved 1048576K
Event: 1.662 GC heap after
Heap after GC invocations=7 (full 1):
 PSYoungGen      total 70656K, used 4756K [0x00000000d6180000, 0x00000000dab80000, 0x0000000100000000)
  eden space 65536K, 0% used [0x00000000d6180000,0x00000000d6180000,0x00000000da180000)
  from space 5120K, 92% used [0x00000000da680000,0x00000000dab25230,0x00000000dab80000)
  to   space 5120K, 0% used [0x00000000da180000,0x00000000da180000,0x00000000da680000)
 ParOldGen       total 56832K, used 8844K [0x0000000082400000, 0x0000000085b80000, 0x00000000d6180000)
  object space 56832K, 15% used [0x0000000082400000,0x0000000082ca32d0,0x0000000085b80000)
 Metaspace       used 24075K, capacity 24882K, committed 25088K, reserved 1071104K
  class space    used 3079K, capacity 3278K, committed 3328K, reserved 1048576K
}
Event: 2.174 GC heap before
{Heap before GC invocations=8 (full 1):
 PSYoungGen      total 70656K, used 70292K [0x00000000d6180000, 0x00000000dab80000, 0x0000000100000000)
  eden space 65536K, 100% used [0x00000000d6180000,0x00000000da180000,0x00000000da180000)
  from space 5120K, 92% used [0x00000000da680000,0x00000000dab25230,0x00000000dab80000)
  to   space 5120K, 0% used [0x00000000da180000,0x00000000da180000,0x00000000da680000)
 ParOldGen       total 56832K, used 8844K [0x0000000082400000, 0x0000000085b80000, 0x00000000d6180000)
  object space 56832K, 15% used [0x0000000082400000,0x0000000082ca32d0,0x0000000085b80000)
 Metaspace       used 27827K, capacity 29036K, committed 29184K, reserved 1075200K
  class space    used 3575K, capacity 3819K, committed 3840K, reserved 1048576K
Event: 2.178 GC heap after
Heap after GC invocations=8 (full 1):
 PSYoungGen      total 70656K, used 5090K [0x00000000d6180000, 0x00000000dab80000, 0x0000000100000000)
  eden space 65536K, 0% used [0x00000000d6180000,0x00000000d6180000,0x00000000da180000)
  from space 5120K, 99% used [0x00000000da180000,0x00000000da6789e8,0x00000000da680000)
  to   space 5120K, 0% used [0x00000000da680000,0x00000000da680000,0x00000000dab80000)
 ParOldGen       total 56832K, used 10109K [0x0000000082400000, 0x0000000085b80000, 0x00000000d6180000)
  object space 56832K, 17% used [0x0000000082400000,0x0000000082ddf548,0x0000000085b80000)
 Metaspace       used 27827K, capacity 29036K, committed 29184K, reserved 1075200K
  class space    used 3575K, capacity 3819K, committed 3840K, reserved 1048576K
}
Event: 2.767 GC heap before
{Heap before GC invocations=9 (full 1):
 PSYoungGen      total 70656K, used 70626K [0x00000000d6180000, 0x00000000dab80000, 0x0000000100000000)
  eden space 65536K, 100% used [0x00000000d6180000,0x00000000da180000,0x00000000da180000)
  from space 5120K, 99% used [0x00000000da180000,0x00000000da6789e8,0x00000000da680000)
  to   space 5120K, 0% used [0x00000000da680000,0x00000000da680000,0x00000000dab80000)
 ParOldGen       total 56832K, used 10109K [0x0000000082400000, 0x0000000085b80000, 0x00000000d6180000)
  object space 56832K, 17% used [0x0000000082400000,0x0000000082ddf548,0x0000000085b80000)
 Metaspace       used 33181K, capacity 34526K, committed 34816K, reserved 1079296K
  class space    used 4239K, capacity 4508K, committed 4608K, reserved 1048576K
Event: 2.773 GC heap after
Heap after GC invocations=9 (full 1):
 PSYoungGen      total 70656K, used 5109K [0x00000000d6180000, 0x00000000dab80000, 0x0000000100000000)
  eden space 65536K, 0% used [0x00000000d6180000,0x00000000d6180000,0x00000000da180000)
  from space 5120K, 99% used [0x00000000da680000,0x00000000dab7d708,0x00000000dab80000)
  to   space 5120K, 0% used [0x00000000da180000,0x00000000da180000,0x00000000da680000)
 ParOldGen       total 56832K, used 14537K [0x0000000082400000, 0x0000000085b80000, 0x00000000d6180000)
  object space 56832K, 25% used [0x0000000082400000,0x0000000083232608,0x0000000085b80000)
 Metaspace       used 33181K, capacity 34526K, committed 34816K, reserved 1079296K
  class space    used 4239K, capacity 4508K, committed 4608K, reserved 1048576K
}
Event: 2.838 GC heap before
{Heap before GC invocations=10 (full 1):
 PSYoungGen      total 70656K, used 18110K [0x00000000d6180000, 0x00000000dab80000, 0x0000000100000000)
  eden space 65536K, 19% used [0x00000000d6180000,0x00000000d6e32358,0x00000000da180000)
  from space 5120K, 99% used [0x00000000da680000,0x00000000dab7d708,0x00000000dab80000)
  to   space 5120K, 0% used [0x00000000da180000,0x00000000da180000,0x00000000da680000)
 ParOldGen       total 56832K, used 14537K [0x0000000082400000, 0x0000000085b80000, 0x00000000d6180000)
  object space 56832K, 25% used [0x0000000082400000,0x0000000083232608,0x0000000085b80000)
 Metaspace       used 33977K, capacity 35312K, committed 35416K, reserved 1079296K
  class space    used 4386K, capacity 4639K, committed 4696K, reserved 1048576K
Event: 2.842 GC heap after
Heap after GC invocations=10 (full 1):
 PSYoungGen      total 70656K, used 4936K [0x00000000d6180000, 0x00000000dab80000, 0x0000000100000000)
  eden space 65536K, 0% used [0x00000000d6180000,0x00000000d6180000,0x00000000da180000)
  from space 5120K, 96% used [0x00000000da180000,0x00000000da6521d8,0x00000000da680000)
  to   space 5120K, 0% used [0x00000000da680000,0x00000000da680000,0x00000000dab80000)
 ParOldGen       total 56832K, used 15887K [0x0000000082400000, 0x0000000085b80000, 0x00000000d6180000)
  object space 56832K, 27% used [0x0000000082400000,0x0000000083383d20,0x0000000085b80000)
 Metaspace       used 33977K, capacity 35312K, committed 35416K, reserved 1079296K
  class space    used 4386K, capacity 4639K, committed 4696K, reserved 1048576K
}
Event: 2.842 GC heap before
{Heap before GC invocations=11 (full 2):
 PSYoungGen      total 70656K, used 4936K [0x00000000d6180000, 0x00000000dab80000, 0x0000000100000000)
  eden space 65536K, 0% used [0x00000000d6180000,0x00000000d6180000,0x00000000da180000)
  from space 5120K, 96% used [0x00000000da180000,0x00000000da6521d8,0x00000000da680000)
  to   space 5120K, 0% used [0x00000000da680000,0x00000000da680000,0x00000000dab80000)
 ParOldGen       total 56832K, used 15887K [0x0000000082400000, 0x0000000085b80000, 0x00000000d6180000)
  object space 56832K, 27% used [0x0000000082400000,0x0000000083383d20,0x0000000085b80000)
 Metaspace       used 33977K, capacity 35312K, committed 35416K, reserved 1079296K
  class space    used 4386K, capacity 4639K, committed 4696K, reserved 1048576K
Event: 2.883 GC heap after
Heap after GC invocations=11 (full 2):
 PSYoungGen      total 70656K, used 0K [0x00000000d6180000, 0x00000000dab80000, 0x0000000100000000)
  eden space 65536K, 0% used [0x00000000d6180000,0x00000000d6180000,0x00000000da180000)
  from space 5120K, 0% used [0x00000000da180000,0x00000000da180000,0x00000000da680000)
  to   space 5120K, 0% used [0x00000000da680000,0x00000000da680000,0x00000000dab80000)
 ParOldGen       total 56832K, used 12250K [0x0000000082400000, 0x0000000085b80000, 0x00000000d6180000)
  object space 56832K, 21% used [0x0000000082400000,0x0000000082ff6a10,0x0000000085b80000)
 Metaspace       used 33977K, capacity 35312K, committed 35416K, reserved 1079296K
  class space    used 4386K, capacity 4639K, committed 4696K, reserved 1048576K
}

