# JRE version: Java(TM) SE Runtime Environment (8.0_131-b11) (build 1.8.0_131-b11)
# Java VM: Java HotSpot(TM) 64-Bit Server VM (25.131-b11 mixed mode windows-amd64 compressed oops)
Heap:
 PSYoungGen      total 174080K, used 163840K [0x00000000d6180000, 0x00000000e3d00000, 0x0000000100000000)
  eden space 163840K, 100% used [0x00000000d6180000,0x00000000e0180000,0x00000000e0180000)
  from space 10240K, 0% used [0x00000000e0c80000,0x00000000e0c80000,0x00000000e1680000)
  to   space 11264K, 0% used [0x00000000e0180000,0x00000000e0180000,0x00000000e0c80000)
 ParOldGen       total 57344K, used 13538K [0x0000000082400000, 0x0000000085c00000, 0x00000000d6180000)
  object space 57344K, 23% used [0x0000000082400000,0x00000000831388d0,0x0000000085c00000)
 Metaspace       used 44927K, capacity 46572K, committed 46680K, reserved 1089536K
  class space    used 5869K, capacity 6181K, committed 6232K, reserved 1048576K
GC Heap History (10 events):
Event: 1.555 GC heap before
{Heap before GC invocations=6 (full 1):
 PSYoungGen      total 70656K, used 5088K [0x00000000d6180000, 0x00000000df380000, 0x0000000100000000)
  eden space 65536K, 0% used [0x00000000d6180000,0x00000000d6180000,0x00000000da180000)
  from space 5120K, 99% used [0x00000000da180000,0x00000000da678020,0x00000000da680000)
  to   space 9216K, 0% used [0x00000000dea80000,0x00000000dea80000,0x00000000df380000)
 ParOldGen       total 86016K, used 4631K [0x0000000082400000, 0x0000000087800000, 0x00000000d6180000)
  object space 86016K, 5% used [0x0000000082400000,0x0000000082885e58,0x0000000087800000)
 Metaspace       used 20434K, capacity 21146K, committed 21248K, reserved 1067008K
  class space    used 2596K, capacity 2778K, committed 2816K, reserved 1048576K
Event: 1.577 GC heap after
Heap after GC invocations=6 (full 1):
 PSYoungGen      total 70656K, used 0K [0x00000000d6180000, 0x00000000df380000, 0x0000000100000000)
  eden space 65536K, 0% used [0x00000000d6180000,0x00000000d6180000,0x00000000da180000)
  from space 5120K, 0% used [0x00000000da180000,0x00000000da180000,0x00000000da680000)
  to   space 9216K, 0% used [0x00000000dea80000,0x00000000dea80000,0x00000000df380000)
 ParOldGen       total 57344K, used 8637K [0x0000000082400000, 0x0000000085c00000, 0x00000000d6180000)
  object space 57344K, 15% used [0x0000000082400000,0x0000000082c6f510,0x0000000085c00000)
 Metaspace       used 20434K, capacity 21146K, committed 21248K, reserved 1067008K
  class space    used 2596K, capacity 2778K, committed 2816K, reserved 1048576K
}
Event: 1.794 GC heap before
{Heap before GC invocations=7 (full 1):
 PSYoungGen      total 70656K, used 65536K [0x00000000d6180000, 0x00000000df380000, 0x0000000100000000)
  eden space 65536K, 100% used [0x00000000d6180000,0x00000000da180000,0x00000000da180000)
  from space 5120K, 0% used [0x00000000da180000,0x00000000da180000,0x00000000da680000)
  to   space 9216K, 0% used [0x00000000dea80000,0x00000000dea80000,0x00000000df380000)
 ParOldGen       total 57344K, used 8637K [0x0000000082400000, 0x0000000085c00000, 0x00000000d6180000)
  object space 57344K, 15% used [0x0000000082400000,0x0000000082c6f510,0x0000000085c00000)
 Metaspace       used 24137K, capacity 24968K, committed 25088K, reserved 1071104K
  class space    used 3091K, capacity 3281K, committed 3328K, reserved 1048576K
Event: 1.798 GC heap after
Heap after GC invocations=7 (full 1):
 PSYoungGen      total 110592K, used 4816K [0x00000000d6180000, 0x00000000def80000, 0x0000000100000000)
  eden space 105472K, 0% used [0x00000000d6180000,0x00000000d6180000,0x00000000dc880000)
  from space 5120K, 94% used [0x00000000dea80000,0x00000000def34078,0x00000000def80000)
  to   space 8704K, 0% used [0x00000000dde80000,0x00000000dde80000,0x00000000de700000)
 ParOldGen       total 57344K, used 8645K [0x0000000082400000, 0x0000000085c00000, 0x00000000d6180000)
  object space 57344K, 15% used [0x0000000082400000,0x0000000082c71510,0x0000000085c00000)
 Metaspace       used 24137K, capacity 24968K, committed 25088K, reserved 1071104K
  class space    used 3091K, capacity 3281K, committed 3328K, reserved 1048576K
}
Event: 2.822 GC heap before
{Heap before GC invocations=8 (full 1):
 PSYoungGen      total 110592K, used 110288K [0x00000000d6180000, 0x00000000def80000, 0x0000000100000000)
  eden space 105472K, 100% used [0x00000000d6180000,0x00000000dc880000,0x00000000dc880000)
  from space 5120K, 94% used [0x00000000dea80000,0x00000000def34078,0x00000000def80000)
  to   space 8704K, 0% used [0x00000000dde80000,0x00000000dde80000,0x00000000de700000)
 ParOldGen       total 57344K, used 8645K [0x0000000082400000, 0x0000000085c00000, 0x00000000d6180000)
  object space 57344K, 15% used [0x0000000082400000,0x0000000082c71510,0x0000000085c00000)
 Metaspace       used 31139K, capacity 32428K, committed 32768K, reserved 1077248K
  class space    used 3949K, capacity 4225K, committed 4352K, reserved 1048576K
Event: 2.829 GC heap after
Heap after GC invocations=8 (full 1):
 PSYoungGen      total 136704K, used 8677K [0x00000000d6180000, 0x00000000e1680000, 0x0000000100000000)
  eden space 128000K, 0% used [0x00000000d6180000,0x00000000d6180000,0x00000000dde80000)
  from space 8704K, 99% used [0x00000000dde80000,0x00000000de6f9668,0x00000000de700000)
  to   space 10240K, 0% used [0x00000000e0c80000,0x00000000e0c80000,0x00000000e1680000)
 ParOldGen       total 57344K, used 9769K [0x0000000082400000, 0x0000000085c00000, 0x00000000d6180000)
  object space 57344K, 17% used [0x0000000082400000,0x0000000082d8a750,0x0000000085c00000)
 Metaspace       used 31139K, capacity 32428K, committed 32768K, reserved 1077248K
  class space    used 3949K, capacity 4225K, committed 4352K, reserved 1048576K
}
Event: 3.077 GC heap before
{Heap before GC invocations=9 (full 1):
 PSYoungGen      total 136704K, used 51723K [0x00000000d6180000, 0x00000000e1680000, 0x0000000100000000)
  eden space 128000K, 33% used [0x00000000d6180000,0x00000000d8b89648,0x00000000dde80000)
  from space 8704K, 99% used [0x00000000dde80000,0x00000000de6f9668,0x00000000de700000)
  to   space 10240K, 0% used [0x00000000e0c80000,0x00000000e0c80000,0x00000000e1680000)
 ParOldGen       total 57344K, used 9769K [0x0000000082400000, 0x0000000085c00000, 0x00000000d6180000)
  object space 57344K, 17% used [0x0000000082400000,0x0000000082d8a750,0x0000000085c00000)
 Metaspace       used 34023K, capacity 35356K, committed 35416K, reserved 1079296K
  class space    used 4399K, capacity 4671K, committed 4696K, reserved 1048576K
Event: 3.083 GC heap after
Heap after GC invocations=9 (full 1):
 PSYoungGen      total 174080K, used 8870K [0x00000000d6180000, 0x00000000e3d00000, 0x0000000100000000)
  eden space 163840K, 0% used [0x00000000d6180000,0x00000000d6180000,0x00000000e0180000)
  from space 10240K, 86% used [0x00000000e0c80000,0x00000000e1529928,0x00000000e1680000)
  to   space 11264K, 0% used [0x00000000e0180000,0x00000000e0180000,0x00000000e0c80000)
 ParOldGen       total 57344K, used 9777K [0x0000000082400000, 0x0000000085c00000, 0x00000000d6180000)
  object space 57344K, 17% used [0x0000000082400000,0x0000000082d8c750,0x0000000085c00000)
 Metaspace       used 34023K, capacity 35356K, committed 35416K, reserved 1079296K
  class space    used 4399K, capacity 4671K, committed 4696K, reserved 1048576K
}
Event: 3.083 GC heap before
{Heap before GC invocations=10 (full 2):
 PSYoungGen      total 174080K, used 8870K [0x00000000d6180000, 0x00000000e3d00000, 0x0000000100000000)
  eden space 163840K, 0% used [0x00000000d6180000,0x00000000d6180000,0x00000000e0180000)
  from space 10240K, 86% used [0x00000000e0c80000,0x00000000e1529928,0x00000000e1680000)
  to   space 11264K, 0% used [0x00000000e0180000,0x00000000e0180000,0x00000000e0c80000)
 ParOldGen       total 57344K, used 9777K [0x0000000082400000, 0x0000000085c00000, 0x00000000d6180000)
  object space 57344K, 17% used [0x0000000082400000,0x0000000082d8c750,0x0000000085c00000)
 Metaspace       used 34023K, capacity 35356K, committed 35416K, reserved 1079296K
  class space    used 4399K, capacity 4671K, committed 4696K, reserved 1048576K
Event: 3.126 GC heap after
Heap after GC invocations=10 (full 2):
 PSYoungGen      total 174080K, used 0K [0x00000000d6180000, 0x00000000e3d00000, 0x0000000100000000)
  eden space 163840K, 0% used [0x00000000d6180000,0x00000000d6180000,0x00000000e0180000)
  from space 10240K, 0% used [0x00000000e0c80000,0x00000000e0c80000,0x00000000e1680000)
  to   space 11264K, 0% used [0x00000000e0180000,0x00000000e0180000,0x00000000e0c80000)
 ParOldGen       total 57344K, used 13538K [0x0000000082400000, 0x0000000085c00000, 0x00000000d6180000)
  object space 57344K, 23% used [0x0000000082400000,0x00000000831388d0,0x0000000085c00000)
 Metaspace       used 34023K, capacity 35356K, committed 35416K, reserved 1079296K
  class space    used 4399K, capacity 4671K, committed 4696K, reserved 1048576K
}

