# JRE version: Java(TM) SE Runtime Environment (8.0_131-b11) (build 1.8.0_131-b11)
# Java VM: Java HotSpot(TM) 64-Bit Server VM (25.131-b11 mixed mode windows-amd64 compressed oops)
Heap:
 PSYoungGen      total 143872K, used 116758K [0x00000000d6180000, 0x00000000e7d80000, 0x0000000100000000)
  eden space 130560K, 89% used [0x00000000d6180000,0x00000000dd3858a0,0x00000000de100000)
  from space 13312K, 0% used [0x00000000de100000,0x00000000de100000,0x00000000dee00000)
  to   space 14848K, 0% used [0x00000000e6f00000,0x00000000e6f00000,0x00000000e7d80000)
 ParOldGen       total 81408K, used 24743K [0x0000000082400000, 0x0000000087380000, 0x00000000d6180000)
  object space 81408K, 30% used [0x0000000082400000,0x0000000083c29fc0,0x0000000087380000)
 Metaspace       used 33561K, capacity 34676K, committed 34816K, reserved 1079296K
  class space    used 4220K, capacity 4555K, committed 4608K, reserved 1048576K
GC Heap History (10 events):
Event: 1.306 GC heap before
{Heap before GC invocations=4 (full 0):
 PSYoungGen      total 37888K, used 37856K [0x00000000d6180000, 0x00000000dab80000, 0x0000000100000000)
  eden space 32768K, 100% used [0x00000000d6180000,0x00000000d8180000,0x00000000d8180000)
  from space 5120K, 99% used [0x00000000d8180000,0x00000000d8678020,0x00000000d8680000)
  to   space 5120K, 0% used [0x00000000da680000,0x00000000da680000,0x00000000dab80000)
 ParOldGen       total 86016K, used 5585K [0x0000000082400000, 0x0000000087800000, 0x00000000d6180000)
  object space 86016K, 6% used [0x0000000082400000,0x00000000829745d8,0x0000000087800000)
 Metaspace       used 15646K, capacity 15878K, committed 16128K, reserved 1062912K
  class space    used 1902K, capacity 2013K, committed 2048K, reserved 1048576K
Event: 1.312 GC heap after
Heap after GC invocations=4 (full 0):
 PSYoungGen      total 70656K, used 5088K [0x00000000d6180000, 0x00000000dab80000, 0x0000000100000000)
  eden space 65536K, 0% used [0x00000000d6180000,0x00000000d6180000,0x00000000da180000)
  from space 5120K, 99% used [0x00000000da680000,0x00000000dab78040,0x00000000dab80000)
  to   space 5120K, 0% used [0x00000000da180000,0x00000000da180000,0x00000000da680000)
 ParOldGen       total 86016K, used 8813K [0x0000000082400000, 0x0000000087800000, 0x00000000d6180000)
  object space 86016K, 10% used [0x0000000082400000,0x0000000082c9b6e0,0x0000000087800000)
 Metaspace       used 15646K, capacity 15878K, committed 16128K, reserved 1062912K
  class space    used 1902K, capacity 2013K, committed 2048K, reserved 1048576K
}
Event: 1.630 GC heap before
{Heap before GC invocations=5 (full 0):
 PSYoungGen      total 70656K, used 70624K [0x00000000d6180000, 0x00000000dab80000, 0x0000000100000000)
  eden space 65536K, 100% used [0x00000000d6180000,0x00000000da180000,0x00000000da180000)
  from space 5120K, 99% used [0x00000000da680000,0x00000000dab78040,0x00000000dab80000)
  to   space 5120K, 0% used [0x00000000da180000,0x00000000da180000,0x00000000da680000)
 ParOldGen       total 86016K, used 8813K [0x0000000082400000, 0x0000000087800000, 0x00000000d6180000)
  object space 86016K, 10% used [0x0000000082400000,0x0000000082c9b6e0,0x0000000087800000)
 Metaspace       used 16039K, capacity 16382K, committed 16768K, reserved 1064960K
  class space    used 1924K, capacity 2049K, committed 2176K, reserved 1048576K
Event: 1.639 GC heap after
Heap after GC invocations=5 (full 0):
 PSYoungGen      total 70656K, used 5088K [0x00000000d6180000, 0x00000000dfa80000, 0x0000000100000000)
  eden space 65536K, 0% used [0x00000000d6180000,0x00000000d6180000,0x00000000da180000)
  from space 5120K, 99% used [0x00000000da180000,0x00000000da678040,0x00000000da680000)
  to   space 12800K, 0% used [0x00000000dee00000,0x00000000dee00000,0x00000000dfa80000)
 ParOldGen       total 86016K, used 15810K [0x0000000082400000, 0x0000000087800000, 0x00000000d6180000)
  object space 86016K, 18% used [0x0000000082400000,0x0000000083370800,0x0000000087800000)
 Metaspace       used 16039K, capacity 16382K, committed 16768K, reserved 1064960K
  class space    used 1924K, capacity 2049K, committed 2176K, reserved 1048576K
}
Event: 2.062 GC heap before
{Heap before GC invocations=6 (full 0):
 PSYoungGen      total 70656K, used 70624K [0x00000000d6180000, 0x00000000dfa80000, 0x0000000100000000)
  eden space 65536K, 100% used [0x00000000d6180000,0x00000000da180000,0x00000000da180000)
  from space 5120K, 99% used [0x00000000da180000,0x00000000da678040,0x00000000da680000)
  to   space 12800K, 0% used [0x00000000dee00000,0x00000000dee00000,0x00000000dfa80000)
 ParOldGen       total 86016K, used 15810K [0x0000000082400000, 0x0000000087800000, 0x00000000d6180000)
  object space 86016K, 18% used [0x0000000082400000,0x0000000083370800,0x0000000087800000)
 Metaspace       used 17321K, capacity 17710K, committed 17920K, reserved 1064960K
  class space    used 2035K, capacity 2189K, committed 2304K, reserved 1048576K
Event: 2.072 GC heap after
Heap after GC invocations=6 (full 0):
 PSYoungGen      total 143360K, used 10040K [0x00000000d6180000, 0x00000000dfb80000, 0x0000000100000000)
  eden space 130560K, 0% used [0x00000000d6180000,0x00000000d6180000,0x00000000de100000)
  from space 12800K, 78% used [0x00000000dee00000,0x00000000df7ce138,0x00000000dfa80000)
  to   space 13312K, 0% used [0x00000000de100000,0x00000000de100000,0x00000000dee00000)
 ParOldGen       total 86016K, used 15818K [0x0000000082400000, 0x0000000087800000, 0x00000000d6180000)
  object space 86016K, 18% used [0x0000000082400000,0x0000000083372800,0x0000000087800000)
 Metaspace       used 17321K, capacity 17710K, committed 17920K, reserved 1064960K
  class space    used 2035K, capacity 2189K, committed 2304K, reserved 1048576K
}
Event: 2.643 GC heap before
{Heap before GC invocations=7 (full 0):
 PSYoungGen      total 143360K, used 91236K [0x00000000d6180000, 0x00000000dfb80000, 0x0000000100000000)
  eden space 130560K, 62% used [0x00000000d6180000,0x00000000db0cb0a8,0x00000000de100000)
  from space 12800K, 78% used [0x00000000dee00000,0x00000000df7ce138,0x00000000dfa80000)
  to   space 13312K, 0% used [0x00000000de100000,0x00000000de100000,0x00000000dee00000)
 ParOldGen       total 86016K, used 15818K [0x0000000082400000, 0x0000000087800000, 0x00000000d6180000)
  object space 86016K, 18% used [0x0000000082400000,0x0000000083372800,0x0000000087800000)
 Metaspace       used 20496K, capacity 21144K, committed 21296K, reserved 1069056K
  class space    used 2407K, capacity 2658K, committed 2688K, reserved 1048576K
Event: 2.655 GC heap after
Heap after GC invocations=7 (full 0):
 PSYoungGen      total 143872K, used 13187K [0x00000000d6180000, 0x00000000e7d80000, 0x0000000100000000)
  eden space 130560K, 0% used [0x00000000d6180000,0x00000000d6180000,0x00000000de100000)
  from space 13312K, 99% used [0x00000000de100000,0x00000000dede0c70,0x00000000dee00000)
  to   space 14848K, 0% used [0x00000000e6f00000,0x00000000e6f00000,0x00000000e7d80000)
 ParOldGen       total 86016K, used 17748K [0x0000000082400000, 0x0000000087800000, 0x00000000d6180000)
  object space 86016K, 20% used [0x0000000082400000,0x00000000835550c0,0x0000000087800000)
 Metaspace       used 20496K, capacity 21144K, committed 21296K, reserved 1069056K
  class space    used 2407K, capacity 2658K, committed 2688K, reserved 1048576K
}
Event: 2.655 GC heap before
{Heap before GC invocations=8 (full 1):
 PSYoungGen      total 143872K, used 13187K [0x00000000d6180000, 0x00000000e7d80000, 0x0000000100000000)
  eden space 130560K, 0% used [0x00000000d6180000,0x00000000d6180000,0x00000000de100000)
  from space 13312K, 99% used [0x00000000de100000,0x00000000dede0c70,0x00000000dee00000)
  to   space 14848K, 0% used [0x00000000e6f00000,0x00000000e6f00000,0x00000000e7d80000)
 ParOldGen       total 86016K, used 17748K [0x0000000082400000, 0x0000000087800000, 0x00000000d6180000)
  object space 86016K, 20% used [0x0000000082400000,0x00000000835550c0,0x0000000087800000)
 Metaspace       used 20496K, capacity 21144K, committed 21296K, reserved 1069056K
  class space    used 2407K, capacity 2658K, committed 2688K, reserved 1048576K
Event: 2.710 GC heap after
Heap after GC invocations=8 (full 1):
 PSYoungGen      total 143872K, used 0K [0x00000000d6180000, 0x00000000e7d80000, 0x0000000100000000)
  eden space 130560K, 0% used [0x00000000d6180000,0x00000000d6180000,0x00000000de100000)
  from space 13312K, 0% used [0x00000000de100000,0x00000000de100000,0x00000000dee00000)
  to   space 14848K, 0% used [0x00000000e6f00000,0x00000000e6f00000,0x00000000e7d80000)
 ParOldGen       total 81408K, used 24743K [0x0000000082400000, 0x0000000087380000, 0x00000000d6180000)
  object space 81408K, 30% used [0x0000000082400000,0x0000000083c29fc0,0x0000000087380000)
 Metaspace       used 20496K, capacity 21144K, committed 21296K, reserved 1069056K
  class space    used 2407K, capacity 2658K, committed 2688K, reserved 1048576K
}

