# JRE version: Java(TM) SE Runtime Environment (8.0_131-b11) (build 1.8.0_131-b11)
# Java VM: Java HotSpot(TM) 64-Bit Server VM (25.131-b11 mixed mode windows-amd64 compressed oops)
Heap:
 PSYoungGen      total 169984K, used 107954K [0x00000000d6180000, 0x00000000e3c80000, 0x0000000100000000)
  eden space 159232K, 61% used [0x00000000d6180000,0x00000000dc06dd08,0x00000000dfd00000)
  from space 10752K, 99% used [0x00000000dfd00000,0x00000000e077ebe0,0x00000000e0780000)
  to   space 13312K, 0% used [0x00000000e2f80000,0x00000000e2f80000,0x00000000e3c80000)
 ParOldGen       total 89088K, used 16322K [0x0000000082400000, 0x0000000087b00000, 0x00000000d6180000)
  object space 89088K, 18% used [0x0000000082400000,0x00000000833f08a0,0x0000000087b00000)
 Metaspace       used 48501K, capacity 50656K, committed 50776K, reserved 1093632K
  class space    used 6316K, capacity 6687K, committed 6784K, reserved 1048576K
GC Heap History (10 events):
Event: 1.457 GC heap before
{Heap before GC invocations=7 (full 1):
 PSYoungGen      total 70656K, used 65536K [0x00000000d6180000, 0x00000000df280000, 0x0000000100000000)
  eden space 65536K, 100% used [0x00000000d6180000,0x00000000da180000,0x00000000da180000)
  from space 5120K, 0% used [0x00000000da180000,0x00000000da180000,0x00000000da680000)
  to   space 8704K, 0% used [0x00000000dea00000,0x00000000dea00000,0x00000000df280000)
 ParOldGen       total 57344K, used 8085K [0x0000000082400000, 0x0000000085c00000, 0x00000000d6180000)
  object space 57344K, 14% used [0x0000000082400000,0x0000000082be57f0,0x0000000085c00000)
 Metaspace       used 24091K, capacity 24922K, committed 25088K, reserved 1071104K
  class space    used 3103K, capacity 3312K, committed 3328K, reserved 1048576K
Event: 1.461 GC heap after
Heap after GC invocations=7 (full 1):
 PSYoungGen      total 108544K, used 4496K [0x00000000d6180000, 0x00000000dee80000, 0x0000000100000000)
  eden space 103936K, 0% used [0x00000000d6180000,0x00000000d6180000,0x00000000dc700000)
  from space 4608K, 97% used [0x00000000dea00000,0x00000000dee640c8,0x00000000dee80000)
  to   space 8704K, 0% used [0x00000000ddd80000,0x00000000ddd80000,0x00000000de600000)
 ParOldGen       total 57344K, used 8158K [0x0000000082400000, 0x0000000085c00000, 0x00000000d6180000)
  object space 57344K, 14% used [0x0000000082400000,0x0000000082bf7800,0x0000000085c00000)
 Metaspace       used 24091K, capacity 24922K, committed 25088K, reserved 1071104K
  class space    used 3103K, capacity 3312K, committed 3328K, reserved 1048576K
}
Event: 2.390 GC heap before
{Heap before GC invocations=8 (full 1):
 PSYoungGen      total 108544K, used 108432K [0x00000000d6180000, 0x00000000dee80000, 0x0000000100000000)
  eden space 103936K, 100% used [0x00000000d6180000,0x00000000dc700000,0x00000000dc700000)
  from space 4608K, 97% used [0x00000000dea00000,0x00000000dee640c8,0x00000000dee80000)
  to   space 8704K, 0% used [0x00000000ddd80000,0x00000000ddd80000,0x00000000de600000)
 ParOldGen       total 57344K, used 8158K [0x0000000082400000, 0x0000000085c00000, 0x00000000d6180000)
  object space 57344K, 14% used [0x0000000082400000,0x0000000082bf7800,0x0000000085c00000)
 Metaspace       used 30968K, capacity 32298K, committed 32512K, reserved 1077248K
  class space    used 3950K, capacity 4228K, committed 4352K, reserved 1048576K
Event: 2.398 GC heap after
Heap after GC invocations=8 (full 1):
 PSYoungGen      total 135680K, used 8694K [0x00000000d6180000, 0x00000000e1180000, 0x0000000100000000)
  eden space 126976K, 0% used [0x00000000d6180000,0x00000000d6180000,0x00000000ddd80000)
  from space 8704K, 99% used [0x00000000ddd80000,0x00000000de5fda28,0x00000000de600000)
  to   space 10240K, 0% used [0x00000000e0780000,0x00000000e0780000,0x00000000e1180000)
 ParOldGen       total 57344K, used 8734K [0x0000000082400000, 0x0000000085c00000, 0x00000000d6180000)
  object space 57344K, 15% used [0x0000000082400000,0x0000000082c87b20,0x0000000085c00000)
 Metaspace       used 30968K, capacity 32298K, committed 32512K, reserved 1077248K
  class space    used 3950K, capacity 4228K, committed 4352K, reserved 1048576K
}
Event: 2.632 GC heap before
{Heap before GC invocations=9 (full 1):
 PSYoungGen      total 135680K, used 49974K [0x00000000d6180000, 0x00000000e1180000, 0x0000000100000000)
  eden space 126976K, 32% used [0x00000000d6180000,0x00000000d89d01a8,0x00000000ddd80000)
  from space 8704K, 99% used [0x00000000ddd80000,0x00000000de5fda28,0x00000000de600000)
  to   space 10240K, 0% used [0x00000000e0780000,0x00000000e0780000,0x00000000e1180000)
 ParOldGen       total 57344K, used 8734K [0x0000000082400000, 0x0000000085c00000, 0x00000000d6180000)
  object space 57344K, 15% used [0x0000000082400000,0x0000000082c87b20,0x0000000085c00000)
 Metaspace       used 33996K, capacity 35286K, committed 35416K, reserved 1079296K
  class space    used 4408K, capacity 4660K, committed 4736K, reserved 1048576K
Event: 2.637 GC heap after
Heap after GC invocations=9 (full 1):
 PSYoungGen      total 169472K, used 8720K [0x00000000d6180000, 0x00000000e3500000, 0x0000000100000000)
  eden space 159232K, 0% used [0x00000000d6180000,0x00000000d6180000,0x00000000dfd00000)
  from space 10240K, 85% used [0x00000000e0780000,0x00000000e10040b8,0x00000000e1180000)
  to   space 10752K, 0% used [0x00000000dfd00000,0x00000000dfd00000,0x00000000e0780000)
 ParOldGen       total 57344K, used 8742K [0x0000000082400000, 0x0000000085c00000, 0x00000000d6180000)
  object space 57344K, 15% used [0x0000000082400000,0x0000000082c89b20,0x0000000085c00000)
 Metaspace       used 33996K, capacity 35286K, committed 35416K, reserved 1079296K
  class space    used 4408K, capacity 4660K, committed 4736K, reserved 1048576K
}
Event: 2.637 GC heap before
{Heap before GC invocations=10 (full 2):
 PSYoungGen      total 169472K, used 8720K [0x00000000d6180000, 0x00000000e3500000, 0x0000000100000000)
  eden space 159232K, 0% used [0x00000000d6180000,0x00000000d6180000,0x00000000dfd00000)
  from space 10240K, 85% used [0x00000000e0780000,0x00000000e10040b8,0x00000000e1180000)
  to   space 10752K, 0% used [0x00000000dfd00000,0x00000000dfd00000,0x00000000e0780000)
 ParOldGen       total 57344K, used 8742K [0x0000000082400000, 0x0000000085c00000, 0x00000000d6180000)
  object space 57344K, 15% used [0x0000000082400000,0x0000000082c89b20,0x0000000085c00000)
 Metaspace       used 33996K, capacity 35286K, committed 35416K, reserved 1079296K
  class space    used 4408K, capacity 4660K, committed 4736K, reserved 1048576K
Event: 2.691 GC heap after
Heap after GC invocations=10 (full 2):
 PSYoungGen      total 169472K, used 0K [0x00000000d6180000, 0x00000000e3500000, 0x0000000100000000)
  eden space 159232K, 0% used [0x00000000d6180000,0x00000000d6180000,0x00000000dfd00000)
  from space 10240K, 0% used [0x00000000e0780000,0x00000000e0780000,0x00000000e1180000)
  to   space 10752K, 0% used [0x00000000dfd00000,0x00000000dfd00000,0x00000000e0780000)
 ParOldGen       total 89088K, used 13456K [0x0000000082400000, 0x0000000087b00000, 0x00000000d6180000)
  object space 89088K, 15% used [0x0000000082400000,0x00000000831241b0,0x0000000087b00000)
 Metaspace       used 33996K, capacity 35286K, committed 35416K, reserved 1079296K
  class space    used 4408K, capacity 4660K, committed 4736K, reserved 1048576K
}
Event: 3.617 GC heap before
{Heap before GC invocations=11 (full 2):
 PSYoungGen      total 169472K, used 159232K [0x00000000d6180000, 0x00000000e3500000, 0x0000000100000000)
  eden space 159232K, 100% used [0x00000000d6180000,0x00000000dfd00000,0x00000000dfd00000)
  from space 10240K, 0% used [0x00000000e0780000,0x00000000e0780000,0x00000000e1180000)
  to   space 10752K, 0% used [0x00000000dfd00000,0x00000000dfd00000,0x00000000e0780000)
 ParOldGen       total 89088K, used 13456K [0x0000000082400000, 0x0000000087b00000, 0x00000000d6180000)
  object space 89088K, 15% used [0x0000000082400000,0x00000000831241b0,0x0000000087b00000)
 Metaspace       used 44617K, capacity 46234K, committed 46296K, reserved 1089536K
  class space    used 5836K, capacity 6128K, committed 6144K, reserved 1048576K
Event: 3.630 GC heap after
Heap after GC invocations=11 (full 2):
 PSYoungGen      total 169984K, used 10746K [0x00000000d6180000, 0x00000000e3c80000, 0x0000000100000000)
  eden space 159232K, 0% used [0x00000000d6180000,0x00000000d6180000,0x00000000dfd00000)
  from space 10752K, 99% used [0x00000000dfd00000,0x00000000e077ebe0,0x00000000e0780000)
  to   space 13312K, 0% used [0x00000000e2f80000,0x00000000e2f80000,0x00000000e3c80000)
 ParOldGen       total 89088K, used 16322K [0x0000000082400000, 0x0000000087b00000, 0x00000000d6180000)
  object space 89088K, 18% used [0x0000000082400000,0x00000000833f08a0,0x0000000087b00000)
 Metaspace       used 44617K, capacity 46234K, committed 46296K, reserved 1089536K
  class space    used 5836K, capacity 6128K, committed 6144K, reserved 1048576K
}

