# JRE version: Java(TM) SE Runtime Environment (8.0_131-b11) (build 1.8.0_131-b11)
# Java VM: Java HotSpot(TM) 64-Bit Server VM (25.131-b11 mixed mode windows-amd64 compressed oops)
Heap:
 PSYoungGen      total 209920K, used 75646K [0x00000000d6180000, 0x00000000e7d80000, 0x0000000100000000)
  eden space 195072K, 38% used [0x00000000d6180000,0x00000000dab5fb70,0x00000000e2000000)
  from space 14848K, 0% used [0x00000000e6f00000,0x00000000e6f00000,0x00000000e7d80000)
  to   space 16896K, 0% used [0x00000000e5c80000,0x00000000e5c80000,0x00000000e6d00000)
 ParOldGen       total 81408K, used 36560K [0x0000000082400000, 0x0000000087380000, 0x00000000d6180000)
  object space 81408K, 44% used [0x0000000082400000,0x00000000847b41e8,0x0000000087380000)
 Metaspace       used 37052K, capacity 38252K, committed 38528K, reserved 1083392K
  class space    used 4638K, capacity 4981K, committed 4992K, reserved 1048576K
GC Heap History (10 events):
Event: 2.585 GC heap before
{Heap before GC invocations=6 (full 0):
 PSYoungGen      total 70656K, used 70624K [0x00000000d6180000, 0x00000000dfa80000, 0x0000000100000000)
  eden space 65536K, 100% used [0x00000000d6180000,0x00000000da180000,0x00000000da180000)
  from space 5120K, 99% used [0x00000000da180000,0x00000000da678020,0x00000000da680000)
  to   space 12800K, 0% used [0x00000000dee00000,0x00000000dee00000,0x00000000dfa80000)
 ParOldGen       total 86016K, used 16268K [0x0000000082400000, 0x0000000087800000, 0x00000000d6180000)
  object space 86016K, 18% used [0x0000000082400000,0x00000000833e31d0,0x0000000087800000)
 Metaspace       used 17390K, capacity 17858K, committed 18176K, reserved 1064960K
  class space    used 2040K, capacity 2193K, committed 2304K, reserved 1048576K
Event: 2.595 GC heap after
Heap after GC invocations=6 (full 0):
 PSYoungGen      total 143360K, used 10145K [0x00000000d6180000, 0x00000000dfb80000, 0x0000000100000000)
  eden space 130560K, 0% used [0x00000000d6180000,0x00000000d6180000,0x00000000de100000)
  from space 12800K, 79% used [0x00000000dee00000,0x00000000df7e85e0,0x00000000dfa80000)
  to   space 13312K, 0% used [0x00000000de100000,0x00000000de100000,0x00000000dee00000)
 ParOldGen       total 86016K, used 16276K [0x0000000082400000, 0x0000000087800000, 0x00000000d6180000)
  object space 86016K, 18% used [0x0000000082400000,0x00000000833e51d0,0x0000000087800000)
 Metaspace       used 17390K, capacity 17858K, committed 18176K, reserved 1064960K
  class space    used 2040K, capacity 2193K, committed 2304K, reserved 1048576K
}
Event: 3.293 GC heap before
{Heap before GC invocations=7 (full 0):
 PSYoungGen      total 143360K, used 89131K [0x00000000d6180000, 0x00000000dfb80000, 0x0000000100000000)
  eden space 130560K, 60% used [0x00000000d6180000,0x00000000daea2948,0x00000000de100000)
  from space 12800K, 79% used [0x00000000dee00000,0x00000000df7e85e0,0x00000000dfa80000)
  to   space 13312K, 0% used [0x00000000de100000,0x00000000de100000,0x00000000dee00000)
 ParOldGen       total 86016K, used 16276K [0x0000000082400000, 0x0000000087800000, 0x00000000d6180000)
  object space 86016K, 18% used [0x0000000082400000,0x00000000833e51d0,0x0000000087800000)
 Metaspace       used 20529K, capacity 21144K, committed 21296K, reserved 1069056K
  class space    used 2410K, capacity 2658K, committed 2688K, reserved 1048576K
Event: 3.308 GC heap after
Heap after GC invocations=7 (full 0):
 PSYoungGen      total 143872K, used 13172K [0x00000000d6180000, 0x00000000e7d80000, 0x0000000100000000)
  eden space 130560K, 0% used [0x00000000d6180000,0x00000000d6180000,0x00000000de100000)
  from space 13312K, 98% used [0x00000000de100000,0x00000000deddd148,0x00000000dee00000)
  to   space 14848K, 0% used [0x00000000e6f00000,0x00000000e6f00000,0x00000000e7d80000)
 ParOldGen       total 86016K, used 18134K [0x0000000082400000, 0x0000000087800000, 0x00000000d6180000)
  object space 86016K, 21% used [0x0000000082400000,0x00000000835b5a90,0x0000000087800000)
 Metaspace       used 20529K, capacity 21144K, committed 21296K, reserved 1069056K
  class space    used 2410K, capacity 2658K, committed 2688K, reserved 1048576K
}
Event: 3.308 GC heap before
{Heap before GC invocations=8 (full 1):
 PSYoungGen      total 143872K, used 13172K [0x00000000d6180000, 0x00000000e7d80000, 0x0000000100000000)
  eden space 130560K, 0% used [0x00000000d6180000,0x00000000d6180000,0x00000000de100000)
  from space 13312K, 98% used [0x00000000de100000,0x00000000deddd148,0x00000000dee00000)
  to   space 14848K, 0% used [0x00000000e6f00000,0x00000000e6f00000,0x00000000e7d80000)
 ParOldGen       total 86016K, used 18134K [0x0000000082400000, 0x0000000087800000, 0x00000000d6180000)
  object space 86016K, 21% used [0x0000000082400000,0x00000000835b5a90,0x0000000087800000)
 Metaspace       used 20529K, capacity 21144K, committed 21296K, reserved 1069056K
  class space    used 2410K, capacity 2658K, committed 2688K, reserved 1048576K
Event: 3.376 GC heap after
Heap after GC invocations=8 (full 1):
 PSYoungGen      total 143872K, used 0K [0x00000000d6180000, 0x00000000e7d80000, 0x0000000100000000)
  eden space 130560K, 0% used [0x00000000d6180000,0x00000000d6180000,0x00000000de100000)
  from space 13312K, 0% used [0x00000000de100000,0x00000000de100000,0x00000000dee00000)
  to   space 14848K, 0% used [0x00000000e6f00000,0x00000000e6f00000,0x00000000e7d80000)
 ParOldGen       total 81408K, used 24655K [0x0000000082400000, 0x0000000087380000, 0x00000000d6180000)
  object space 81408K, 30% used [0x0000000082400000,0x0000000083c13c00,0x0000000087380000)
 Metaspace       used 20529K, capacity 21144K, committed 21296K, reserved 1069056K
  class space    used 2410K, capacity 2658K, committed 2688K, reserved 1048576K
}
Event: 4.052 GC heap before
{Heap before GC invocations=9 (full 1):
 PSYoungGen      total 143872K, used 120150K [0x00000000d6180000, 0x00000000e7d80000, 0x0000000100000000)
  eden space 130560K, 92% used [0x00000000d6180000,0x00000000dd6d5ad0,0x00000000de100000)
  from space 13312K, 0% used [0x00000000de100000,0x00000000de100000,0x00000000dee00000)
  to   space 14848K, 0% used [0x00000000e6f00000,0x00000000e6f00000,0x00000000e7d80000)
 ParOldGen       total 81408K, used 24655K [0x0000000082400000, 0x0000000087380000, 0x00000000d6180000)
  object space 81408K, 30% used [0x0000000082400000,0x0000000083c13c00,0x0000000087380000)
 Metaspace       used 34259K, capacity 35334K, committed 35456K, reserved 1079296K
  class space    used 4297K, capacity 4622K, committed 4736K, reserved 1048576K
Event: 4.064 GC heap after
Heap after GC invocations=9 (full 1):
 PSYoungGen      total 209920K, used 14820K [0x00000000d6180000, 0x00000000e7d80000, 0x0000000100000000)
  eden space 195072K, 0% used [0x00000000d6180000,0x00000000d6180000,0x00000000e2000000)
  from space 14848K, 99% used [0x00000000e6f00000,0x00000000e7d79378,0x00000000e7d80000)
  to   space 16896K, 0% used [0x00000000e5c80000,0x00000000e5c80000,0x00000000e6d00000)
 ParOldGen       total 81408K, used 24943K [0x0000000082400000, 0x0000000087380000, 0x00000000d6180000)
  object space 81408K, 30% used [0x0000000082400000,0x0000000083c5bf20,0x0000000087380000)
 Metaspace       used 34259K, capacity 35334K, committed 35456K, reserved 1079296K
  class space    used 4297K, capacity 4622K, committed 4736K, reserved 1048576K
}
Event: 4.065 GC heap before
{Heap before GC invocations=10 (full 2):
 PSYoungGen      total 209920K, used 14820K [0x00000000d6180000, 0x00000000e7d80000, 0x0000000100000000)
  eden space 195072K, 0% used [0x00000000d6180000,0x00000000d6180000,0x00000000e2000000)
  from space 14848K, 99% used [0x00000000e6f00000,0x00000000e7d79378,0x00000000e7d80000)
  to   space 16896K, 0% used [0x00000000e5c80000,0x00000000e5c80000,0x00000000e6d00000)
 ParOldGen       total 81408K, used 24943K [0x0000000082400000, 0x0000000087380000, 0x00000000d6180000)
  object space 81408K, 30% used [0x0000000082400000,0x0000000083c5bf20,0x0000000087380000)
 Metaspace       used 34259K, capacity 35334K, committed 35456K, reserved 1079296K
  class space    used 4297K, capacity 4622K, committed 4736K, reserved 1048576K
Event: 4.105 GC heap after
Heap after GC invocations=10 (full 2):
 PSYoungGen      total 209920K, used 0K [0x00000000d6180000, 0x00000000e7d80000, 0x0000000100000000)
  eden space 195072K, 0% used [0x00000000d6180000,0x00000000d6180000,0x00000000e2000000)
  from space 14848K, 0% used [0x00000000e6f00000,0x00000000e6f00000,0x00000000e7d80000)
  to   space 16896K, 0% used [0x00000000e5c80000,0x00000000e5c80000,0x00000000e6d00000)
 ParOldGen       total 81408K, used 36560K [0x0000000082400000, 0x0000000087380000, 0x00000000d6180000)
  object space 81408K, 44% used [0x0000000082400000,0x00000000847b41e8,0x0000000087380000)
 Metaspace       used 34259K, capacity 35334K, committed 35456K, reserved 1079296K
  class space    used 4297K, capacity 4622K, committed 4736K, reserved 1048576K
}

