# JRE version: Java(TM) SE Runtime Environment (8.0_131-b11) (build 1.8.0_131-b11)
# Java VM: Java HotSpot(TM) 64-Bit Server VM (25.131-b11 mixed mode windows-amd64 compressed oops)
Heap:
 PSYoungGen      total 309760K, used 255722K [0x00000000d6180000, 0x00000000eaf00000, 0x0000000100000000)
  eden space 287232K, 81% used [0x00000000d6180000,0x00000000e4573ff0,0x00000000e7a00000)
  from space 22528K, 98% used [0x00000000e9900000,0x00000000eaec69e8,0x00000000eaf00000)
  to   space 25600K, 0% used [0x00000000e7d00000,0x00000000e7d00000,0x00000000e9600000)
 ParOldGen       total 188416K, used 50413K [0x0000000082400000, 0x000000008dc00000, 0x00000000d6180000)
  object space 188416K, 26% used [0x0000000082400000,0x000000008553b6d8,0x000000008dc00000)
 Metaspace       used 78248K, capacity 82730K, committed 82904K, reserved 1122304K
  class space    used 10104K, capacity 10924K, committed 10968K, reserved 1048576K
GC Heap History (10 events):
Event: 4.427 GC heap before
{Heap before GC invocations=11 (full 2):
 PSYoungGen      total 198656K, used 183296K [0x00000000d6180000, 0x00000000e7f00000, 0x0000000100000000)
  eden space 183296K, 100% used [0x00000000d6180000,0x00000000e1480000,0x00000000e1480000)
  from space 15360K, 0% used [0x00000000e7000000,0x00000000e7000000,0x00000000e7f00000)
  to   space 17920K, 0% used [0x00000000e5c00000,0x00000000e5c00000,0x00000000e6d80000)
 ParOldGen       total 130560K, used 36704K [0x0000000082400000, 0x000000008a380000, 0x00000000d6180000)
  object space 130560K, 28% used [0x0000000082400000,0x00000000847d80f8,0x000000008a380000)
 Metaspace       used 41592K, capacity 43146K, committed 43392K, reserved 1087488K
  class space    used 5305K, capacity 5710K, committed 5760K, reserved 1048576K
Event: 4.440 GC heap after
Heap after GC invocations=11 (full 2):
 PSYoungGen      total 232960K, used 15415K [0x00000000d6180000, 0x00000000e7080000, 0x0000000100000000)
  eden space 217088K, 0% used [0x00000000d6180000,0x00000000d6180000,0x00000000e3580000)
  from space 15872K, 97% used [0x00000000e5c00000,0x00000000e6b0dd38,0x00000000e6b80000)
  to   space 5120K, 0% used [0x00000000e6b80000,0x00000000e6b80000,0x00000000e7080000)
 ParOldGen       total 130560K, used 36776K [0x0000000082400000, 0x000000008a380000, 0x00000000d6180000)
  object space 130560K, 28% used [0x0000000082400000,0x00000000847ea108,0x000000008a380000)
 Metaspace       used 41592K, capacity 43146K, committed 43392K, reserved 1087488K
  class space    used 5305K, capacity 5710K, committed 5760K, reserved 1048576K
}
Event: 5.926 GC heap before
{Heap before GC invocations=12 (full 2):
 PSYoungGen      total 232960K, used 232503K [0x00000000d6180000, 0x00000000e7080000, 0x0000000100000000)
  eden space 217088K, 100% used [0x00000000d6180000,0x00000000e3580000,0x00000000e3580000)
  from space 15872K, 97% used [0x00000000e5c00000,0x00000000e6b0dd38,0x00000000e6b80000)
  to   space 5120K, 0% used [0x00000000e6b80000,0x00000000e6b80000,0x00000000e7080000)
 ParOldGen       total 130560K, used 36776K [0x0000000082400000, 0x000000008a380000, 0x00000000d6180000)
  object space 130560K, 28% used [0x0000000082400000,0x00000000847ea108,0x000000008a380000)
 Metaspace       used 51297K, capacity 53638K, committed 54016K, reserved 1095680K
  class space    used 6543K, capacity 7044K, committed 7168K, reserved 1048576K
Event: 5.941 GC heap after
Heap after GC invocations=12 (full 2):
 PSYoungGen      total 253952K, used 5097K [0x00000000d6180000, 0x00000000e8780000, 0x0000000100000000)
  eden space 248832K, 0% used [0x00000000d6180000,0x00000000d6180000,0x00000000e5480000)
  from space 5120K, 99% used [0x00000000e6b80000,0x00000000e707a770,0x00000000e7080000)
  to   space 23552K, 0% used [0x00000000e5480000,0x00000000e5480000,0x00000000e6b80000)
 ParOldGen       total 130560K, used 57143K [0x0000000082400000, 0x000000008a380000, 0x00000000d6180000)
  object space 130560K, 43% used [0x0000000082400000,0x0000000085bcdcd8,0x000000008a380000)
 Metaspace       used 51297K, capacity 53638K, committed 54016K, reserved 1095680K
  class space    used 6543K, capacity 7044K, committed 7168K, reserved 1048576K
}
Event: 6.278 GC heap before
{Heap before GC invocations=13 (full 2):
 PSYoungGen      total 253952K, used 55378K [0x00000000d6180000, 0x00000000e8780000, 0x0000000100000000)
  eden space 248832K, 20% used [0x00000000d6180000,0x00000000d929a148,0x00000000e5480000)
  from space 5120K, 99% used [0x00000000e6b80000,0x00000000e707a770,0x00000000e7080000)
  to   space 23552K, 0% used [0x00000000e5480000,0x00000000e5480000,0x00000000e6b80000)
 ParOldGen       total 130560K, used 57143K [0x0000000082400000, 0x000000008a380000, 0x00000000d6180000)
  object space 130560K, 43% used [0x0000000082400000,0x0000000085bcdcd8,0x000000008a380000)
 Metaspace       used 56545K, capacity 58962K, committed 59096K, reserved 1099776K
  class space    used 7314K, capacity 7848K, committed 7896K, reserved 1048576K
Event: 6.288 GC heap after
Heap after GC invocations=13 (full 2):
 PSYoungGen      total 272384K, used 10429K [0x00000000d6180000, 0x00000000eaf80000, 0x0000000100000000)
  eden space 248832K, 0% used [0x00000000d6180000,0x00000000d6180000,0x00000000e5480000)
  from space 23552K, 44% used [0x00000000e5480000,0x00000000e5eaf6e0,0x00000000e6b80000)
  to   space 23040K, 0% used [0x00000000e9900000,0x00000000e9900000,0x00000000eaf80000)
 ParOldGen       total 130560K, used 57151K [0x0000000082400000, 0x000000008a380000, 0x00000000d6180000)
  object space 130560K, 43% used [0x0000000082400000,0x0000000085bcfcd8,0x000000008a380000)
 Metaspace       used 56545K, capacity 58962K, committed 59096K, reserved 1099776K
  class space    used 7314K, capacity 7848K, committed 7896K, reserved 1048576K
}
Event: 6.288 GC heap before
{Heap before GC invocations=14 (full 3):
 PSYoungGen      total 272384K, used 10429K [0x00000000d6180000, 0x00000000eaf80000, 0x0000000100000000)
  eden space 248832K, 0% used [0x00000000d6180000,0x00000000d6180000,0x00000000e5480000)
  from space 23552K, 44% used [0x00000000e5480000,0x00000000e5eaf6e0,0x00000000e6b80000)
  to   space 23040K, 0% used [0x00000000e9900000,0x00000000e9900000,0x00000000eaf80000)
 ParOldGen       total 130560K, used 57151K [0x0000000082400000, 0x000000008a380000, 0x00000000d6180000)
  object space 130560K, 43% used [0x0000000082400000,0x0000000085bcfcd8,0x000000008a380000)
 Metaspace       used 56545K, capacity 58962K, committed 59096K, reserved 1099776K
  class space    used 7314K, capacity 7848K, committed 7896K, reserved 1048576K
Event: 6.487 GC heap after
Heap after GC invocations=14 (full 3):
 PSYoungGen      total 272384K, used 0K [0x00000000d6180000, 0x00000000eaf80000, 0x0000000100000000)
  eden space 248832K, 0% used [0x00000000d6180000,0x00000000d6180000,0x00000000e5480000)
  from space 23552K, 0% used [0x00000000e5480000,0x00000000e5480000,0x00000000e6b80000)
  to   space 23040K, 0% used [0x00000000e9900000,0x00000000e9900000,0x00000000eaf80000)
 ParOldGen       total 188416K, used 50405K [0x0000000082400000, 0x000000008dc00000, 0x00000000d6180000)
  object space 188416K, 26% used [0x0000000082400000,0x00000000855396d8,0x000000008dc00000)
 Metaspace       used 56545K, capacity 58962K, committed 59096K, reserved 1099776K
  class space    used 7314K, capacity 7848K, committed 7896K, reserved 1048576K
}
Event: 8.159 GC heap before
{Heap before GC invocations=15 (full 3):
 PSYoungGen      total 272384K, used 248832K [0x00000000d6180000, 0x00000000eaf80000, 0x0000000100000000)
  eden space 248832K, 100% used [0x00000000d6180000,0x00000000e5480000,0x00000000e5480000)
  from space 23552K, 0% used [0x00000000e5480000,0x00000000e5480000,0x00000000e6b80000)
  to   space 23040K, 0% used [0x00000000e9900000,0x00000000e9900000,0x00000000eaf80000)
 ParOldGen       total 188416K, used 50405K [0x0000000082400000, 0x000000008dc00000, 0x00000000d6180000)
  object space 188416K, 26% used [0x0000000082400000,0x00000000855396d8,0x000000008dc00000)
 Metaspace       used 70151K, capacity 73502K, committed 73816K, reserved 1114112K
  class space    used 9079K, capacity 9734K, committed 9816K, reserved 1048576K
Event: 8.181 GC heap after
Heap after GC invocations=15 (full 3):
 PSYoungGen      total 309760K, used 22298K [0x00000000d6180000, 0x00000000eaf00000, 0x0000000100000000)
  eden space 287232K, 0% used [0x00000000d6180000,0x00000000d6180000,0x00000000e7a00000)
  from space 22528K, 98% used [0x00000000e9900000,0x00000000eaec69e8,0x00000000eaf00000)
  to   space 25600K, 0% used [0x00000000e7d00000,0x00000000e7d00000,0x00000000e9600000)
 ParOldGen       total 188416K, used 50413K [0x0000000082400000, 0x000000008dc00000, 0x00000000d6180000)
  object space 188416K, 26% used [0x0000000082400000,0x000000008553b6d8,0x000000008dc00000)
 Metaspace       used 70151K, capacity 73502K, committed 73816K, reserved 1114112K
  class space    used 9079K, capacity 9734K, committed 9816K, reserved 1048576K
}

